[32mINFO    [0m pytest_operator.plugin:plugin.py:862 Model status:

Model  Controller           Cloud/Region         Version  SLA          Timestamp
test   localhost-localhost  localhost/localhost  3.4.4    unsupported  04:01:34Z

App                       Version  Status  Scale  Charm                     Channel      Rev  Exposed  Message
postgresql                14.12    active      3  postgresql                               0  no       
self-signed-certificates           active      1  self-signed-certificates  latest/edge  160  no       

Unit                         Workload  Agent      Machine  Public address  Ports     Message
postgresql/0                 active    idle       0        10.80.162.227   5432/tcp  Primary
postgresql/1                 active    idle       1        10.80.162.172   5432/tcp  
postgresql/2*                active    executing  2        10.80.162.232   5432/tcp  (get-password) 
self-signed-certificates/0*  active    idle       3        10.80.162.22              

Machine  State    Address        Inst id        Base          AZ  Message
0        started  10.80.162.227  juju-95c823-0  ubuntu@22.04      Running
1        started  10.80.162.172  juju-95c823-1  ubuntu@22.04      Running
2        started  10.80.162.232  juju-95c823-2  ubuntu@22.04      Running
3        started  10.80.162.22   juju-95c823-3  ubuntu@22.04      Running

[32mINFO    [0m pytest_operator.plugin:plugin.py:868 Juju error logs:

machine-2: 03:28:33 ERROR juju.worker.dependency "kvm-container-provisioner" manifold worker returned unexpected error: container types not yet available
machine-2: 03:28:33 ERROR juju.worker.dependency "lxd-container-provisioner" manifold worker returned unexpected error: container types not yet available
unit-postgresql-2: 03:28:34 ERROR juju.worker.meterstatus error running "meter-status-changed": charm missing from disk
machine-1: 03:28:42 ERROR juju.worker.dependency "kvm-container-provisioner" manifold worker returned unexpected error: container types not yet available
machine-1: 03:28:42 ERROR juju.worker.dependency "lxd-container-provisioner" manifold worker returned unexpected error: container types not yet available
unit-postgresql-1: 03:28:43 ERROR juju.worker.meterstatus error running "meter-status-changed": charm missing from disk
machine-3: 03:28:44 ERROR juju.worker.dependency "lxd-container-provisioner" manifold worker returned unexpected error: container types not yet available
machine-3: 03:28:44 ERROR juju.worker.dependency "kvm-container-provisioner" manifold worker returned unexpected error: container types not yet available
unit-self-signed-certificates-0: 03:28:45 ERROR juju.worker.meterstatus error running "meter-status-changed": charm missing from disk
machine-0: 03:28:53 ERROR juju.worker.dependency "kvm-container-provisioner" manifold worker returned unexpected error: container types not yet available
machine-0: 03:28:53 ERROR juju.worker.dependency "lxd-container-provisioner" manifold worker returned unexpected error: container types not yet available
unit-postgresql-0: 03:28:53 ERROR juju.worker.meterstatus error running "meter-status-changed": charm missing from disk
unit-postgresql-2: 03:49:13 ERROR unit.postgresql/2.juju-log failed to change plugins: 
Traceback (most recent call last):
  File "/var/lib/juju/agents/unit-postgresql-2/charm/lib/charms/postgresql_k8s/v0/postgresql.py", line 307, in enable_disable_extensions
    with self._connect_to_database() as connection, connection.cursor() as cursor:
  File "/var/lib/juju/agents/unit-postgresql-2/charm/lib/charms/tempo_k8s/v1/charm_tracing.py", line 647, in wrapped_function
    return callable(*args, **kwargs)  # type: ignore
  File "/var/lib/juju/agents/unit-postgresql-2/charm/lib/charms/postgresql_k8s/v0/postgresql.py", line 131, in _connect_to_database
    connection = psycopg2.connect(
  File "/var/lib/juju/agents/unit-postgresql-2/charm/venv/psycopg2/__init__.py", line 122, in connect
    conn = _connect(dsn, connection_factory=connection_factory, **kwasync)
psycopg2.OperationalError: could not translate host name "None" to address: Temporary failure in name resolution


During handling of the above exception, another exception occurred:

Traceback (most recent call last):
  File "/var/lib/juju/agents/unit-postgresql-2/charm/./src/charm.py", line 1015, in enable_disable_extensions
    self.postgresql.enable_disable_extensions(extensions, database)
  File "/var/lib/juju/agents/unit-postgresql-2/charm/lib/charms/tempo_k8s/v1/charm_tracing.py", line 647, in wrapped_function
    return callable(*args, **kwargs)  # type: ignore
  File "/var/lib/juju/agents/unit-postgresql-2/charm/lib/charms/postgresql_k8s/v0/postgresql.py", line 331, in enable_disable_extensions
    raise PostgreSQLEnableDisableExtensionError()
charms.postgresql_k8s.v0.postgresql.PostgreSQLEnableDisableExtensionError
unit-postgresql-2: 03:52:26 ERROR unit.postgresql/2.juju-log Failed to list PostgreSQL database users: could not translate host name "None" to address: Temporary failure in name resolution

unit-postgresql-2: 03:53:15 ERROR unit.postgresql/2.juju-log Failed to list PostgreSQL database users: could not translate host name "None" to address: Temporary failure in name resolution


[32mINFO    [0m pytest_operator.plugin:plugin.py:947 Forgetting model main...