[32mINFO    [0m integration.test_backups:test_backups.py:84 deleting the previously created backups
[32mINFO    [0m pytest_operator.plugin:plugin.py:862 Model status:

Model  Controller           Cloud/Region         Version  SLA          Timestamp
test   localhost-localhost  localhost/localhost  3.1.8    unsupported  03:20:21Z

App                       Version  Status   Scale  Charm                     Channel        Rev  Exposed  Message
postgresql-gcp            14.11    active       2  postgresql                                 1  no       
s3-integrator                      blocked      1  s3-integrator             latest/stable   23  no       Missing parameters: ['access-key', 'secret-key']
self-signed-certificates           active       1  self-signed-certificates  latest/edge    156  no       

Unit                         Workload  Agent  Machine  Public address  Ports     Message
postgresql-gcp/0             active    idle   5        10.247.203.186  5432/tcp  
postgresql-gcp/1*            active    idle   6        10.247.203.197  5432/tcp  Primary
s3-integrator/0*             blocked   idle   0        10.247.203.89             Missing parameters: ['access-key', 'secret-key']
self-signed-certificates/0*  active    idle   1        10.247.203.79             

Machine  State    Address         Inst id        Base          AZ  Message
0        started  10.247.203.89   juju-3ef1af-0  ubuntu@22.04      Running
1        started  10.247.203.79   juju-3ef1af-1  ubuntu@22.04      Running
5        started  10.247.203.186  juju-3ef1af-5  ubuntu@22.04      Running
6        started  10.247.203.197  juju-3ef1af-6  ubuntu@22.04      Running

[32mINFO    [0m pytest_operator.plugin:plugin.py:868 Juju error logs:

machine-0: 02:13:10 ERROR juju.worker.dependency "broker-tracker" manifold worker returned unexpected error: no container types determined
machine-0: 02:13:10 ERROR juju.worker.dependency "lxd-container-provisioner" manifold worker returned unexpected error: container types not yet available
machine-0: 02:13:10 ERROR juju.worker.dependency "kvm-container-provisioner" manifold worker returned unexpected error: container types not yet available
unit-s3-integrator-0: 02:13:10 ERROR juju.worker.meterstatus error running "meter-status-changed": charm missing from disk
machine-1: 02:13:31 ERROR juju.worker.dependency "broker-tracker" manifold worker returned unexpected error: no container types determined
machine-1: 02:13:31 ERROR juju.worker.dependency "lxd-container-provisioner" manifold worker returned unexpected error: container types not yet available
machine-1: 02:13:31 ERROR juju.worker.dependency "kvm-container-provisioner" manifold worker returned unexpected error: container types not yet available
unit-self-signed-certificates-0: 02:13:34 ERROR juju.worker.meterstatus error running "meter-status-changed": charm missing from disk
machine-3: 02:14:37 ERROR juju.worker.dependency "broker-tracker" manifold worker returned unexpected error: no container types determined
machine-3: 02:14:37 ERROR juju.worker.dependency "kvm-container-provisioner" manifold worker returned unexpected error: container types not yet available
machine-3: 02:14:37 ERROR juju.worker.dependency "lxd-container-provisioner" manifold worker returned unexpected error: container types not yet available
unit-postgresql-aws-1: 02:14:37 ERROR juju.worker.meterstatus error running "meter-status-changed": charm missing from disk
machine-2: 02:14:42 ERROR juju.worker.dependency "kvm-container-provisioner" manifold worker returned unexpected error: container types not yet available
machine-2: 02:14:42 ERROR juju.worker.dependency "broker-tracker" manifold worker returned unexpected error: no container types determined
machine-2: 02:14:42 ERROR juju.worker.dependency "lxd-container-provisioner" manifold worker returned unexpected error: container types not yet available
unit-postgresql-aws-0: 02:14:42 ERROR juju.worker.meterstatus error running "meter-status-changed": charm missing from disk
unit-postgresql-aws-1: 02:31:13 ERROR unit.postgresql-aws/1.juju-log database-peers:3: RetryError[<Future at 0xffff8c52d330 state=finished raised Exception>]
Traceback (most recent call last):
  File "/var/lib/juju/agents/unit-postgresql-aws-1/charm/src/backups.py", line 493, in check_stanza
    raise Exception(stderr)
Exception: WARN: unable to check pg2: [HostConnectError] unable to connect to '10.247.203.234:8432': [111] Connection refused
          [HostConnectError] on 12 retries from 102-60001ms: unable to connect to '10.247.203.234:8432': [111] Connection refused
ERROR: [049]: unable to connect to '10.247.203.234:8432': [111] Connection refused
           [HostConnectError] on 12 retries from 101-60001ms: unable to connect to '10.247.203.234:8432': [111] Connection refused


The above exception was the direct cause of the following exception:

Traceback (most recent call last):
  File "/var/lib/juju/agents/unit-postgresql-aws-1/charm/src/backups.py", line 482, in check_stanza
    for attempt in Retrying(stop=stop_after_attempt(5), wait=wait_fixed(3)):
  File "/var/lib/juju/agents/unit-postgresql-aws-1/charm/venv/tenacity/__init__.py", line 437, in __iter__
    do = self.iter(retry_state=retry_state)
  File "/var/lib/juju/agents/unit-postgresql-aws-1/charm/venv/tenacity/__init__.py", line 370, in iter
    result = action(retry_state)
  File "/var/lib/juju/agents/unit-postgresql-aws-1/charm/venv/tenacity/__init__.py", line 413, in exc_check
    raise retry_exc from fut.exception()
tenacity.RetryError: RetryError[<Future at 0xffff8c52d330 state=finished raised Exception>]
machine-4: 02:49:29 ERROR juju.worker.dependency "kvm-container-provisioner" manifold worker returned unexpected error: container types not yet available
machine-4: 02:49:29 ERROR juju.worker.dependency "broker-tracker" manifold worker returned unexpected error: no container types determined
machine-4: 02:49:29 ERROR juju.worker.dependency "lxd-container-provisioner" manifold worker returned unexpected error: container types not yet available
unit-postgresql-aws-2: 02:49:29 ERROR juju.worker.meterstatus error running "meter-status-changed": charm missing from disk
machine-6: 02:56:14 ERROR juju.worker.dependency "kvm-container-provisioner" manifold worker returned unexpected error: container types not yet available
machine-6: 02:56:14 ERROR juju.worker.dependency "lxd-container-provisioner" manifold worker returned unexpected error: container types not yet available
machine-6: 02:56:14 ERROR juju.worker.dependency "broker-tracker" manifold worker returned unexpected error: no container types determined
unit-postgresql-gcp-1: 02:56:15 ERROR juju.worker.meterstatus error running "meter-status-changed": charm missing from disk
machine-5: 02:56:15 ERROR juju.worker.dependency "broker-tracker" manifold worker returned unexpected error: no container types determined
machine-5: 02:56:15 ERROR juju.worker.dependency "kvm-container-provisioner" manifold worker returned unexpected error: container types not yet available
machine-5: 02:56:15 ERROR juju.worker.dependency "lxd-container-provisioner" manifold worker returned unexpected error: container types not yet available
unit-postgresql-gcp-0: 02:56:16 ERROR juju.worker.meterstatus error running "meter-status-changed": charm missing from disk

[32mINFO    [0m pytest_operator.plugin:plugin.py:947 Forgetting model main...