{"uid":"a894573e08e16ea2","name":"test_deploy_async_replication_setup","fullName":"tests.integration.ha_tests.test_async_replication#test_deploy_async_replication_setup","historyId":"d78aa2d7506528b71f817b6a92e55938","time":{"start":1718770783012,"stop":1718772823706,"duration":2040694},"description":"Build and deploy two PostgreSQL cluster in two separate models to test async replication.","descriptionHtml":"<p>Build and deploy two PostgreSQL cluster in two separate models to test async replication.</p>\n","status":"broken","statusMessage":"asyncio.exceptions.TimeoutError: Timed out waiting for model:\npostgresql/0 [idle] waiting: awaiting for member to start\n  postgresql/1 [idle] active: Primary\n  postgresql/2 [idle] active:","statusTrace":"Traceback (most recent call last):\n  File \"/home/ubuntu/actions-runner/_work/test-runners-2-is-arm64-postgresql-operator/test-runners-2-is-arm64-postgresql-operator/.tox/integration/lib/python3.10/site-packages/_pytest/runner.py\", line 341, in from_call\n    result: Optional[TResult] = func()\n  File \"/home/ubuntu/actions-runner/_work/test-runners-2-is-arm64-postgresql-operator/test-runners-2-is-arm64-postgresql-operator/.tox/integration/lib/python3.10/site-packages/_pytest/runner.py\", line 241, in <lambda>\n    lambda: runtest_hook(item=item, **kwds), when=when, reraise=reraise\n  File \"/home/ubuntu/actions-runner/_work/test-runners-2-is-arm64-postgresql-operator/test-runners-2-is-arm64-postgresql-operator/.tox/integration/lib/python3.10/site-packages/pluggy/_hooks.py\", line 513, in __call__\n    return self._hookexec(self.name, self._hookimpls.copy(), kwargs, firstresult)\n  File \"/home/ubuntu/actions-runner/_work/test-runners-2-is-arm64-postgresql-operator/test-runners-2-is-arm64-postgresql-operator/.tox/integration/lib/python3.10/site-packages/pluggy/_manager.py\", line 120, in _hookexec\n    return self._inner_hookexec(hook_name, methods, kwargs, firstresult)\n  File \"/home/ubuntu/actions-runner/_work/test-runners-2-is-arm64-postgresql-operator/test-runners-2-is-arm64-postgresql-operator/.tox/integration/lib/python3.10/site-packages/pluggy/_callers.py\", line 182, in _multicall\n    return outcome.get_result()\n  File \"/home/ubuntu/actions-runner/_work/test-runners-2-is-arm64-postgresql-operator/test-runners-2-is-arm64-postgresql-operator/.tox/integration/lib/python3.10/site-packages/pluggy/_result.py\", line 100, in get_result\n    raise exc.with_traceback(exc.__traceback__)\n  File \"/home/ubuntu/actions-runner/_work/test-runners-2-is-arm64-postgresql-operator/test-runners-2-is-arm64-postgresql-operator/.tox/integration/lib/python3.10/site-packages/pluggy/_callers.py\", line 167, in _multicall\n    teardown.throw(outcome._exception)\n  File \"/home/ubuntu/actions-runner/_work/test-runners-2-is-arm64-postgresql-operator/test-runners-2-is-arm64-postgresql-operator/.tox/integration/lib/python3.10/site-packages/_pytest/threadexception.py\", line 87, in pytest_runtest_call\n    yield from thread_exception_runtest_hook()\n  File \"/home/ubuntu/actions-runner/_work/test-runners-2-is-arm64-postgresql-operator/test-runners-2-is-arm64-postgresql-operator/.tox/integration/lib/python3.10/site-packages/_pytest/threadexception.py\", line 63, in thread_exception_runtest_hook\n    yield\n  File \"/home/ubuntu/actions-runner/_work/test-runners-2-is-arm64-postgresql-operator/test-runners-2-is-arm64-postgresql-operator/.tox/integration/lib/python3.10/site-packages/pluggy/_callers.py\", line 167, in _multicall\n    teardown.throw(outcome._exception)\n  File \"/home/ubuntu/actions-runner/_work/test-runners-2-is-arm64-postgresql-operator/test-runners-2-is-arm64-postgresql-operator/.tox/integration/lib/python3.10/site-packages/_pytest/unraisableexception.py\", line 90, in pytest_runtest_call\n    yield from unraisable_exception_runtest_hook()\n  File \"/home/ubuntu/actions-runner/_work/test-runners-2-is-arm64-postgresql-operator/test-runners-2-is-arm64-postgresql-operator/.tox/integration/lib/python3.10/site-packages/_pytest/unraisableexception.py\", line 65, in unraisable_exception_runtest_hook\n    yield\n  File \"/home/ubuntu/actions-runner/_work/test-runners-2-is-arm64-postgresql-operator/test-runners-2-is-arm64-postgresql-operator/.tox/integration/lib/python3.10/site-packages/pluggy/_callers.py\", line 167, in _multicall\n    teardown.throw(outcome._exception)\n  File \"/home/ubuntu/actions-runner/_work/test-runners-2-is-arm64-postgresql-operator/test-runners-2-is-arm64-postgresql-operator/.tox/integration/lib/python3.10/site-packages/_pytest/logging.py\", line 850, in pytest_runtest_call\n    yield from self._runtest_for(item, \"call\")\n  File \"/home/ubuntu/actions-runner/_work/test-runners-2-is-arm64-postgresql-operator/test-runners-2-is-arm64-postgresql-operator/.tox/integration/lib/python3.10/site-packages/_pytest/logging.py\", line 833, in _runtest_for\n    yield\n  File \"/home/ubuntu/actions-runner/_work/test-runners-2-is-arm64-postgresql-operator/test-runners-2-is-arm64-postgresql-operator/.tox/integration/lib/python3.10/site-packages/pluggy/_callers.py\", line 167, in _multicall\n    teardown.throw(outcome._exception)\n  File \"/home/ubuntu/actions-runner/_work/test-runners-2-is-arm64-postgresql-operator/test-runners-2-is-arm64-postgresql-operator/.tox/integration/lib/python3.10/site-packages/_pytest/capture.py\", line 878, in pytest_runtest_call\n    return (yield)\n  File \"/home/ubuntu/actions-runner/_work/test-runners-2-is-arm64-postgresql-operator/test-runners-2-is-arm64-postgresql-operator/.tox/integration/lib/python3.10/site-packages/pluggy/_callers.py\", line 167, in _multicall\n    teardown.throw(outcome._exception)\n  File \"/home/ubuntu/actions-runner/_work/test-runners-2-is-arm64-postgresql-operator/test-runners-2-is-arm64-postgresql-operator/.tox/integration/lib/python3.10/site-packages/_pytest/skipping.py\", line 257, in pytest_runtest_call\n    return (yield)\n  File \"/home/ubuntu/actions-runner/_work/test-runners-2-is-arm64-postgresql-operator/test-runners-2-is-arm64-postgresql-operator/.tox/integration/lib/python3.10/site-packages/pluggy/_callers.py\", line 103, in _multicall\n    res = hook_impl.function(*args)\n  File \"/home/ubuntu/actions-runner/_work/test-runners-2-is-arm64-postgresql-operator/test-runners-2-is-arm64-postgresql-operator/.tox/integration/lib/python3.10/site-packages/_pytest/runner.py\", line 183, in pytest_runtest_call\n    raise e\n  File \"/home/ubuntu/actions-runner/_work/test-runners-2-is-arm64-postgresql-operator/test-runners-2-is-arm64-postgresql-operator/.tox/integration/lib/python3.10/site-packages/_pytest/runner.py\", line 173, in pytest_runtest_call\n    item.runtest()\n  File \"/home/ubuntu/actions-runner/_work/test-runners-2-is-arm64-postgresql-operator/test-runners-2-is-arm64-postgresql-operator/.tox/integration/lib/python3.10/site-packages/_pytest/python.py\", line 1627, in runtest\n    self.ihook.pytest_pyfunc_call(pyfuncitem=self)\n  File \"/home/ubuntu/actions-runner/_work/test-runners-2-is-arm64-postgresql-operator/test-runners-2-is-arm64-postgresql-operator/.tox/integration/lib/python3.10/site-packages/pluggy/_hooks.py\", line 513, in __call__\n    return self._hookexec(self.name, self._hookimpls.copy(), kwargs, firstresult)\n  File \"/home/ubuntu/actions-runner/_work/test-runners-2-is-arm64-postgresql-operator/test-runners-2-is-arm64-postgresql-operator/.tox/integration/lib/python3.10/site-packages/pluggy/_manager.py\", line 120, in _hookexec\n    return self._inner_hookexec(hook_name, methods, kwargs, firstresult)\n  File \"/home/ubuntu/actions-runner/_work/test-runners-2-is-arm64-postgresql-operator/test-runners-2-is-arm64-postgresql-operator/.tox/integration/lib/python3.10/site-packages/pluggy/_callers.py\", line 182, in _multicall\n    return outcome.get_result()\n  File \"/home/ubuntu/actions-runner/_work/test-runners-2-is-arm64-postgresql-operator/test-runners-2-is-arm64-postgresql-operator/.tox/integration/lib/python3.10/site-packages/pluggy/_result.py\", line 100, in get_result\n    raise exc.with_traceback(exc.__traceback__)\n  File \"/home/ubuntu/actions-runner/_work/test-runners-2-is-arm64-postgresql-operator/test-runners-2-is-arm64-postgresql-operator/.tox/integration/lib/python3.10/site-packages/pluggy/_callers.py\", line 103, in _multicall\n    res = hook_impl.function(*args)\n  File \"/home/ubuntu/actions-runner/_work/test-runners-2-is-arm64-postgresql-operator/test-runners-2-is-arm64-postgresql-operator/.tox/integration/lib/python3.10/site-packages/_pytest/python.py\", line 162, in pytest_pyfunc_call\n    result = testfunction(**testargs)\n  File \"/home/ubuntu/actions-runner/_work/test-runners-2-is-arm64-postgresql-operator/test-runners-2-is-arm64-postgresql-operator/.tox/integration/lib/python3.10/site-packages/pytest_asyncio/plugin.py\", line 529, in inner\n    _loop.run_until_complete(task)\n  File \"/usr/lib/python3.10/asyncio/base_events.py\", line 649, in run_until_complete\n    return future.result()\n  File \"/home/ubuntu/actions-runner/_work/test-runners-2-is-arm64-postgresql-operator/test-runners-2-is-arm64-postgresql-operator/tests/integration/ha_tests/test_async_replication.py\", line 129, in test_deploy_async_replication_setup\n    await gather(\n  File \"/home/ubuntu/actions-runner/_work/test-runners-2-is-arm64-postgresql-operator/test-runners-2-is-arm64-postgresql-operator/.tox/integration/lib/python3.10/site-packages/juju/model.py\", line 2956, in wait_for_idle\n    raise jasyncio.TimeoutError(\"Timed out waiting for model:\\n\" + busy)\nasyncio.exceptions.TimeoutError: Timed out waiting for model:\npostgresql/0 [idle] waiting: awaiting for member to start\n  postgresql/1 [idle] active: Primary\n  postgresql/2 [idle] active:","flaky":false,"newFailed":false,"newBroken":true,"newPassed":false,"retriesCount":1,"retriesStatusChange":true,"beforeStages":[{"name":"event_loop","time":{"start":1718770781678,"stop":1718770781678,"duration":0},"status":"passed","steps":[],"attachments":[],"parameters":[],"stepsCount":0,"shouldDisplayMessage":false,"attachmentsCount":0,"hasContent":false,"attachmentStep":false},{"name":"ops_test","time":{"start":1718770781679,"stop":1718770781924,"duration":245},"status":"passed","steps":[],"attachments":[],"parameters":[],"stepsCount":0,"shouldDisplayMessage":false,"attachmentsCount":0,"hasContent":false,"attachmentStep":false},{"name":"tmp_path_factory","time":{"start":1718770781679,"stop":1718770781679,"duration":0},"status":"passed","steps":[],"attachments":[],"parameters":[],"stepsCount":0,"shouldDisplayMessage":false,"attachmentsCount":0,"hasContent":false,"attachmentStep":false},{"name":"first_model","time":{"start":1718770781924,"stop":1718770781924,"duration":0},"status":"passed","steps":[],"attachments":[],"parameters":[],"stepsCount":0,"shouldDisplayMessage":false,"attachmentsCount":0,"hasContent":false,"attachmentStep":false},{"name":"second_model","time":{"start":1718770781925,"stop":1718770783008,"duration":1083},"status":"passed","steps":[],"attachments":[],"parameters":[],"stepsCount":0,"shouldDisplayMessage":false,"attachmentsCount":0,"hasContent":false,"attachmentStep":false},{"name":"charm","time":{"start":1718770783009,"stop":1718770783011,"duration":2},"status":"passed","steps":[],"attachments":[],"parameters":[],"stepsCount":0,"shouldDisplayMessage":false,"attachmentsCount":0,"hasContent":false,"attachmentStep":false},{"name":"abort_on_fail","time":{"start":1718770783011,"stop":1718770783011,"duration":0},"status":"passed","steps":[],"attachments":[],"parameters":[],"stepsCount":0,"shouldDisplayMessage":false,"attachmentsCount":0,"hasContent":false,"attachmentStep":false}],"testStage":{"description":"Build and deploy two PostgreSQL cluster in two separate models to test async replication.","status":"broken","statusMessage":"asyncio.exceptions.TimeoutError: Timed out waiting for model:\npostgresql/0 [idle] waiting: awaiting for member to start\n  postgresql/1 [idle] active: Primary\n  postgresql/2 [idle] active:","statusTrace":"Traceback (most recent call last):\n  File \"/home/ubuntu/actions-runner/_work/test-runners-2-is-arm64-postgresql-operator/test-runners-2-is-arm64-postgresql-operator/.tox/integration/lib/python3.10/site-packages/_pytest/runner.py\", line 341, in from_call\n    result: Optional[TResult] = func()\n  File \"/home/ubuntu/actions-runner/_work/test-runners-2-is-arm64-postgresql-operator/test-runners-2-is-arm64-postgresql-operator/.tox/integration/lib/python3.10/site-packages/_pytest/runner.py\", line 241, in <lambda>\n    lambda: runtest_hook(item=item, **kwds), when=when, reraise=reraise\n  File \"/home/ubuntu/actions-runner/_work/test-runners-2-is-arm64-postgresql-operator/test-runners-2-is-arm64-postgresql-operator/.tox/integration/lib/python3.10/site-packages/pluggy/_hooks.py\", line 513, in __call__\n    return self._hookexec(self.name, self._hookimpls.copy(), kwargs, firstresult)\n  File \"/home/ubuntu/actions-runner/_work/test-runners-2-is-arm64-postgresql-operator/test-runners-2-is-arm64-postgresql-operator/.tox/integration/lib/python3.10/site-packages/pluggy/_manager.py\", line 120, in _hookexec\n    return self._inner_hookexec(hook_name, methods, kwargs, firstresult)\n  File \"/home/ubuntu/actions-runner/_work/test-runners-2-is-arm64-postgresql-operator/test-runners-2-is-arm64-postgresql-operator/.tox/integration/lib/python3.10/site-packages/pluggy/_callers.py\", line 182, in _multicall\n    return outcome.get_result()\n  File \"/home/ubuntu/actions-runner/_work/test-runners-2-is-arm64-postgresql-operator/test-runners-2-is-arm64-postgresql-operator/.tox/integration/lib/python3.10/site-packages/pluggy/_result.py\", line 100, in get_result\n    raise exc.with_traceback(exc.__traceback__)\n  File \"/home/ubuntu/actions-runner/_work/test-runners-2-is-arm64-postgresql-operator/test-runners-2-is-arm64-postgresql-operator/.tox/integration/lib/python3.10/site-packages/pluggy/_callers.py\", line 167, in _multicall\n    teardown.throw(outcome._exception)\n  File \"/home/ubuntu/actions-runner/_work/test-runners-2-is-arm64-postgresql-operator/test-runners-2-is-arm64-postgresql-operator/.tox/integration/lib/python3.10/site-packages/_pytest/threadexception.py\", line 87, in pytest_runtest_call\n    yield from thread_exception_runtest_hook()\n  File \"/home/ubuntu/actions-runner/_work/test-runners-2-is-arm64-postgresql-operator/test-runners-2-is-arm64-postgresql-operator/.tox/integration/lib/python3.10/site-packages/_pytest/threadexception.py\", line 63, in thread_exception_runtest_hook\n    yield\n  File \"/home/ubuntu/actions-runner/_work/test-runners-2-is-arm64-postgresql-operator/test-runners-2-is-arm64-postgresql-operator/.tox/integration/lib/python3.10/site-packages/pluggy/_callers.py\", line 167, in _multicall\n    teardown.throw(outcome._exception)\n  File \"/home/ubuntu/actions-runner/_work/test-runners-2-is-arm64-postgresql-operator/test-runners-2-is-arm64-postgresql-operator/.tox/integration/lib/python3.10/site-packages/_pytest/unraisableexception.py\", line 90, in pytest_runtest_call\n    yield from unraisable_exception_runtest_hook()\n  File \"/home/ubuntu/actions-runner/_work/test-runners-2-is-arm64-postgresql-operator/test-runners-2-is-arm64-postgresql-operator/.tox/integration/lib/python3.10/site-packages/_pytest/unraisableexception.py\", line 65, in unraisable_exception_runtest_hook\n    yield\n  File \"/home/ubuntu/actions-runner/_work/test-runners-2-is-arm64-postgresql-operator/test-runners-2-is-arm64-postgresql-operator/.tox/integration/lib/python3.10/site-packages/pluggy/_callers.py\", line 167, in _multicall\n    teardown.throw(outcome._exception)\n  File \"/home/ubuntu/actions-runner/_work/test-runners-2-is-arm64-postgresql-operator/test-runners-2-is-arm64-postgresql-operator/.tox/integration/lib/python3.10/site-packages/_pytest/logging.py\", line 850, in pytest_runtest_call\n    yield from self._runtest_for(item, \"call\")\n  File \"/home/ubuntu/actions-runner/_work/test-runners-2-is-arm64-postgresql-operator/test-runners-2-is-arm64-postgresql-operator/.tox/integration/lib/python3.10/site-packages/_pytest/logging.py\", line 833, in _runtest_for\n    yield\n  File \"/home/ubuntu/actions-runner/_work/test-runners-2-is-arm64-postgresql-operator/test-runners-2-is-arm64-postgresql-operator/.tox/integration/lib/python3.10/site-packages/pluggy/_callers.py\", line 167, in _multicall\n    teardown.throw(outcome._exception)\n  File \"/home/ubuntu/actions-runner/_work/test-runners-2-is-arm64-postgresql-operator/test-runners-2-is-arm64-postgresql-operator/.tox/integration/lib/python3.10/site-packages/_pytest/capture.py\", line 878, in pytest_runtest_call\n    return (yield)\n  File \"/home/ubuntu/actions-runner/_work/test-runners-2-is-arm64-postgresql-operator/test-runners-2-is-arm64-postgresql-operator/.tox/integration/lib/python3.10/site-packages/pluggy/_callers.py\", line 167, in _multicall\n    teardown.throw(outcome._exception)\n  File \"/home/ubuntu/actions-runner/_work/test-runners-2-is-arm64-postgresql-operator/test-runners-2-is-arm64-postgresql-operator/.tox/integration/lib/python3.10/site-packages/_pytest/skipping.py\", line 257, in pytest_runtest_call\n    return (yield)\n  File \"/home/ubuntu/actions-runner/_work/test-runners-2-is-arm64-postgresql-operator/test-runners-2-is-arm64-postgresql-operator/.tox/integration/lib/python3.10/site-packages/pluggy/_callers.py\", line 103, in _multicall\n    res = hook_impl.function(*args)\n  File \"/home/ubuntu/actions-runner/_work/test-runners-2-is-arm64-postgresql-operator/test-runners-2-is-arm64-postgresql-operator/.tox/integration/lib/python3.10/site-packages/_pytest/runner.py\", line 183, in pytest_runtest_call\n    raise e\n  File \"/home/ubuntu/actions-runner/_work/test-runners-2-is-arm64-postgresql-operator/test-runners-2-is-arm64-postgresql-operator/.tox/integration/lib/python3.10/site-packages/_pytest/runner.py\", line 173, in pytest_runtest_call\n    item.runtest()\n  File \"/home/ubuntu/actions-runner/_work/test-runners-2-is-arm64-postgresql-operator/test-runners-2-is-arm64-postgresql-operator/.tox/integration/lib/python3.10/site-packages/_pytest/python.py\", line 1627, in runtest\n    self.ihook.pytest_pyfunc_call(pyfuncitem=self)\n  File \"/home/ubuntu/actions-runner/_work/test-runners-2-is-arm64-postgresql-operator/test-runners-2-is-arm64-postgresql-operator/.tox/integration/lib/python3.10/site-packages/pluggy/_hooks.py\", line 513, in __call__\n    return self._hookexec(self.name, self._hookimpls.copy(), kwargs, firstresult)\n  File \"/home/ubuntu/actions-runner/_work/test-runners-2-is-arm64-postgresql-operator/test-runners-2-is-arm64-postgresql-operator/.tox/integration/lib/python3.10/site-packages/pluggy/_manager.py\", line 120, in _hookexec\n    return self._inner_hookexec(hook_name, methods, kwargs, firstresult)\n  File \"/home/ubuntu/actions-runner/_work/test-runners-2-is-arm64-postgresql-operator/test-runners-2-is-arm64-postgresql-operator/.tox/integration/lib/python3.10/site-packages/pluggy/_callers.py\", line 182, in _multicall\n    return outcome.get_result()\n  File \"/home/ubuntu/actions-runner/_work/test-runners-2-is-arm64-postgresql-operator/test-runners-2-is-arm64-postgresql-operator/.tox/integration/lib/python3.10/site-packages/pluggy/_result.py\", line 100, in get_result\n    raise exc.with_traceback(exc.__traceback__)\n  File \"/home/ubuntu/actions-runner/_work/test-runners-2-is-arm64-postgresql-operator/test-runners-2-is-arm64-postgresql-operator/.tox/integration/lib/python3.10/site-packages/pluggy/_callers.py\", line 103, in _multicall\n    res = hook_impl.function(*args)\n  File \"/home/ubuntu/actions-runner/_work/test-runners-2-is-arm64-postgresql-operator/test-runners-2-is-arm64-postgresql-operator/.tox/integration/lib/python3.10/site-packages/_pytest/python.py\", line 162, in pytest_pyfunc_call\n    result = testfunction(**testargs)\n  File \"/home/ubuntu/actions-runner/_work/test-runners-2-is-arm64-postgresql-operator/test-runners-2-is-arm64-postgresql-operator/.tox/integration/lib/python3.10/site-packages/pytest_asyncio/plugin.py\", line 529, in inner\n    _loop.run_until_complete(task)\n  File \"/usr/lib/python3.10/asyncio/base_events.py\", line 649, in run_until_complete\n    return future.result()\n  File \"/home/ubuntu/actions-runner/_work/test-runners-2-is-arm64-postgresql-operator/test-runners-2-is-arm64-postgresql-operator/tests/integration/ha_tests/test_async_replication.py\", line 129, in test_deploy_async_replication_setup\n    await gather(\n  File \"/home/ubuntu/actions-runner/_work/test-runners-2-is-arm64-postgresql-operator/test-runners-2-is-arm64-postgresql-operator/.tox/integration/lib/python3.10/site-packages/juju/model.py\", line 2956, in wait_for_idle\n    raise jasyncio.TimeoutError(\"Timed out waiting for model:\\n\" + busy)\nasyncio.exceptions.TimeoutError: Timed out waiting for model:\npostgresql/0 [idle] waiting: awaiting for member to start\n  postgresql/1 [idle] active: Primary\n  postgresql/2 [idle] active:","steps":[],"attachments":[{"uid":"b4e001ea55900e10","name":"log","source":"b4e001ea55900e10.txt","type":"text/plain","size":23504}],"parameters":[],"stepsCount":0,"shouldDisplayMessage":true,"attachmentsCount":1,"hasContent":true,"attachmentStep":false},"afterStages":[{"name":"abort_on_fail::0","time":{"start":1718772823729,"stop":1718772823730,"duration":1},"status":"passed","steps":[],"attachments":[],"parameters":[],"stepsCount":0,"shouldDisplayMessage":false,"attachmentsCount":0,"hasContent":false,"attachmentStep":false},{"name":"charm::finalizer","time":{"start":1718772823776,"stop":1718772823776,"duration":0},"status":"passed","steps":[],"attachments":[],"parameters":[],"stepsCount":0,"shouldDisplayMessage":false,"attachmentsCount":0,"hasContent":false,"attachmentStep":false},{"name":"second_model::finalizer","time":{"start":1718772823776,"stop":1718772824198,"duration":422},"status":"passed","steps":[],"attachments":[],"parameters":[],"stepsCount":0,"shouldDisplayMessage":false,"attachmentsCount":0,"hasContent":false,"attachmentStep":false},{"name":"ops_test::finalizer","time":{"start":1718772824199,"stop":1718772833630,"duration":9431},"status":"passed","steps":[],"attachments":[],"parameters":[],"stepsCount":0,"shouldDisplayMessage":false,"attachmentsCount":0,"hasContent":false,"attachmentStep":false},{"name":"event_loop::2","time":{"start":1718772833632,"stop":1718772833633,"duration":1},"status":"passed","steps":[],"attachments":[],"parameters":[],"stepsCount":0,"shouldDisplayMessage":false,"attachmentsCount":0,"hasContent":false,"attachmentStep":false},{"name":"event_loop::_close_event_loop","time":{"start":1718772833633,"stop":1718772833633,"duration":0},"status":"passed","steps":[],"attachments":[],"parameters":[],"stepsCount":0,"shouldDisplayMessage":false,"attachmentsCount":0,"hasContent":false,"attachmentStep":false},{"name":"event_loop::_provide_clean_event_loop","time":{"start":1718772833633,"stop":1718772833633,"duration":0},"status":"passed","steps":[],"attachments":[],"parameters":[],"stepsCount":0,"shouldDisplayMessage":false,"attachmentsCount":0,"hasContent":false,"attachmentStep":false}],"labels":[{"name":"tag","value":"abort_on_fail"},{"name":"tag","value":"@pytest.mark.skipif(False, reason='Requires juju 3')"},{"name":"tag","value":"group(1)"},{"name":"tag","value":"asyncio"},{"name":"parentSuite","value":"tests.integration.ha_tests"},{"name":"suite","value":"test_async_replication"},{"name":"host","value":"openstack-arm-large-20-657b95cce585800540b5391a"},{"name":"thread","value":"10069-MainThread"},{"name":"framework","value":"pytest"},{"name":"language","value":"cpython3"},{"name":"package","value":"tests.integration.ha_tests.test_async_replication"},{"name":"resultFormat","value":"allure2"}],"parameters":[],"links":[],"hidden":false,"retry":false,"extra":{"severity":"normal","retries":[{"uid":"1624ce8f36cd6761","status":"unknown","time":{}}],"categories":[{"name":"Test defects","matchedStatuses":[],"flaky":false}],"history":{"statistic":{"failed":0,"broken":2,"skipped":0,"passed":1,"unknown":8,"total":11},"items":[{"uid":"7590fa6cefd7a9c4","reportUrl":"../82//#testresult/7590fa6cefd7a9c4","status":"passed","time":{"start":1718676022189,"stop":1718677042385,"duration":1020196}},{"uid":"9fb1a92b34f1bd0e","reportUrl":"../81//#testresult/9fb1a92b34f1bd0e","status":"unknown","time":{}},{"uid":"a27194bbdde1d1a7","reportUrl":"../80//#testresult/a27194bbdde1d1a7","status":"unknown","time":{}},{"uid":"2c61208133cd1f0d","reportUrl":"../79//#testresult/2c61208133cd1f0d","status":"unknown","time":{}},{"uid":"d82c5bc4b217113f","reportUrl":"../78//#testresult/d82c5bc4b217113f","status":"unknown","time":{}},{"uid":"755b612c63d03069","reportUrl":"../76//#testresult/755b612c63d03069","status":"unknown","time":{}},{"uid":"7fb5b8e60a931000","reportUrl":"../73//#testresult/7fb5b8e60a931000","status":"unknown","time":{}},{"uid":"459e0f3b7c6a5167","reportUrl":"../72//#testresult/459e0f3b7c6a5167","status":"broken","statusDetails":"juju.errors.JujuUnitError: Unit in error: postgresql/2","time":{"start":1718005400384,"stop":1718006275125,"duration":874741}},{"uid":"1d46628b5067c3fe","reportUrl":"../71//#testresult/1d46628b5067c3fe","status":"unknown","time":{}},{"uid":"2bd5f7d101fdf8e6","reportUrl":"../70//#testresult/2bd5f7d101fdf8e6","status":"unknown","time":{}}]},"tags":["asyncio","abort_on_fail","@pytest.mark.skipif(False, reason='Requires juju 3')","group(1)"]},"source":"a894573e08e16ea2.json","parameterValues":[]}