[32mINFO    [0m pytest_operator.plugin:plugin.py:734 Connecting to existing model localhost-localhost:test on unspecified cloud
[32mINFO    [0m juju.model:model.py:2097 Deploying ch:arm64/jammy/s3-integrator-32
[32mINFO    [0m juju.model:model.py:2097 Deploying ch:arm64/jammy/self-signed-certificates-172
[32mINFO    [0m juju.model:model.py:2097 Deploying local:jammy/postgresql-0
[33mWARNING [0m juju.model:model.py:1563 relate is deprecated and will be removed. Use integrate instead.
[32mINFO    [0m juju.model:model.py:2971 Waiting for model:
  postgresql-aws/0 [allocating] waiting: waiting for machine
  postgresql-aws/1 [allocating] waiting: waiting for machine
[32mINFO    [0m juju.model:model.py:2971 Waiting for model:
  postgresql-aws/0 [allocating] waiting: waiting for machine
  postgresql-aws/1 [allocating] waiting: waiting for machine
[32mINFO    [0m juju.model:model.py:2971 Waiting for model:
  postgresql-aws/0 [allocating] waiting: waiting for machine
  postgresql-aws/1 [allocating] waiting: waiting for machine
[32mINFO    [0m juju.model:model.py:2971 Waiting for model:
  postgresql-aws/0 [allocating] waiting: waiting for machine
  postgresql-aws/1 [allocating] waiting: waiting for machine
[32mINFO    [0m juju.model:model.py:2971 Waiting for model:
  postgresql-aws/0 [allocating] waiting: waiting for machine
  postgresql-aws/1 [allocating] waiting: waiting for machine
[32mINFO    [0m juju.model:model.py:2971 Waiting for model:
  postgresql-aws/0 [allocating] waiting: waiting for machine
  postgresql-aws/1 [allocating] waiting: waiting for machine
[32mINFO    [0m juju.model:model.py:2971 Waiting for model:
  postgresql-aws/0 [allocating] waiting: waiting for machine
  postgresql-aws/1 [allocating] waiting: waiting for machine
[32mINFO    [0m juju.model:model.py:2971 Waiting for model:
  postgresql-aws/0 [allocating] waiting: waiting for machine
  postgresql-aws/1 [allocating] waiting: waiting for machine
[32mINFO    [0m juju.model:model.py:2971 Waiting for model:
  postgresql-aws/0 [allocating] waiting: waiting for machine
  postgresql-aws/1 [allocating] waiting: waiting for machine
[32mINFO    [0m juju.model:model.py:2971 Waiting for model:
  postgresql-aws/0 [allocating] waiting: waiting for machine
  postgresql-aws/1 [allocating] waiting: waiting for machine
[32mINFO    [0m juju.model:model.py:2971 Waiting for model:
  postgresql-aws/0 [allocating] waiting: agent initialising
  postgresql-aws/1 [allocating] waiting: waiting for machine
[32mINFO    [0m juju.model:model.py:2971 Waiting for model:
  postgresql-aws/0 [executing] maintenance: installing PostgreSQL
  postgresql-aws/1 [allocating] waiting: agent initialising
[32mINFO    [0m juju.model:model.py:2971 Waiting for model:
  postgresql-aws/0 [executing] waiting: waiting to start PostgreSQL
  postgresql-aws/1 [executing] waiting: waiting to start PostgreSQL
[32mINFO    [0m juju.model:model.py:2971 Waiting for model:
  postgresql-aws/0 [executing] active: Primary
  postgresql-aws/1 [executing] waiting: awaiting for cluster to start
[32mINFO    [0m juju.model:model.py:2971 Waiting for model:
  postgresql-aws/0 [executing] active: Primary
  postgresql-aws/1 [executing] waiting: awaiting for cluster to start
[32mINFO    [0m juju.model:model.py:2971 Waiting for model:
  postgresql-aws/0 [executing] active: Primary
  postgresql-aws/1 [executing] waiting: awaiting for cluster to start
[32mINFO    [0m juju.model:model.py:2971 Waiting for model:
  postgresql-aws/0 [executing] maintenance: Executing restart operation
  postgresql-aws/1 [executing] waiting: awaiting for cluster to start
[32mINFO    [0m juju.model:model.py:2971 Waiting for model:
  postgresql-aws/0 [executing] active: 
  postgresql-aws/1 [executing] waiting: awaiting for cluster to start
[32mINFO    [0m juju.model:model.py:2971 Waiting for model:
  postgresql-aws/0 [executing] active: Primary
  postgresql-aws/1 [executing] waiting: awaiting for cluster to start
[32mINFO    [0m juju.model:model.py:2971 Waiting for model:
  postgresql-aws/0 [executing] active: Primary
  postgresql-aws/1 [idle] waiting: awaiting for cluster to start
[32mINFO    [0m juju.model:model.py:2971 Waiting for model:
  postgresql-aws/0 [executing] maintenance: reconfiguring cluster
  postgresql-aws/1 [idle] waiting: awaiting for cluster to start
[32mINFO    [0m juju.model:model.py:2971 Waiting for model:
  postgresql-aws/0 [executing] maintenance: reconfiguring cluster
  postgresql-aws/1 [idle] waiting: awaiting for cluster to start
[33mWARNING [0m juju.client.connection:connection.py:578 Receiver: Connection closed, reconnecting
[33mWARNING [0m juju.client.connection:connection.py:578 Receiver: Connection closed, reconnecting
[32mINFO    [0m integration.test_backups:test_backups.py:84 deleting the previously created backups
[31m[1mERROR   [0m asyncio:base_events.py:1758 Task exception was never retrieved
future: <Task finished name='Task-3177' coro=<Connection.reconnect() done, defined at /home/ubuntu/actions-runner/_work/test-runners-2-is-arm64-postgresql-operator/test-runners-2-is-arm64-postgresql-operator/.tox/integration/lib/python3.10/site-packages/juju/client/connection.py:779> exception=TimeoutError()>
Traceback (most recent call last):
  File "/home/ubuntu/actions-runner/_work/test-runners-2-is-arm64-postgresql-operator/test-runners-2-is-arm64-postgresql-operator/.tox/integration/lib/python3.10/site-packages/websockets/legacy/client.py", line 647, in __await_impl_timeout__
    return await self.__await_impl__()
  File "/home/ubuntu/actions-runner/_work/test-runners-2-is-arm64-postgresql-operator/test-runners-2-is-arm64-postgresql-operator/.tox/integration/lib/python3.10/site-packages/websockets/legacy/client.py", line 651, in __await_impl__
    _transport, _protocol = await self._create_connection()
  File "/usr/lib/python3.10/asyncio/base_events.py", line 1103, in create_connection
    transport, protocol = await self._create_connection_transport(
  File "/usr/lib/python3.10/asyncio/base_events.py", line 1133, in _create_connection_transport
    await waiter
asyncio.exceptions.CancelledError

During handling of the above exception, another exception occurred:

Traceback (most recent call last):
  File "/home/ubuntu/actions-runner/_work/test-runners-2-is-arm64-postgresql-operator/test-runners-2-is-arm64-postgresql-operator/.tox/integration/lib/python3.10/site-packages/juju/client/connection.py", line 788, in reconnect
    res = await connector(
  File "/home/ubuntu/actions-runner/_work/test-runners-2-is-arm64-postgresql-operator/test-runners-2-is-arm64-postgresql-operator/.tox/integration/lib/python3.10/site-packages/juju/client/connection.py", line 868, in _connect_with_login
    await self._connect(endpoints)
  File "/home/ubuntu/actions-runner/_work/test-runners-2-is-arm64-postgresql-operator/test-runners-2-is-arm64-postgresql-operator/.tox/integration/lib/python3.10/site-packages/juju/client/connection.py", line 817, in _connect
    result = await task
  File "/usr/lib/python3.10/asyncio/tasks.py", line 571, in _wait_for_one
    return f.result()  # May raise f.exception().
  File "/home/ubuntu/actions-runner/_work/test-runners-2-is-arm64-postgresql-operator/test-runners-2-is-arm64-postgresql-operator/.tox/integration/lib/python3.10/site-packages/juju/client/connection.py", line 806, in _try_endpoint
    return await self._open(endpoint, cacert)
  File "/home/ubuntu/actions-runner/_work/test-runners-2-is-arm64-postgresql-operator/test-runners-2-is-arm64-postgresql-operator/.tox/integration/lib/python3.10/site-packages/juju/client/connection.py", line 427, in _open
    return (await websockets.connect(
  File "/home/ubuntu/actions-runner/_work/test-runners-2-is-arm64-postgresql-operator/test-runners-2-is-arm64-postgresql-operator/.tox/integration/lib/python3.10/site-packages/websockets/legacy/client.py", line 646, in __await_impl_timeout__
    async with asyncio_timeout(self.open_timeout):
  File "/home/ubuntu/actions-runner/_work/test-runners-2-is-arm64-postgresql-operator/test-runners-2-is-arm64-postgresql-operator/.tox/integration/lib/python3.10/site-packages/websockets/legacy/async_timeout.py", line 169, in __aexit__
    self._do_exit(exc_type)
  File "/home/ubuntu/actions-runner/_work/test-runners-2-is-arm64-postgresql-operator/test-runners-2-is-arm64-postgresql-operator/.tox/integration/lib/python3.10/site-packages/websockets/legacy/async_timeout.py", line 252, in _do_exit
    raise asyncio.TimeoutError
asyncio.exceptions.TimeoutError
[31m[1mERROR   [0m asyncio:base_events.py:1758 Task exception was never retrieved
future: <Task finished name='Task-3178' coro=<Connection.reconnect() done, defined at /home/ubuntu/actions-runner/_work/test-runners-2-is-arm64-postgresql-operator/test-runners-2-is-arm64-postgresql-operator/.tox/integration/lib/python3.10/site-packages/juju/client/connection.py:779> exception=TimeoutError()>
Traceback (most recent call last):
  File "/home/ubuntu/actions-runner/_work/test-runners-2-is-arm64-postgresql-operator/test-runners-2-is-arm64-postgresql-operator/.tox/integration/lib/python3.10/site-packages/websockets/legacy/client.py", line 647, in __await_impl_timeout__
    return await self.__await_impl__()
  File "/home/ubuntu/actions-runner/_work/test-runners-2-is-arm64-postgresql-operator/test-runners-2-is-arm64-postgresql-operator/.tox/integration/lib/python3.10/site-packages/websockets/legacy/client.py", line 651, in __await_impl__
    _transport, _protocol = await self._create_connection()
  File "/usr/lib/python3.10/asyncio/base_events.py", line 1103, in create_connection
    transport, protocol = await self._create_connection_transport(
  File "/usr/lib/python3.10/asyncio/base_events.py", line 1133, in _create_connection_transport
    await waiter
asyncio.exceptions.CancelledError

During handling of the above exception, another exception occurred:

Traceback (most recent call last):
  File "/home/ubuntu/actions-runner/_work/test-runners-2-is-arm64-postgresql-operator/test-runners-2-is-arm64-postgresql-operator/.tox/integration/lib/python3.10/site-packages/juju/client/connection.py", line 788, in reconnect
    res = await connector(
  File "/home/ubuntu/actions-runner/_work/test-runners-2-is-arm64-postgresql-operator/test-runners-2-is-arm64-postgresql-operator/.tox/integration/lib/python3.10/site-packages/juju/client/connection.py", line 868, in _connect_with_login
    await self._connect(endpoints)
  File "/home/ubuntu/actions-runner/_work/test-runners-2-is-arm64-postgresql-operator/test-runners-2-is-arm64-postgresql-operator/.tox/integration/lib/python3.10/site-packages/juju/client/connection.py", line 817, in _connect
    result = await task
  File "/usr/lib/python3.10/asyncio/tasks.py", line 571, in _wait_for_one
    return f.result()  # May raise f.exception().
  File "/home/ubuntu/actions-runner/_work/test-runners-2-is-arm64-postgresql-operator/test-runners-2-is-arm64-postgresql-operator/.tox/integration/lib/python3.10/site-packages/juju/client/connection.py", line 806, in _try_endpoint
    return await self._open(endpoint, cacert)
  File "/home/ubuntu/actions-runner/_work/test-runners-2-is-arm64-postgresql-operator/test-runners-2-is-arm64-postgresql-operator/.tox/integration/lib/python3.10/site-packages/juju/client/connection.py", line 427, in _open
    return (await websockets.connect(
  File "/home/ubuntu/actions-runner/_work/test-runners-2-is-arm64-postgresql-operator/test-runners-2-is-arm64-postgresql-operator/.tox/integration/lib/python3.10/site-packages/websockets/legacy/client.py", line 646, in __await_impl_timeout__
    async with asyncio_timeout(self.open_timeout):
  File "/home/ubuntu/actions-runner/_work/test-runners-2-is-arm64-postgresql-operator/test-runners-2-is-arm64-postgresql-operator/.tox/integration/lib/python3.10/site-packages/websockets/legacy/async_timeout.py", line 169, in __aexit__
    self._do_exit(exc_type)
  File "/home/ubuntu/actions-runner/_work/test-runners-2-is-arm64-postgresql-operator/test-runners-2-is-arm64-postgresql-operator/.tox/integration/lib/python3.10/site-packages/websockets/legacy/async_timeout.py", line 252, in _do_exit
    raise asyncio.TimeoutError
asyncio.exceptions.TimeoutError
[32mINFO    [0m pytest_operator.plugin:plugin.py:862 Model status:

Model  Controller           Cloud/Region         Version  SLA          Timestamp
test   localhost-localhost  localhost/localhost  3.4.4    unsupported  03:05:32Z

App                       Version  Status   Scale  Charm                     Channel        Rev  Exposed  Message
postgresql-aws            14.12    active     1/2  postgresql                                 0  no       
s3-integrator                      blocked      1  s3-integrator             latest/stable   32  no       Missing parameters: ['access-key', 'secret-key']
self-signed-certificates           active     0/1  self-signed-certificates  latest/edge    172  no       

Unit                        Workload     Agent      Machine  Public address  Ports     Message
postgresql-aws/0            maintenance  executing  2        10.203.220.139  5432/tcp  reconfiguring cluster
postgresql-aws/1            unknown      lost       3        10.203.220.252  5432/tcp  agent lost, see 'juju show-status-log postgresql-aws/1'
s3-integrator/0             blocked      idle       0        10.203.220.226            Missing parameters: ['access-key', 'secret-key']
self-signed-certificates/0  unknown      lost       1        10.203.220.24             agent lost, see 'juju show-status-log self-signed-certificates/0'

Machine  State    Address         Inst id        Base          AZ  Message
0        started  10.203.220.226  juju-abe4ca-0  ubuntu@22.04      Running
1        down     10.203.220.24   juju-abe4ca-1  ubuntu@22.04      Running
2        started  10.203.220.139  juju-abe4ca-2  ubuntu@22.04      Running
3        down     10.203.220.252  juju-abe4ca-3  ubuntu@22.04      Running

[32mINFO    [0m pytest_operator.plugin:plugin.py:868 Juju error logs:

machine-0: 02:57:29 ERROR juju.worker.dependency "kvm-container-provisioner" manifold worker returned unexpected error: container types not yet available
machine-0: 02:57:29 ERROR juju.worker.dependency "lxd-container-provisioner" manifold worker returned unexpected error: container types not yet available
unit-s3-integrator-0: 02:57:31 ERROR juju.worker.meterstatus error running "meter-status-changed": charm missing from disk
machine-1: 02:57:54 ERROR juju.worker.dependency "kvm-container-provisioner" manifold worker returned unexpected error: container types not yet available
machine-1: 02:57:54 ERROR juju.worker.dependency "lxd-container-provisioner" manifold worker returned unexpected error: container types not yet available
unit-self-signed-certificates-0: 02:57:55 ERROR juju.worker.meterstatus error running "meter-status-changed": charm missing from disk
machine-2: 02:58:00 ERROR juju.worker.dependency "kvm-container-provisioner" manifold worker returned unexpected error: container types not yet available
machine-2: 02:58:01 ERROR juju.worker.dependency "lxd-container-provisioner" manifold worker returned unexpected error: container types not yet available
unit-postgresql-aws-0: 02:58:02 ERROR juju.worker.meterstatus error running "meter-status-changed": charm missing from disk
unit-postgresql-aws-1: 02:58:25 ERROR juju.worker.meterstatus error running "meter-status-changed": charm missing from disk
machine-3: 02:58:25 ERROR juju.worker.dependency "lxd-container-provisioner" manifold worker returned unexpected error: container types not yet available
machine-3: 02:58:25 ERROR juju.worker.dependency "kvm-container-provisioner" manifold worker returned unexpected error: container types not yet available
machine-0: 03:04:46 ERROR juju.worker.dependency "api-caller" manifold worker returned unexpected error: api connection broken unexpectedly
unit-postgresql-aws-0: 03:05:02 ERROR unit.postgresql-aws/0.juju-log Uncaught exception while in charm code:
Traceback (most recent call last):
  File "/var/lib/juju/agents/unit-postgresql-aws-0/charm/./src/charm.py", line 1849, in <module>
    main(PostgresqlOperatorCharm)
  File "/var/lib/juju/agents/unit-postgresql-aws-0/charm/venv/ops/main.py", line 548, in main
    manager.run()
  File "/var/lib/juju/agents/unit-postgresql-aws-0/charm/venv/ops/main.py", line 527, in run
    self._emit()
  File "/var/lib/juju/agents/unit-postgresql-aws-0/charm/venv/ops/main.py", line 513, in _emit
    self.framework.reemit()
  File "/var/lib/juju/agents/unit-postgresql-aws-0/charm/venv/ops/framework.py", line 870, in reemit
    self._reemit()
  File "/var/lib/juju/agents/unit-postgresql-aws-0/charm/venv/ops/framework.py", line 950, in _reemit
    custom_handler(event)
  File "/var/lib/juju/agents/unit-postgresql-aws-0/charm/lib/charms/tempo_k8s/v1/charm_tracing.py", line 647, in wrapped_function
    return callable(*args, **kwargs)  # type: ignore
  File "/var/lib/juju/agents/unit-postgresql-aws-0/charm/./src/charm.py", line 529, in _on_peer_relation_changed
    self.update_config()
  File "/var/lib/juju/agents/unit-postgresql-aws-0/charm/lib/charms/tempo_k8s/v1/charm_tracing.py", line 647, in wrapped_function
    return callable(*args, **kwargs)  # type: ignore
  File "/var/lib/juju/agents/unit-postgresql-aws-0/charm/./src/charm.py", line 1632, in update_config
    if not self._is_workload_running:
  File "/var/lib/juju/agents/unit-postgresql-aws-0/charm/./src/charm.py", line 1579, in _is_workload_running
    snap_cache = snap.SnapCache()
  File "/var/lib/juju/agents/unit-postgresql-aws-0/charm/lib/charms/operator_libs_linux/v2/snap.py", line 838, in __init__
    self._load_installed_snaps()
  File "/var/lib/juju/agents/unit-postgresql-aws-0/charm/lib/charms/operator_libs_linux/v2/snap.py", line 888, in _load_installed_snaps
    installed = self._snap_client.get_installed_snaps()
  File "/var/lib/juju/agents/unit-postgresql-aws-0/charm/lib/charms/operator_libs_linux/v2/snap.py", line 811, in get_installed_snaps
    return self._request("GET", "snaps")
  File "/var/lib/juju/agents/unit-postgresql-aws-0/charm/lib/charms/operator_libs_linux/v2/snap.py", line 772, in _request
    response = self._request_raw(method, path, query, headers, data)
  File "/var/lib/juju/agents/unit-postgresql-aws-0/charm/lib/charms/operator_libs_linux/v2/snap.py", line 793, in _request_raw
    response = self.opener.open(request, timeout=self.timeout)
  File "/usr/lib/python3.10/urllib/request.py", line 519, in open
    response = self._open(req, data)
  File "/usr/lib/python3.10/urllib/request.py", line 536, in _open
    result = self._call_chain(self.handle_open, protocol, protocol +
  File "/usr/lib/python3.10/urllib/request.py", line 496, in _call_chain
    result = func(*args)
  File "/var/lib/juju/agents/unit-postgresql-aws-0/charm/lib/charms/operator_libs_linux/v2/snap.py", line 709, in http_open
    return self.do_open(_UnixSocketConnection, req, socket_path=self.socket_path)
  File "/usr/lib/python3.10/urllib/request.py", line 1352, in do_open
    r = h.getresponse()
  File "/usr/lib/python3.10/http/client.py", line 1375, in getresponse
    response.begin()
  File "/usr/lib/python3.10/http/client.py", line 318, in begin
    version, status, reason = self._read_status()
  File "/usr/lib/python3.10/http/client.py", line 279, in _read_status
    line = str(self.fp.readline(_MAXLINE + 1), "iso-8859-1")
  File "/usr/lib/python3.10/socket.py", line 705, in readinto
    return self._sock.recv_into(b)
TimeoutError: timed out
controller-0: 03:05:12 ERROR juju.worker.cleaner cannot cleanup state: connection is shut down
unit-postgresql-aws-0: 03:05:12 ERROR juju.worker.uniter.operation hook "secret-remove" (via hook dispatching script: dispatch) failed: exit status 1
machine-0: 03:05:16 ERROR juju.worker.dependency "api-caller" manifold worker returned unexpected error: [3f58b1] "machine-0" cannot open api: connection is shut down
machine-1: 03:05:16 ERROR juju.api.watcher error trying to stop watcher: write tcp 10.203.220.24:38902->10.203.220.86:17070: write: broken pipe
machine-1: 03:05:16 ERROR juju.api.watcher error trying to stop watcher: write tcp 10.203.220.24:38902->10.203.220.86:17070: write: broken pipe
machine-1: 03:05:16 ERROR juju.api.watcher error trying to stop watcher: write tcp 10.203.220.24:38902->10.203.220.86:17070: write: broken pipe
machine-1: 03:05:16 ERROR juju.api.watcher error trying to stop watcher: write tcp 10.203.220.24:38902->10.203.220.86:17070: write: broken pipe
machine-1: 03:05:16 ERROR juju.api.watcher error trying to stop watcher: write tcp 10.203.220.24:38902->10.203.220.86:17070: write: broken pipe
machine-1: 03:05:16 ERROR juju.api.watcher error trying to stop watcher: write tcp 10.203.220.24:38902->10.203.220.86:17070: write: broken pipe
machine-1: 03:05:16 ERROR juju.api.watcher error trying to stop watcher: write tcp 10.203.220.24:38902->10.203.220.86:17070: write: broken pipe
machine-1: 03:05:16 ERROR juju.api.watcher error trying to stop watcher: write tcp 10.203.220.24:38902->10.203.220.86:17070: write: broken pipe
machine-1: 03:05:16 ERROR juju.api.watcher error trying to stop watcher: write tcp 10.203.220.24:38902->10.203.220.86:17070: write: broken pipe
machine-1: 03:05:16 ERROR juju.api.watcher error trying to stop watcher: write tcp 10.203.220.24:38902->10.203.220.86:17070: write: broken pipe
machine-1: 03:05:16 ERROR juju.api.watcher error trying to stop watcher: write tcp 10.203.220.24:38902->10.203.220.86:17070: write: broken pipe
machine-1: 03:05:16 ERROR juju.api.watcher error trying to stop watcher: write tcp 10.203.220.24:38902->10.203.220.86:17070: write: broken pipe
machine-1: 03:05:16 ERROR juju.worker.dependency "log-sender" manifold worker returned unexpected error: sending log message: local error: tls: bad record MAC: set tcp 10.203.220.24:38918: use of closed network connection
machine-1: 03:05:16 ERROR juju.api.watcher error trying to stop watcher: write tcp 10.203.220.24:38902->10.203.220.86:17070: write: broken pipe
machine-1: 03:05:17 ERROR juju.api.watcher error trying to stop watcher: write tcp 10.203.220.24:38902->10.203.220.86:17070: write: broken pipe
machine-1: 03:05:17 ERROR juju.api.watcher error trying to stop watcher: write tcp 10.203.220.24:38902->10.203.220.86:17070: write: broken pipe
machine-1: 03:05:17 ERROR juju.api.watcher error trying to stop watcher: write tcp 10.203.220.24:38902->10.203.220.86:17070: write: broken pipe
machine-1: 03:05:17 ERROR juju.api.watcher error trying to stop watcher: write tcp 10.203.220.24:38902->10.203.220.86:17070: write: broken pipe
machine-1: 03:05:17 ERROR juju.api.watcher error trying to stop watcher: write tcp 10.203.220.24:38902->10.203.220.86:17070: write: broken pipe
machine-1: 03:05:17 ERROR juju.api.watcher error trying to stop watcher: write tcp 10.203.220.24:38902->10.203.220.86:17070: write: broken pipe
machine-1: 03:05:17 ERROR juju.api.watcher error trying to stop watcher: write tcp 10.203.220.24:38902->10.203.220.86:17070: write: broken pipe
machine-1: 03:05:17 ERROR juju.api.watcher error trying to stop watcher: write tcp 10.203.220.24:38902->10.203.220.86:17070: write: broken pipe
machine-1: 03:05:17 ERROR juju.api.watcher error trying to stop watcher: codec.ReadHeader error: error receiving message: write tcp 10.203.220.24:38902->10.203.220.86:17070: write: broken pipe
machine-1: 03:05:17 ERROR juju.worker.dependency "instance-mutater" manifold worker returned unexpected error: watcher has been stopped (stopped)
machine-1: 03:05:17 ERROR juju.worker.dependency "api-caller" manifold worker returned unexpected error: codec.ReadHeader error: error receiving message: write tcp 10.203.220.24:38902->10.203.220.86:17070: write: broken pipe
machine-1: 03:05:17 ERROR juju.api.watcher error trying to stop watcher: write tcp 10.203.220.24:38928->10.203.220.86:17070: write: connection reset by peer
machine-1: 03:05:17 ERROR juju.api.watcher error trying to stop watcher: write tcp 10.203.220.24:38928->10.203.220.86:17070: write: connection reset by peer
machine-1: 03:05:17 ERROR juju.api.watcher error trying to stop watcher: write tcp 10.203.220.24:38928->10.203.220.86:17070: write: connection reset by peer
machine-1: 03:05:17 ERROR juju.api.watcher error trying to stop watcher: write tcp 10.203.220.24:38928->10.203.220.86:17070: write: connection reset by peer
machine-1: 03:05:17 ERROR juju.api.watcher error trying to stop watcher: write tcp 10.203.220.24:38928->10.203.220.86:17070: write: connection reset by peer
machine-1: 03:05:17 ERROR juju.api.watcher error trying to stop watcher: write tcp 10.203.220.24:38928->10.203.220.86:17070: write: connection reset by peer
machine-1: 03:05:17 ERROR juju.api.watcher error trying to stop watcher: write tcp 10.203.220.24:38928->10.203.220.86:17070: write: connection reset by peer
machine-1: 03:05:17 ERROR juju.api.watcher error trying to stop watcher: write tcp 10.203.220.24:38928->10.203.220.86:17070: write: connection reset by peer
machine-1: 03:05:17 ERROR juju.api.watcher error trying to stop watcher: write tcp 10.203.220.24:38928->10.203.220.86:17070: write: connection reset by peer
machine-1: 03:05:17 ERROR juju.api.watcher error trying to stop watcher: write tcp 10.203.220.24:38928->10.203.220.86:17070: write: connection reset by peer
machine-1: 03:05:17 ERROR juju.api.watcher error trying to stop watcher: write tcp 10.203.220.24:38928->10.203.220.86:17070: write: connection reset by peer
machine-1: 03:05:17 ERROR juju.api.watcher error trying to stop watcher: write tcp 10.203.220.24:38928->10.203.220.86:17070: write: connection reset by peer
machine-1: 03:05:17 ERROR juju.api.watcher error trying to stop watcher: write tcp 10.203.220.24:38928->10.203.220.86:17070: write: connection reset by peer
machine-1: 03:05:17 ERROR juju.api.watcher error trying to stop watcher: write tcp 10.203.220.24:38928->10.203.220.86:17070: write: connection reset by peer
machine-1: 03:05:17 ERROR juju.api.watcher error trying to stop watcher: write tcp 10.203.220.24:38928->10.203.220.86:17070: write: connection reset by peer
machine-1: 03:05:17 ERROR juju.api.watcher error trying to stop watcher: write tcp 10.203.220.24:38928->10.203.220.86:17070: write: connection reset by peer
machine-1: 03:05:17 ERROR juju.api.watcher error trying to stop watcher: write tcp 10.203.220.24:38928->10.203.220.86:17070: write: connection reset by peer
machine-1: 03:05:17 ERROR juju.api.watcher error trying to stop watcher: write tcp 10.203.220.24:38928->10.203.220.86:17070: write: connection reset by peer
machine-1: 03:05:17 ERROR juju.api.watcher error trying to stop watcher: write tcp 10.203.220.24:38928->10.203.220.86:17070: write: connection reset by peer
machine-1: 03:05:17 ERROR juju.api.watcher error trying to stop watcher: codec.ReadHeader error: error receiving message: write tcp 10.203.220.24:38928->10.203.220.86:17070: write: connection reset by peer
machine-1: 03:05:17 ERROR juju.api.watcher error trying to stop watcher: codec.ReadHeader error: error receiving message: write tcp 10.203.220.24:38928->10.203.220.86:17070: write: connection reset by peer
machine-1: 03:05:17 ERROR juju.api.watcher error trying to stop watcher: codec.ReadHeader error: error receiving message: write tcp 10.203.220.24:38928->10.203.220.86:17070: write: connection reset by peer
machine-1: 03:05:17 ERROR juju.api.watcher error trying to stop watcher: codec.ReadHeader error: error receiving message: write tcp 10.203.220.24:38928->10.203.220.86:17070: write: connection reset by peer
machine-1: 03:05:17 ERROR juju.api.watcher error trying to stop watcher: codec.ReadHeader error: error receiving message: write tcp 10.203.220.24:38928->10.203.220.86:17070: write: connection reset by peer
machine-2: 03:05:19 ERROR juju.api.watcher error trying to stop watcher: write tcp 10.203.220.139:53904->10.203.220.86:17070: write: broken pipe
machine-2: 03:05:19 ERROR juju.api.watcher error trying to stop watcher: write tcp 10.203.220.139:53904->10.203.220.86:17070: write: broken pipe
machine-2: 03:05:19 ERROR juju.api.watcher error trying to stop watcher: write tcp 10.203.220.139:53904->10.203.220.86:17070: write: broken pipe
machine-2: 03:05:19 ERROR juju.api.watcher error trying to stop watcher: write tcp 10.203.220.139:53904->10.203.220.86:17070: write: broken pipe
machine-2: 03:05:19 ERROR juju.api.watcher error trying to stop watcher: write tcp 10.203.220.139:53904->10.203.220.86:17070: write: broken pipe
machine-2: 03:05:19 ERROR juju.api.watcher error trying to stop watcher: write tcp 10.203.220.139:53904->10.203.220.86:17070: write: broken pipe
machine-2: 03:05:19 ERROR juju.api.watcher error trying to stop watcher: write tcp 10.203.220.139:53904->10.203.220.86:17070: write: broken pipe
machine-2: 03:05:19 ERROR juju.api.watcher error trying to stop watcher: write tcp 10.203.220.139:53904->10.203.220.86:17070: write: broken pipe
machine-2: 03:05:19 ERROR juju.api.watcher error trying to stop watcher: write tcp 10.203.220.139:53904->10.203.220.86:17070: write: broken pipe
machine-2: 03:05:19 ERROR juju.api.watcher error trying to stop watcher: write tcp 10.203.220.139:53904->10.203.220.86:17070: write: broken pipe
machine-2: 03:05:19 ERROR juju.api.watcher error trying to stop watcher: write tcp 10.203.220.139:53904->10.203.220.86:17070: write: broken pipe
machine-2: 03:05:19 ERROR juju.api.watcher error trying to stop watcher: write tcp 10.203.220.139:53904->10.203.220.86:17070: write: broken pipe
machine-2: 03:05:19 ERROR juju.api.watcher error trying to stop watcher: write tcp 10.203.220.139:53904->10.203.220.86:17070: write: broken pipe
machine-2: 03:05:19 ERROR juju.api.watcher error trying to stop watcher: write tcp 10.203.220.139:53904->10.203.220.86:17070: write: broken pipe
machine-2: 03:05:19 ERROR juju.api.watcher error trying to stop watcher: write tcp 10.203.220.139:53904->10.203.220.86:17070: write: broken pipe
machine-2: 03:05:19 ERROR juju.api.watcher error trying to stop watcher: write tcp 10.203.220.139:53904->10.203.220.86:17070: write: broken pipe
machine-2: 03:05:19 ERROR juju.api.watcher error trying to stop watcher: write tcp 10.203.220.139:53904->10.203.220.86:17070: write: broken pipe
machine-2: 03:05:19 ERROR juju.api.watcher error trying to stop watcher: write tcp 10.203.220.139:53904->10.203.220.86:17070: write: broken pipe
machine-2: 03:05:19 ERROR juju.api.watcher error trying to stop watcher: write tcp 10.203.220.139:53904->10.203.220.86:17070: write: broken pipe
machine-2: 03:05:19 ERROR juju.api.watcher error trying to stop watcher: write tcp 10.203.220.139:53904->10.203.220.86:17070: write: broken pipe
machine-2: 03:05:19 ERROR juju.api.watcher error trying to stop watcher: write tcp 10.203.220.139:53904->10.203.220.86:17070: write: broken pipe
machine-2: 03:05:19 ERROR juju.api.watcher error trying to stop watcher: write tcp 10.203.220.139:53904->10.203.220.86:17070: write: broken pipe
machine-2: 03:05:19 ERROR juju.api.watcher error trying to stop watcher: write tcp 10.203.220.139:53904->10.203.220.86:17070: write: broken pipe
machine-2: 03:05:19 ERROR juju.api.watcher error trying to stop watcher: write tcp 10.203.220.139:53904->10.203.220.86:17070: write: broken pipe
machine-2: 03:05:19 ERROR juju.api.watcher error trying to stop watcher: write tcp 10.203.220.139:53904->10.203.220.86:17070: write: broken pipe
machine-2: 03:05:19 ERROR juju.api.watcher error trying to stop watcher: write tcp 10.203.220.139:53904->10.203.220.86:17070: write: broken pipe
machine-2: 03:05:19 ERROR juju.api.watcher error trying to stop watcher: write tcp 10.203.220.139:53904->10.203.220.86:17070: write: broken pipe
machine-2: 03:05:19 ERROR juju.worker.dependency "migration-minion" manifold worker returned unexpected error: watcher has been stopped (stopped)
machine-2: 03:05:19 ERROR juju.worker.dependency "log-sender" manifold worker returned unexpected error: sending log message: websocket: close 1006 (abnormal closure): unexpected EOF: set tcp 10.203.220.139:53890: use of closed network connection
machine-2: 03:05:20 ERROR juju.api.watcher error trying to stop watcher: write tcp 10.203.220.139:53882->10.203.220.86:17070: write: broken pipe
machine-2: 03:05:20 ERROR juju.api.watcher error trying to stop watcher: write tcp 10.203.220.139:53882->10.203.220.86:17070: write: broken pipe
machine-2: 03:05:20 ERROR juju.api.watcher error trying to stop watcher: write tcp 10.203.220.139:53882->10.203.220.86:17070: write: broken pipe
machine-2: 03:05:20 ERROR juju.api.watcher error trying to stop watcher: write tcp 10.203.220.139:53882->10.203.220.86:17070: write: broken pipe
machine-2: 03:05:20 ERROR juju.api.watcher error trying to stop watcher: write tcp 10.203.220.139:53882->10.203.220.86:17070: write: broken pipe
machine-2: 03:05:20 ERROR juju.api.watcher error trying to stop watcher: write tcp 10.203.220.139:53882->10.203.220.86:17070: write: broken pipe
machine-2: 03:05:20 ERROR juju.api.watcher error trying to stop watcher: write tcp 10.203.220.139:53882->10.203.220.86:17070: write: broken pipe
machine-2: 03:05:20 ERROR juju.api.watcher error trying to stop watcher: write tcp 10.203.220.139:53882->10.203.220.86:17070: write: broken pipe
machine-2: 03:05:20 ERROR juju.api.watcher error trying to stop watcher: write tcp 10.203.220.139:53882->10.203.220.86:17070: write: broken pipe
machine-2: 03:05:20 ERROR juju.api.watcher error trying to stop watcher: write tcp 10.203.220.139:53882->10.203.220.86:17070: write: broken pipe
machine-2: 03:05:20 ERROR juju.api.watcher error trying to stop watcher: write tcp 10.203.220.139:53882->10.203.220.86:17070: write: broken pipe
machine-2: 03:05:20 ERROR juju.api.watcher error trying to stop watcher: write tcp 10.203.220.139:53882->10.203.220.86:17070: write: broken pipe
machine-2: 03:05:20 ERROR juju.api.watcher error trying to stop watcher: write tcp 10.203.220.139:53882->10.203.220.86:17070: write: broken pipe
machine-2: 03:05:20 ERROR juju.api.watcher error trying to stop watcher: write tcp 10.203.220.139:53882->10.203.220.86:17070: write: broken pipe
machine-2: 03:05:20 ERROR juju.api.watcher error trying to stop watcher: write tcp 10.203.220.139:53882->10.203.220.86:17070: write: broken pipe
machine-2: 03:05:20 ERROR juju.api.watcher error trying to stop watcher: write tcp 10.203.220.139:53882->10.203.220.86:17070: write: broken pipe
machine-2: 03:05:20 ERROR juju.api.watcher error trying to stop watcher: write tcp 10.203.220.139:53882->10.203.220.86:17070: write: broken pipe
machine-2: 03:05:20 ERROR juju.api.watcher error trying to stop watcher: write tcp 10.203.220.139:53882->10.203.220.86:17070: write: broken pipe
machine-2: 03:05:20 ERROR juju.api.watcher error trying to stop watcher: write tcp 10.203.220.139:53882->10.203.220.86:17070: write: broken pipe
machine-2: 03:05:20 ERROR juju.api.watcher error trying to stop watcher: write tcp 10.203.220.139:53882->10.203.220.86:17070: write: broken pipe
machine-2: 03:05:20 ERROR juju.api.watcher error trying to stop watcher: write tcp 10.203.220.139:53882->10.203.220.86:17070: write: broken pipe
machine-2: 03:05:20 ERROR juju.api.watcher error trying to stop watcher: write tcp 10.203.220.139:53882->10.203.220.86:17070: write: broken pipe
machine-2: 03:05:20 ERROR juju.api.watcher error trying to stop watcher: write tcp 10.203.220.139:53882->10.203.220.86:17070: write: broken pipe
machine-2: 03:05:20 ERROR juju.worker.dependency "migration-inactive-flag" manifold worker returned unexpected error: watcher has been stopped (stopped)
machine-2: 03:05:20 ERROR juju.api.watcher error trying to stop watcher: codec.ReadHeader error: error receiving message: write tcp 10.203.220.139:53882->10.203.220.86:17070: write: broken pipe
machine-0: 03:05:20 ERROR juju.worker.dependency "api-caller" manifold worker returned unexpected error: [3f58b1] "machine-0" cannot open api: unable to connect to API: apiserver shutdown in progress (Service Unavailable)
machine-2: 03:05:21 ERROR juju.worker.dependency "api-caller" manifold worker returned unexpected error: codec.ReadHeader error: error receiving message: write tcp 10.203.220.139:53882->10.203.220.86:17070: write: broken pipe
machine-1: 03:05:22 ERROR juju.worker.dependency "api-caller" manifold worker returned unexpected error: [3f58b1] "machine-1" cannot open api: unable to connect to API: dial tcp 10.203.220.86:17070: connect: connection refused
machine-0: 03:05:24 ERROR juju.worker.dependency "api-caller" manifold worker returned unexpected error: [3f58b1] "machine-0" cannot open api: unable to connect to API: dial tcp 10.203.220.86:17070: connect: connection refused
machine-2: 03:05:24 ERROR juju.worker.dependency "api-caller" manifold worker returned unexpected error: [3f58b1] "machine-2" cannot open api: unable to connect to API: dial tcp 10.203.220.86:17070: connect: connection refused
machine-1: 03:05:26 ERROR juju.worker.dependency "api-caller" manifold worker returned unexpected error: [3f58b1] "machine-1" cannot open api: unable to connect to API: dial tcp 10.203.220.86:17070: connect: connection refused

[32mINFO    [0m pytest_operator.plugin:plugin.py:947 Forgetting model main...