[32mINFO    [0m pytest_operator.plugin:plugin.py:862 Model status:

Model  Controller           Cloud/Region         Version  SLA          Timestamp
test   localhost-localhost  localhost/localhost  3.1.8    unsupported  02:58:49Z

App                       Version  Status  Scale  Charm                     Channel      Rev  Exposed  Message
postgresql                14.11    active      3  postgresql                               0  no       
self-signed-certificates           active      1  self-signed-certificates  latest/edge  146  no       

Unit                         Workload  Agent  Machine  Public address  Ports     Message
postgresql/0*                active    idle   0        10.242.111.101  5432/tcp  
postgresql/1                 active    idle   1        10.242.111.54   5432/tcp  
postgresql/2                 active    idle   2        10.242.111.76   5432/tcp  Primary
self-signed-certificates/0*  active    idle   3        10.242.111.26             

Machine  State    Address         Inst id        Base          AZ  Message
0        started  10.242.111.101  juju-d646a1-0  ubuntu@22.04      Running
1        started  10.242.111.54   juju-d646a1-1  ubuntu@22.04      Running
2        started  10.242.111.76   juju-d646a1-2  ubuntu@22.04      Running
3        started  10.242.111.26   juju-d646a1-3  ubuntu@22.04      Running

[32mINFO    [0m pytest_operator.plugin:plugin.py:868 Juju error logs:

machine-3: 02:31:31 ERROR juju.worker.dependency "broker-tracker" manifold worker returned unexpected error: no container types determined
machine-3: 02:31:31 ERROR juju.worker.dependency "lxd-container-provisioner" manifold worker returned unexpected error: container types not yet available
machine-3: 02:31:31 ERROR juju.worker.dependency "kvm-container-provisioner" manifold worker returned unexpected error: container types not yet available
unit-postgresql-0: 02:31:31 ERROR juju.worker.meterstatus error running "meter-status-changed": charm missing from disk
machine-0: 02:31:31 ERROR juju.worker.dependency "broker-tracker" manifold worker returned unexpected error: no container types determined
machine-0: 02:31:31 ERROR juju.worker.dependency "lxd-container-provisioner" manifold worker returned unexpected error: container types not yet available
machine-0: 02:31:31 ERROR juju.worker.dependency "kvm-container-provisioner" manifold worker returned unexpected error: container types not yet available
unit-self-signed-certificates-0: 02:31:32 ERROR juju.worker.meterstatus error running "meter-status-changed": charm missing from disk
machine-2: 02:31:34 ERROR juju.worker.dependency "broker-tracker" manifold worker returned unexpected error: no container types determined
machine-2: 02:31:34 ERROR juju.worker.dependency "lxd-container-provisioner" manifold worker returned unexpected error: container types not yet available
machine-2: 02:31:34 ERROR juju.worker.dependency "kvm-container-provisioner" manifold worker returned unexpected error: container types not yet available
unit-postgresql-2: 02:31:35 ERROR juju.worker.meterstatus error running "meter-status-changed": charm missing from disk
machine-1: 02:31:37 ERROR juju.worker.dependency "kvm-container-provisioner" manifold worker returned unexpected error: container types not yet available
machine-1: 02:31:37 ERROR juju.worker.dependency "lxd-container-provisioner" manifold worker returned unexpected error: container types not yet available
machine-1: 02:31:37 ERROR juju.worker.dependency "broker-tracker" manifold worker returned unexpected error: no container types determined
unit-postgresql-1: 02:31:38 ERROR juju.worker.meterstatus error running "meter-status-changed": charm missing from disk
unit-postgresql-0: 02:39:16 ERROR unit.postgresql/0.juju-log database-peers:2: Failed to list PostgreSQL database users: could not translate host name "None" to address: Temporary failure in name resolution

unit-postgresql-0: 02:40:40 ERROR unit.postgresql/0.juju-log database-peers:2: failed to change plugins: 
Traceback (most recent call last):
  File "/var/lib/juju/agents/unit-postgresql-0/charm/lib/charms/postgresql_k8s/v0/postgresql.py", line 301, in enable_disable_extensions
    with self._connect_to_database() as connection, connection.cursor() as cursor:
  File "/var/lib/juju/agents/unit-postgresql-0/charm/lib/charms/postgresql_k8s/v0/postgresql.py", line 128, in _connect_to_database
    connection = psycopg2.connect(
  File "/var/lib/juju/agents/unit-postgresql-0/charm/venv/psycopg2/__init__.py", line 122, in connect
    conn = _connect(dsn, connection_factory=connection_factory, **kwasync)
psycopg2.OperationalError: could not translate host name "None" to address: Temporary failure in name resolution


During handling of the above exception, another exception occurred:

Traceback (most recent call last):
  File "/var/lib/juju/agents/unit-postgresql-0/charm/./src/charm.py", line 977, in enable_disable_extensions
    self.postgresql.enable_disable_extensions(extensions, database)
  File "/var/lib/juju/agents/unit-postgresql-0/charm/lib/charms/postgresql_k8s/v0/postgresql.py", line 325, in enable_disable_extensions
    raise PostgreSQLEnableDisableExtensionError()
charms.postgresql_k8s.v0.postgresql.PostgreSQLEnableDisableExtensionError
unit-postgresql-0: 02:47:16 ERROR unit.postgresql/0.juju-log Failed to list PostgreSQL database users: connection to server at "10.242.111.101", port 5432 failed: timeout expired

unit-postgresql-0: 02:47:29 ERROR unit.postgresql/0.juju-log Failed to list PostgreSQL database users: connection to server at "10.242.111.101", port 5432 failed: timeout expired


[32mINFO    [0m pytest_operator.plugin:plugin.py:947 Forgetting model main...