[33mWARNING [0m juju.client.connection:connection.py:578 Receiver: Connection closed, reconnecting
[33mWARNING [0m juju.client.connection:connection.py:578 Receiver: Connection closed, reconnecting
[31m[1mERROR   [0m asyncio:base_events.py:1758 Task exception was never retrieved
future: <Task finished name='Task-1152' coro=<Connection.reconnect() done, defined at /home/ubuntu/actions-runner/_work/test-runners-2-is-arm64-postgresql-operator/test-runners-2-is-arm64-postgresql-operator/.tox/integration/lib/python3.10/site-packages/juju/client/connection.py:779> exception=ConnectionClosedError(None, Close(code=<CloseCode.INTERNAL_ERROR: 1011>, reason='keepalive ping timeout'), None)>
Traceback (most recent call last):
  File "/home/ubuntu/actions-runner/_work/test-runners-2-is-arm64-postgresql-operator/test-runners-2-is-arm64-postgresql-operator/.tox/integration/lib/python3.10/site-packages/websockets/legacy/protocol.py", line 963, in transfer_data
    message = await self.read_message()
  File "/home/ubuntu/actions-runner/_work/test-runners-2-is-arm64-postgresql-operator/test-runners-2-is-arm64-postgresql-operator/.tox/integration/lib/python3.10/site-packages/websockets/legacy/protocol.py", line 1033, in read_message
    frame = await self.read_data_frame(max_size=self.max_size)
  File "/home/ubuntu/actions-runner/_work/test-runners-2-is-arm64-postgresql-operator/test-runners-2-is-arm64-postgresql-operator/.tox/integration/lib/python3.10/site-packages/websockets/legacy/protocol.py", line 1108, in read_data_frame
    frame = await self.read_frame(max_size)
  File "/home/ubuntu/actions-runner/_work/test-runners-2-is-arm64-postgresql-operator/test-runners-2-is-arm64-postgresql-operator/.tox/integration/lib/python3.10/site-packages/websockets/legacy/protocol.py", line 1165, in read_frame
    frame = await Frame.read(
  File "/home/ubuntu/actions-runner/_work/test-runners-2-is-arm64-postgresql-operator/test-runners-2-is-arm64-postgresql-operator/.tox/integration/lib/python3.10/site-packages/websockets/legacy/framing.py", line 68, in read
    data = await reader(2)
  File "/usr/lib/python3.10/asyncio/streams.py", line 708, in readexactly
    await self._wait_for_data('readexactly')
  File "/usr/lib/python3.10/asyncio/streams.py", line 501, in _wait_for_data
    await self._waiter
asyncio.exceptions.CancelledError

The above exception was the direct cause of the following exception:

Traceback (most recent call last):
  File "/home/ubuntu/actions-runner/_work/test-runners-2-is-arm64-postgresql-operator/test-runners-2-is-arm64-postgresql-operator/.tox/integration/lib/python3.10/site-packages/juju/client/connection.py", line 788, in reconnect
    res = await connector(
  File "/home/ubuntu/actions-runner/_work/test-runners-2-is-arm64-postgresql-operator/test-runners-2-is-arm64-postgresql-operator/.tox/integration/lib/python3.10/site-packages/juju/client/connection.py", line 873, in _connect_with_login
    result = (await self.login())['response']
  File "/home/ubuntu/actions-runner/_work/test-runners-2-is-arm64-postgresql-operator/test-runners-2-is-arm64-postgresql-operator/.tox/integration/lib/python3.10/site-packages/juju/client/connection.py", line 970, in login
    return await self.rpc({
  File "/home/ubuntu/actions-runner/_work/test-runners-2-is-arm64-postgresql-operator/test-runners-2-is-arm64-postgresql-operator/.tox/integration/lib/python3.10/site-packages/juju/client/connection.py", line 664, in rpc
    result = await self._recv(msg['request-id'])
  File "/home/ubuntu/actions-runner/_work/test-runners-2-is-arm64-postgresql-operator/test-runners-2-is-arm64-postgresql-operator/.tox/integration/lib/python3.10/site-packages/juju/client/connection.py", line 477, in _recv
    return await self.messages.get(request_id)
  File "/home/ubuntu/actions-runner/_work/test-runners-2-is-arm64-postgresql-operator/test-runners-2-is-arm64-postgresql-operator/.tox/integration/lib/python3.10/site-packages/juju/utils.py", line 110, in get
    raise value
  File "/home/ubuntu/actions-runner/_work/test-runners-2-is-arm64-postgresql-operator/test-runners-2-is-arm64-postgresql-operator/.tox/integration/lib/python3.10/site-packages/juju/client/connection.py", line 565, in _receiver
    result = await utils.run_with_interrupt(
  File "/home/ubuntu/actions-runner/_work/test-runners-2-is-arm64-postgresql-operator/test-runners-2-is-arm64-postgresql-operator/.tox/integration/lib/python3.10/site-packages/juju/utils.py", line 191, in run_with_interrupt
    return task.result()  # may raise exception
websockets.exceptions.ConnectionClosedError: sent 1011 (internal error) keepalive ping timeout; no close frame received
[32mINFO    [0m pytest_operator.plugin:plugin.py:862 Model status:

Model  Controller           Cloud/Region         Version  SLA          Timestamp
test   localhost-localhost  localhost/localhost  3.4.4    unsupported  05:42:18Z

App                  Version  Status   Scale  Charm                Channel      Rev  Exposed  Message
postgresql                    waiting    0/3  postgresql           14/edge      455  no       waiting for machine
postgresql-test-app           waiting    0/1  postgresql-test-app  latest/edge  207  no       waiting for machine

Unit                   Workload  Agent       Machine  Public address  Ports  Message
postgresql-test-app/0  waiting   allocating  3        10.43.246.38           waiting for machine
postgresql/0           waiting   allocating  0        10.43.246.11           waiting for machine
postgresql/1           waiting   allocating  1        10.43.246.141          waiting for machine
postgresql/2           waiting   allocating  2        10.43.246.223          waiting for machine

Machine  State    Address        Inst id        Base          AZ  Message
0        pending  10.43.246.11   juju-fbaced-0  ubuntu@22.04      Running
1        pending  10.43.246.141  juju-fbaced-1  ubuntu@22.04      Running
2        pending  10.43.246.223  juju-fbaced-2  ubuntu@22.04      Running
3        pending  10.43.246.38   juju-fbaced-3  ubuntu@22.04      Running

[32mINFO    [0m pytest_operator.plugin:plugin.py:868 Juju error logs:


[32mINFO    [0m pytest_operator.plugin:plugin.py:947 Forgetting model main...