[32mINFO    [0m pytest_operator.plugin:plugin.py:862 Model status:

Model  Controller           Cloud/Region         Version  SLA          Timestamp
test   localhost-localhost  localhost/localhost  3.1.8    unsupported  01:58:53Z

App             Version  Status       Scale  Charm       Channel  Rev  Exposed  Message
first-cluster   14.11    maintenance      3  postgresql             0  no       reconfiguring cluster
second-cluster  14.11    error            1  postgresql             1  no       hook failed: "update-status"

Unit               Workload     Agent      Machine  Public address  Ports     Message
first-cluster/0    waiting      idle       0        10.154.143.94   5432/tcp  awaiting for cluster to start
first-cluster/1    waiting      idle       1        10.154.143.46   5432/tcp  awaiting for cluster to start
first-cluster/2*   maintenance  executing  2        10.154.143.143  5432/tcp  reconfiguring cluster
second-cluster/0*  error        idle       3        10.154.143.63   5432/tcp  hook failed: "update-status"

Machine  State    Address         Inst id        Base          AZ  Message
0        started  10.154.143.94   juju-ef6f69-0  ubuntu@22.04      Running
1        started  10.154.143.46   juju-ef6f69-1  ubuntu@22.04      Running
2        started  10.154.143.143  juju-ef6f69-2  ubuntu@22.04      Running
3        started  10.154.143.63   juju-ef6f69-3  ubuntu@22.04      Running

[32mINFO    [0m pytest_operator.plugin:plugin.py:868 Juju error logs:

unit-first-cluster-2: 01:54:34 ERROR juju.worker.meterstatus error running "meter-status-changed": charm missing from disk
machine-1: 01:54:36 ERROR juju.worker.dependency "broker-tracker" manifold worker returned unexpected error: no container types determined
machine-1: 01:54:36 ERROR juju.worker.dependency "lxd-container-provisioner" manifold worker returned unexpected error: container types not yet available
machine-1: 01:54:36 ERROR juju.worker.dependency "kvm-container-provisioner" manifold worker returned unexpected error: container types not yet available
machine-2: 01:54:36 ERROR juju.worker.dependency "kvm-container-provisioner" manifold worker returned unexpected error: container types not yet available
machine-2: 01:54:36 ERROR juju.worker.dependency "broker-tracker" manifold worker returned unexpected error: no container types determined
machine-2: 01:54:36 ERROR juju.worker.dependency "lxd-container-provisioner" manifold worker returned unexpected error: container types not yet available
unit-first-cluster-1: 01:54:37 ERROR juju.worker.meterstatus error running "meter-status-changed": charm missing from disk
machine-0: 01:54:54 ERROR juju.worker.dependency "kvm-container-provisioner" manifold worker returned unexpected error: container types not yet available
machine-0: 01:54:54 ERROR juju.worker.dependency "broker-tracker" manifold worker returned unexpected error: no container types determined
machine-0: 01:54:54 ERROR juju.worker.dependency "lxd-container-provisioner" manifold worker returned unexpected error: container types not yet available
unit-first-cluster-0: 01:54:54 ERROR juju.worker.meterstatus error running "meter-status-changed": charm missing from disk
machine-3: 01:55:19 ERROR juju.worker.dependency "broker-tracker" manifold worker returned unexpected error: no container types determined
machine-3: 01:55:19 ERROR juju.worker.dependency "kvm-container-provisioner" manifold worker returned unexpected error: container types not yet available
machine-3: 01:55:19 ERROR juju.worker.dependency "lxd-container-provisioner" manifold worker returned unexpected error: container types not yet available
unit-second-cluster-0: 01:55:19 ERROR juju.worker.meterstatus error running "meter-status-changed": charm missing from disk
unit-first-cluster-2: 01:56:48 ERROR unit.first-cluster/2.juju-log database-peers:2: Failed to list PostgreSQL database users: could not translate host name "None" to address: Temporary failure in name resolution

unit-second-cluster-0: 01:57:58 ERROR unit.second-cluster/0.juju-log Uncaught exception while in charm code:
Traceback (most recent call last):
  File "/var/lib/juju/agents/unit-second-cluster-0/charm/venv/urllib3/connectionpool.py", line 536, in _make_request
    response = conn.getresponse()
  File "/var/lib/juju/agents/unit-second-cluster-0/charm/venv/urllib3/connection.py", line 464, in getresponse
    httplib_response = super().getresponse()
  File "/usr/lib/python3.10/http/client.py", line 1375, in getresponse
    response.begin()
  File "/usr/lib/python3.10/http/client.py", line 318, in begin
    version, status, reason = self._read_status()
  File "/usr/lib/python3.10/http/client.py", line 279, in _read_status
    line = str(self.fp.readline(_MAXLINE + 1), "iso-8859-1")
  File "/usr/lib/python3.10/socket.py", line 705, in readinto
    return self._sock.recv_into(b)
TimeoutError: timed out

The above exception was the direct cause of the following exception:

Traceback (most recent call last):
  File "/var/lib/juju/agents/unit-second-cluster-0/charm/venv/requests/adapters.py", line 667, in send
    resp = conn.urlopen(
  File "/var/lib/juju/agents/unit-second-cluster-0/charm/venv/urllib3/connectionpool.py", line 843, in urlopen
    retries = retries.increment(
  File "/var/lib/juju/agents/unit-second-cluster-0/charm/venv/urllib3/util/retry.py", line 474, in increment
    raise reraise(type(error), error, _stacktrace)
  File "/var/lib/juju/agents/unit-second-cluster-0/charm/venv/urllib3/util/util.py", line 39, in reraise
    raise value
  File "/var/lib/juju/agents/unit-second-cluster-0/charm/venv/urllib3/connectionpool.py", line 789, in urlopen
    response = self._make_request(
  File "/var/lib/juju/agents/unit-second-cluster-0/charm/venv/urllib3/connectionpool.py", line 538, in _make_request
    self._raise_timeout(err=e, url=url, timeout_value=read_timeout)
  File "/var/lib/juju/agents/unit-second-cluster-0/charm/venv/urllib3/connectionpool.py", line 369, in _raise_timeout
    raise ReadTimeoutError(
urllib3.exceptions.ReadTimeoutError: HTTPConnectionPool(host='10.154.143.63', port=8008): Read timed out. (read timeout=5)

During handling of the above exception, another exception occurred:

Traceback (most recent call last):
  File "/var/lib/juju/agents/unit-second-cluster-0/charm/src/cluster.py", line 247, in get_primary
    cluster_status = requests.get(
  File "/var/lib/juju/agents/unit-second-cluster-0/charm/venv/requests/api.py", line 73, in get
    return request("get", url, params=params, **kwargs)
  File "/var/lib/juju/agents/unit-second-cluster-0/charm/venv/requests/api.py", line 59, in request
    return session.request(method=method, url=url, **kwargs)
  File "/var/lib/juju/agents/unit-second-cluster-0/charm/venv/requests/sessions.py", line 589, in request
    resp = self.send(prep, **send_kwargs)
  File "/var/lib/juju/agents/unit-second-cluster-0/charm/venv/requests/sessions.py", line 703, in send
    r = adapter.send(request, **kwargs)
  File "/var/lib/juju/agents/unit-second-cluster-0/charm/venv/requests/adapters.py", line 713, in send
    raise ReadTimeout(e, request=request)
requests.exceptions.ReadTimeout: HTTPConnectionPool(host='10.154.143.63', port=8008): Read timed out. (read timeout=5)

The above exception was the direct cause of the following exception:

Traceback (most recent call last):
  File "/var/lib/juju/agents/unit-second-cluster-0/charm/./src/charm.py", line 1705, in <module>
    main(PostgresqlOperatorCharm)
  File "/var/lib/juju/agents/unit-second-cluster-0/charm/venv/ops/main.py", line 548, in main
    manager.run()
  File "/var/lib/juju/agents/unit-second-cluster-0/charm/venv/ops/main.py", line 527, in run
    self._emit()
  File "/var/lib/juju/agents/unit-second-cluster-0/charm/venv/ops/main.py", line 513, in _emit
    self.framework.reemit()
  File "/var/lib/juju/agents/unit-second-cluster-0/charm/venv/ops/framework.py", line 870, in reemit
    self._reemit()
  File "/var/lib/juju/agents/unit-second-cluster-0/charm/venv/ops/framework.py", line 950, in _reemit
    custom_handler(event)
  File "/var/lib/juju/agents/unit-second-cluster-0/charm/lib/charms/tempo_k8s/v1/charm_tracing.py", line 544, in wrapped_function
    return callable(*args, **kwargs)  # type: ignore
  File "/var/lib/juju/agents/unit-second-cluster-0/charm/./src/charm.py", line 1087, in _on_start
    self._start_primary(event)
  File "/var/lib/juju/agents/unit-second-cluster-0/charm/lib/charms/tempo_k8s/v1/charm_tracing.py", line 544, in wrapped_function
    return callable(*args, **kwargs)  # type: ignore
  File "/var/lib/juju/agents/unit-second-cluster-0/charm/./src/charm.py", line 1165, in _start_primary
    self.enable_disable_extensions()
  File "/var/lib/juju/agents/unit-second-cluster-0/charm/lib/charms/tempo_k8s/v1/charm_tracing.py", line 544, in wrapped_function
    return callable(*args, **kwargs)  # type: ignore
  File "/var/lib/juju/agents/unit-second-cluster-0/charm/./src/charm.py", line 985, in enable_disable_extensions
    if self._patroni.get_primary() is None:
  File "/var/lib/juju/agents/unit-second-cluster-0/charm/lib/charms/tempo_k8s/v1/charm_tracing.py", line 544, in wrapped_function
    return callable(*args, **kwargs)  # type: ignore
  File "/var/lib/juju/agents/unit-second-cluster-0/charm/src/cluster.py", line 244, in get_primary
    for attempt in Retrying(stop=stop_after_attempt(2 * len(self.peers_ips) + 1)):
  File "/var/lib/juju/agents/unit-second-cluster-0/charm/venv/tenacity/__init__.py", line 437, in __iter__
    do = self.iter(retry_state=retry_state)
  File "/var/lib/juju/agents/unit-second-cluster-0/charm/venv/tenacity/__init__.py", line 370, in iter
    result = action(retry_state)
  File "/var/lib/juju/agents/unit-second-cluster-0/charm/venv/tenacity/__init__.py", line 413, in exc_check
    raise retry_exc from fut.exception()
tenacity.RetryError: RetryError[<Future at 0xffffab0af520 state=finished raised ReadTimeout>]
unit-second-cluster-0: 01:58:09 ERROR juju.worker.uniter.operation hook "update-status" (via hook dispatching script: dispatch) failed: exit status 1

[32mINFO    [0m pytest_operator.plugin:plugin.py:947 Forgetting model main...