[32mINFO    [0m pytest_operator.plugin:plugin.py:734 Connecting to existing model localhost-localhost:test on unspecified cloud
[32mINFO    [0m juju.model:model.py:2097 Deploying ch:arm64/jammy/s3-integrator-32
[32mINFO    [0m juju.model:model.py:2097 Deploying ch:arm64/jammy/self-signed-certificates-186
[32mINFO    [0m juju.model:model.py:2097 Deploying local:jammy/postgresql-0
[33mWARNING [0m juju.model:model.py:1563 relate is deprecated and will be removed. Use integrate instead.
[32mINFO    [0m juju.model:model.py:2971 Waiting for model:
  postgresql-aws/0 [allocating] waiting: waiting for machine
  postgresql-aws/1 [allocating] waiting: waiting for machine
[32mINFO    [0m juju.model:model.py:2971 Waiting for model:
  postgresql-aws/0 [allocating] waiting: waiting for machine
  postgresql-aws/1 [allocating] waiting: waiting for machine
[32mINFO    [0m juju.model:model.py:2971 Waiting for model:
  postgresql-aws/0 [allocating] waiting: waiting for machine
  postgresql-aws/1 [allocating] waiting: waiting for machine
[32mINFO    [0m juju.model:model.py:2971 Waiting for model:
  postgresql-aws/0 [allocating] waiting: waiting for machine
  postgresql-aws/1 [allocating] waiting: waiting for machine
[32mINFO    [0m juju.model:model.py:2971 Waiting for model:
  postgresql-aws/0 [allocating] waiting: waiting for machine
  postgresql-aws/1 [allocating] waiting: waiting for machine
[32mINFO    [0m juju.model:model.py:2971 Waiting for model:
  postgresql-aws/0 [allocating] waiting: waiting for machine
  postgresql-aws/1 [allocating] waiting: waiting for machine
[32mINFO    [0m juju.model:model.py:2971 Waiting for model:
  postgresql-aws/0 [allocating] waiting: agent initialising
  postgresql-aws/1 [allocating] waiting: agent initialising
[32mINFO    [0m juju.model:model.py:2971 Waiting for model:
  postgresql-aws/0 [executing] waiting: waiting to start PostgreSQL
  postgresql-aws/1 [executing] waiting: waiting to start PostgreSQL
[32mINFO    [0m juju.model:model.py:2971 Waiting for model:
  postgresql-aws/0 [executing] waiting: waiting to start PostgreSQL
  postgresql-aws/1 [executing] waiting: awaiting for cluster to start
[32mINFO    [0m juju.model:model.py:2971 Waiting for model:
  postgresql-aws/0 [executing] active: Primary
  postgresql-aws/1 [executing] waiting: awaiting for cluster to start
[32mINFO    [0m juju.model:model.py:2971 Waiting for model:
  postgresql-aws/0 [executing] active: Primary
  postgresql-aws/1 [executing] waiting: awaiting for cluster to start
[32mINFO    [0m juju.model:model.py:2971 Waiting for model:
  postgresql-aws/0 [executing] maintenance: reconfiguring cluster
  postgresql-aws/1 [idle] waiting: awaiting for cluster to start
[32mINFO    [0m juju.model:model.py:2971 Waiting for model:
  postgresql-aws/0 [executing] maintenance: Executing restart operation
  postgresql-aws/1 [executing] waiting: awaiting for member to start
[32mINFO    [0m juju.model:model.py:2971 Waiting for model:
  postgresql-aws/0 [executing] active: 
  postgresql-aws/1 [executing] waiting: Awaiting restart operation
[32mINFO    [0m juju.model:model.py:2971 Waiting for model:
  postgresql-aws/0 [executing] active: Primary
  postgresql-aws/1 [executing] waiting: Awaiting restart operation
[32mINFO    [0m juju.model:model.py:2971 Waiting for model:
  postgresql-aws/0 [executing] active: 
  postgresql-aws/1 [idle] active: 
[32mINFO    [0m juju.model:model.py:2971 Waiting for model:
  postgresql-aws/0 [executing] active: Primary
[32mINFO    [0m juju.model:model.py:2971 Waiting for model:
  postgresql-aws/0 [executing] active: 
  postgresql-aws/1 [executing] active: 
[32mINFO    [0m juju.model:model.py:2971 Waiting for model:
  postgresql-aws/0 [idle] active: 
[33mWARNING [0m juju.model:model.py:1563 relate is deprecated and will be removed. Use integrate instead.
[32mINFO    [0m integration.test_backups_pitr:test_backups_pitr.py:123 configuring S3 integrator for AWS
[32mINFO    [0m juju.model:model.py:2971 Waiting for model:
  postgresql-aws/0 [executing] active: 
  postgresql-aws/1 [executing] active: 
  s3-integrator/0 [executing] blocked: Missing parameters: ['access-key', 'secret-key']
[32mINFO    [0m juju.model:model.py:2971 Waiting for model:
  postgresql-aws/0 [executing] maintenance: initialising stanza
[32mINFO    [0m juju.model:model.py:2971 Waiting for model:
  postgresql-aws/0 [executing] maintenance: initialising stanza
[32mINFO    [0m juju.model:model.py:2971 Waiting for model:
  postgresql-aws/0 [executing] maintenance: initialising stanza
  postgresql-aws/1 [idle] active: 
[32mINFO    [0m juju.model:model.py:2971 Waiting for model:
  postgresql-aws/0 [executing] maintenance: initialising stanza
  postgresql-aws/1 [executing] active: 
  s3-integrator/0 [idle] active: 
[32mINFO    [0m juju.model:model.py:2971 Waiting for model:
  postgresql-aws/0 [executing] maintenance: initialising stanza
  postgresql-aws/1 [executing] active: 
[32mINFO    [0m juju.model:model.py:2971 Waiting for model:
  postgresql-aws/0 [executing] maintenance: checking stanza
[32mINFO    [0m juju.model:model.py:2971 Waiting for model:
  postgresql-aws/0 [executing] active: Primary
  postgresql-aws/1 [idle] active: 
[32mINFO    [0m integration.test_backups_pitr:test_backups_pitr.py:144 creating a table in the database
[32mINFO    [0m integration.test_backups_pitr:test_backups_pitr.py:153 creating a backup
[32mINFO    [0m juju.model:model.py:2971 Waiting for model:
  postgresql-aws/0 [executing] active: Primary
  postgresql-aws/1 [idle] active: 
  s3-integrator/0 [idle] active: 
[32mINFO    [0m juju.model:model.py:2971 Waiting for model:
  postgresql-aws/0 [idle] active: Primary
[32mINFO    [0m integration.test_backups_pitr:test_backups_pitr.py:163 listing the available backups
[32mINFO    [0m juju.model:model.py:2971 Waiting for model:
  s3-integrator/0 [idle] active: 
  self-signed-certificates/0 [idle] active: 
  postgresql-aws/0 [idle] active: Primary
  postgresql-aws/1 [idle] active: 
[32mINFO    [0m integration.test_backups_pitr:test_backups_pitr.py:171 creating after-backup data in the database
[32mINFO    [0m integration.test_backups_pitr:test_backups_pitr.py:214 restoring the backup with bad restore-to-time parameter
[32mINFO    [0m integration.test_backups_pitr:test_backups_pitr.py:224 restoring the backup with unreachable restore-to-time parameter
[32mINFO    [0m integration.test_backups_pitr:test_backups_pitr.py:229 waiting for the database charm to become blocked
[32mINFO    [0m integration.test_backups_pitr:test_backups_pitr.py:78 deleting the previously created backups
[32mINFO    [0m pytest_operator.plugin:plugin.py:862 Model status:

Model  Controller           Cloud/Region         Version  SLA          Timestamp
test   localhost-localhost  localhost/localhost  3.4.4    unsupported  03:52:15Z

App                       Version  Status  Scale  Charm                     Channel        Rev  Exposed  Message
postgresql-aws            14.12    active      1  postgresql                                 0  no       
s3-integrator                      active      1  s3-integrator             latest/stable   32  no       
self-signed-certificates           active      1  self-signed-certificates  latest/edge    186  no       

Unit                         Workload  Agent  Machine  Public address  Ports     Message
postgresql-aws/0*            error     idle   2        10.43.194.154   5432/tcp  hook failed: "update-status"
s3-integrator/0*             active    idle   0        10.43.194.32              
self-signed-certificates/0*  active    idle   1        10.43.194.210             

Machine  State    Address        Inst id        Base          AZ  Message
0        started  10.43.194.32   juju-d23241-0  ubuntu@22.04      Running
1        started  10.43.194.210  juju-d23241-1  ubuntu@22.04      Running
2        started  10.43.194.154  juju-d23241-2  ubuntu@22.04      Running

[32mINFO    [0m pytest_operator.plugin:plugin.py:868 Juju error logs:

machine-0: 01:59:20 ERROR juju.worker.dependency "kvm-container-provisioner" manifold worker returned unexpected error: container types not yet available
machine-1: 01:59:20 ERROR juju.worker.dependency "kvm-container-provisioner" manifold worker returned unexpected error: container types not yet available
machine-0: 01:59:20 ERROR juju.worker.dependency "lxd-container-provisioner" manifold worker returned unexpected error: container types not yet available
machine-1: 01:59:20 ERROR juju.worker.dependency "lxd-container-provisioner" manifold worker returned unexpected error: container types not yet available
unit-s3-integrator-0: 01:59:21 ERROR juju.worker.meterstatus error running "meter-status-changed": charm missing from disk
unit-self-signed-certificates-0: 01:59:21 ERROR juju.worker.meterstatus error running "meter-status-changed": charm missing from disk
unit-postgresql-aws-0: 01:59:51 ERROR juju.worker.meterstatus error running "meter-status-changed": charm missing from disk
unit-postgresql-aws-1: 01:59:51 ERROR juju.worker.meterstatus error running "meter-status-changed": charm missing from disk
machine-3: 01:59:51 ERROR juju.worker.dependency "kvm-container-provisioner" manifold worker returned unexpected error: container types not yet available
machine-3: 01:59:51 ERROR juju.worker.dependency "lxd-container-provisioner" manifold worker returned unexpected error: container types not yet available
machine-2: 01:59:51 ERROR juju.worker.dependency "lxd-container-provisioner" manifold worker returned unexpected error: container types not yet available
machine-2: 01:59:51 ERROR juju.worker.dependency "kvm-container-provisioner" manifold worker returned unexpected error: container types not yet available
unit-postgresql-aws-0: 02:01:24 ERROR unit.postgresql-aws/0.juju-log upgrade:2: Failed to list PostgreSQL database users: could not translate host name "None" to address: Temporary failure in name resolution

unit-postgresql-aws-0: 03:02:19 ERROR unit.postgresql-aws/0.juju-log Restore failed: Bad restore-to-time format
unit-postgresql-aws-0: 03:35:31 ERROR unit.postgresql-aws/0.juju-log Uncaught exception while in charm code:
Traceback (most recent call last):
  File "/var/lib/juju/agents/unit-postgresql-aws-0/charm/./src/charm.py", line 1849, in <module>
    main(PostgresqlOperatorCharm)
  File "/var/lib/juju/agents/unit-postgresql-aws-0/charm/venv/ops/main.py", line 548, in main
    manager.run()
  File "/var/lib/juju/agents/unit-postgresql-aws-0/charm/venv/ops/main.py", line 527, in run
    self._emit()
  File "/var/lib/juju/agents/unit-postgresql-aws-0/charm/venv/ops/main.py", line 516, in _emit
    _emit_charm_event(self.charm, self.dispatcher.event_name)
  File "/var/lib/juju/agents/unit-postgresql-aws-0/charm/venv/ops/main.py", line 147, in _emit_charm_event
    event_to_emit.emit(*args, **kwargs)
  File "/var/lib/juju/agents/unit-postgresql-aws-0/charm/venv/ops/framework.py", line 348, in emit
    framework._emit(event)
  File "/var/lib/juju/agents/unit-postgresql-aws-0/charm/venv/ops/framework.py", line 860, in _emit
    self._reemit(event_path)
  File "/var/lib/juju/agents/unit-postgresql-aws-0/charm/venv/ops/framework.py", line 950, in _reemit
    custom_handler(event)
  File "/var/lib/juju/agents/unit-postgresql-aws-0/charm/lib/charms/tempo_k8s/v1/charm_tracing.py", line 647, in wrapped_function
    return callable(*args, **kwargs)  # type: ignore
  File "/var/lib/juju/agents/unit-postgresql-aws-0/charm/src/backups.py", line 942, in _on_restore_action
    return_code, _, stderr = self._execute_command(
  File "/var/lib/juju/agents/unit-postgresql-aws-0/charm/lib/charms/tempo_k8s/v1/charm_tracing.py", line 647, in wrapped_function
    return callable(*args, **kwargs)  # type: ignore
  File "/var/lib/juju/agents/unit-postgresql-aws-0/charm/src/backups.py", line 333, in _execute_command
    process = run(
  File "/usr/lib/python3.10/subprocess.py", line 505, in run
    stdout, stderr = process.communicate(input, timeout=timeout)
  File "/usr/lib/python3.10/subprocess.py", line 1154, in communicate
    stdout, stderr = self._communicate(input, endtime, timeout)
  File "/usr/lib/python3.10/subprocess.py", line 2022, in _communicate
    self._check_timeout(endtime, orig_timeout, stdout, stderr)
  File "/usr/lib/python3.10/subprocess.py", line 1198, in _check_timeout
    raise TimeoutExpired(
subprocess.TimeoutExpired: Command '['charmed-postgresql.patronictl', '-c', '/var/snap/charmed-postgresql/current/etc/patroni/patroni.yaml', 'remove', 'postgresql-aws']' timed out after 10 seconds
unit-postgresql-aws-0: 03:36:52 ERROR unit.postgresql-aws/0.juju-log Uncaught exception while in charm code:
Traceback (most recent call last):
  File "/var/lib/juju/agents/unit-postgresql-aws-0/charm/venv/urllib3/connection.py", line 196, in _new_conn
    sock = connection.create_connection(
  File "/var/lib/juju/agents/unit-postgresql-aws-0/charm/venv/urllib3/util/connection.py", line 85, in create_connection
    raise err
  File "/var/lib/juju/agents/unit-postgresql-aws-0/charm/venv/urllib3/util/connection.py", line 73, in create_connection
    sock.connect(sa)
OSError: [Errno 113] No route to host

The above exception was the direct cause of the following exception:

Traceback (most recent call last):
  File "/var/lib/juju/agents/unit-postgresql-aws-0/charm/venv/urllib3/connectionpool.py", line 789, in urlopen
    response = self._make_request(
  File "/var/lib/juju/agents/unit-postgresql-aws-0/charm/venv/urllib3/connectionpool.py", line 490, in _make_request
    raise new_e
  File "/var/lib/juju/agents/unit-postgresql-aws-0/charm/venv/urllib3/connectionpool.py", line 466, in _make_request
    self._validate_conn(conn)
  File "/var/lib/juju/agents/unit-postgresql-aws-0/charm/venv/urllib3/connectionpool.py", line 1095, in _validate_conn
    conn.connect()
  File "/var/lib/juju/agents/unit-postgresql-aws-0/charm/venv/urllib3/connection.py", line 615, in connect
    self.sock = sock = self._new_conn()
  File "/var/lib/juju/agents/unit-postgresql-aws-0/charm/venv/urllib3/connection.py", line 211, in _new_conn
    raise NewConnectionError(
urllib3.exceptions.NewConnectionError: <urllib3.connection.HTTPSConnection object at 0xee1f1a3b3190>: Failed to establish a new connection: [Errno 113] No route to host

The above exception was the direct cause of the following exception:

Traceback (most recent call last):
  File "/var/lib/juju/agents/unit-postgresql-aws-0/charm/venv/requests/adapters.py", line 667, in send
    resp = conn.urlopen(
  File "/var/lib/juju/agents/unit-postgresql-aws-0/charm/venv/urllib3/connectionpool.py", line 843, in urlopen
    retries = retries.increment(
  File "/var/lib/juju/agents/unit-postgresql-aws-0/charm/venv/urllib3/util/retry.py", line 519, in increment
    raise MaxRetryError(_pool, url, reason) from reason  # type: ignore[arg-type]
urllib3.exceptions.MaxRetryError: HTTPSConnectionPool(host='10.43.194.33', port=8008): Max retries exceeded with url: /cluster (Caused by NewConnectionError('<urllib3.connection.HTTPSConnection object at 0xee1f1a3b3190>: Failed to establish a new connection: [Errno 113] No route to host'))

During handling of the above exception, another exception occurred:

Traceback (most recent call last):
  File "/var/lib/juju/agents/unit-postgresql-aws-0/charm/src/cluster.py", line 203, in get_member_ip
    cluster_status = requests.get(
  File "/var/lib/juju/agents/unit-postgresql-aws-0/charm/venv/requests/api.py", line 73, in get
    return request("get", url, params=params, **kwargs)
  File "/var/lib/juju/agents/unit-postgresql-aws-0/charm/venv/requests/api.py", line 59, in request
    return session.request(method=method, url=url, **kwargs)
  File "/var/lib/juju/agents/unit-postgresql-aws-0/charm/venv/requests/sessions.py", line 589, in request
    resp = self.send(prep, **send_kwargs)
  File "/var/lib/juju/agents/unit-postgresql-aws-0/charm/venv/requests/sessions.py", line 703, in send
    r = adapter.send(request, **kwargs)
  File "/var/lib/juju/agents/unit-postgresql-aws-0/charm/venv/requests/adapters.py", line 700, in send
    raise ConnectionError(e, request=request)
requests.exceptions.ConnectionError: HTTPSConnectionPool(host='10.43.194.33', port=8008): Max retries exceeded with url: /cluster (Caused by NewConnectionError('<urllib3.connection.HTTPSConnection object at 0xee1f1a3b3190>: Failed to establish a new connection: [Errno 113] No route to host'))

The above exception was the direct cause of the following exception:

Traceback (most recent call last):
  File "/var/lib/juju/agents/unit-postgresql-aws-0/charm/./src/charm.py", line 1849, in <module>
    main(PostgresqlOperatorCharm)
  File "/var/lib/juju/agents/unit-postgresql-aws-0/charm/venv/ops/main.py", line 548, in main
    manager.run()
  File "/var/lib/juju/agents/unit-postgresql-aws-0/charm/venv/ops/main.py", line 527, in run
    self._emit()
  File "/var/lib/juju/agents/unit-postgresql-aws-0/charm/venv/ops/main.py", line 513, in _emit
    self.framework.reemit()
  File "/var/lib/juju/agents/unit-postgresql-aws-0/charm/venv/ops/framework.py", line 870, in reemit
    self._reemit()
  File "/var/lib/juju/agents/unit-postgresql-aws-0/charm/venv/ops/framework.py", line 950, in _reemit
    custom_handler(event)
  File "/var/lib/juju/agents/unit-postgresql-aws-0/charm/lib/charms/tempo_k8s/v1/charm_tracing.py", line 647, in wrapped_function
    return callable(*args, **kwargs)  # type: ignore
  File "/var/lib/juju/agents/unit-postgresql-aws-0/charm/./src/charm.py", line 418, in _on_peer_relation_departed
    member_ip = self._patroni.get_member_ip(departing_member)
  File "/var/lib/juju/agents/unit-postgresql-aws-0/charm/lib/charms/tempo_k8s/v1/charm_tracing.py", line 647, in wrapped_function
    return callable(*args, **kwargs)  # type: ignore
  File "/var/lib/juju/agents/unit-postgresql-aws-0/charm/src/cluster.py", line 200, in get_member_ip
    for attempt in Retrying(stop=stop_after_attempt(2 * len(self.peers_ips) + 1)):
  File "/var/lib/juju/agents/unit-postgresql-aws-0/charm/venv/tenacity/__init__.py", line 443, in __iter__
    do = self.iter(retry_state=retry_state)
  File "/var/lib/juju/agents/unit-postgresql-aws-0/charm/venv/tenacity/__init__.py", line 376, in iter
    result = action(retry_state)
  File "/var/lib/juju/agents/unit-postgresql-aws-0/charm/venv/tenacity/__init__.py", line 419, in exc_check
    raise retry_exc from fut.exception()
tenacity.RetryError: RetryError[<Future at 0xee1f1a3b2380 state=finished raised ConnectionError>]
unit-postgresql-aws-0: 03:36:52 ERROR juju.worker.uniter.operation hook "update-status" (via hook dispatching script: dispatch) failed: exit status 1
unit-postgresql-aws-0: 03:38:14 ERROR unit.postgresql-aws/0.juju-log Uncaught exception while in charm code:
Traceback (most recent call last):
  File "/var/lib/juju/agents/unit-postgresql-aws-0/charm/venv/urllib3/connection.py", line 196, in _new_conn
    sock = connection.create_connection(
  File "/var/lib/juju/agents/unit-postgresql-aws-0/charm/venv/urllib3/util/connection.py", line 85, in create_connection
    raise err
  File "/var/lib/juju/agents/unit-postgresql-aws-0/charm/venv/urllib3/util/connection.py", line 73, in create_connection
    sock.connect(sa)
OSError: [Errno 113] No route to host

The above exception was the direct cause of the following exception:

Traceback (most recent call last):
  File "/var/lib/juju/agents/unit-postgresql-aws-0/charm/venv/urllib3/connectionpool.py", line 789, in urlopen
    response = self._make_request(
  File "/var/lib/juju/agents/unit-postgresql-aws-0/charm/venv/urllib3/connectionpool.py", line 490, in _make_request
    raise new_e
  File "/var/lib/juju/agents/unit-postgresql-aws-0/charm/venv/urllib3/connectionpool.py", line 466, in _make_request
    self._validate_conn(conn)
  File "/var/lib/juju/agents/unit-postgresql-aws-0/charm/venv/urllib3/connectionpool.py", line 1095, in _validate_conn
    conn.connect()
  File "/var/lib/juju/agents/unit-postgresql-aws-0/charm/venv/urllib3/connection.py", line 615, in connect
    self.sock = sock = self._new_conn()
  File "/var/lib/juju/agents/unit-postgresql-aws-0/charm/venv/urllib3/connection.py", line 211, in _new_conn
    raise NewConnectionError(
urllib3.exceptions.NewConnectionError: <urllib3.connection.HTTPSConnection object at 0xece211b6f190>: Failed to establish a new connection: [Errno 113] No route to host

The above exception was the direct cause of the following exception:

Traceback (most recent call last):
  File "/var/lib/juju/agents/unit-postgresql-aws-0/charm/venv/requests/adapters.py", line 667, in send
    resp = conn.urlopen(
  File "/var/lib/juju/agents/unit-postgresql-aws-0/charm/venv/urllib3/connectionpool.py", line 843, in urlopen
    retries = retries.increment(
  File "/var/lib/juju/agents/unit-postgresql-aws-0/charm/venv/urllib3/util/retry.py", line 519, in increment
    raise MaxRetryError(_pool, url, reason) from reason  # type: ignore[arg-type]
urllib3.exceptions.MaxRetryError: HTTPSConnectionPool(host='10.43.194.33', port=8008): Max retries exceeded with url: /cluster (Caused by NewConnectionError('<urllib3.connection.HTTPSConnection object at 0xece211b6f190>: Failed to establish a new connection: [Errno 113] No route to host'))

During handling of the above exception, another exception occurred:

Traceback (most recent call last):
  File "/var/lib/juju/agents/unit-postgresql-aws-0/charm/src/cluster.py", line 203, in get_member_ip
    cluster_status = requests.get(
  File "/var/lib/juju/agents/unit-postgresql-aws-0/charm/venv/requests/api.py", line 73, in get
    return request("get", url, params=params, **kwargs)
  File "/var/lib/juju/agents/unit-postgresql-aws-0/charm/venv/requests/api.py", line 59, in request
    return session.request(method=method, url=url, **kwargs)
  File "/var/lib/juju/agents/unit-postgresql-aws-0/charm/venv/requests/sessions.py", line 589, in request
    resp = self.send(prep, **send_kwargs)
  File "/var/lib/juju/agents/unit-postgresql-aws-0/charm/venv/requests/sessions.py", line 703, in send
    r = adapter.send(request, **kwargs)
  File "/var/lib/juju/agents/unit-postgresql-aws-0/charm/venv/requests/adapters.py", line 700, in send
    raise ConnectionError(e, request=request)
requests.exceptions.ConnectionError: HTTPSConnectionPool(host='10.43.194.33', port=8008): Max retries exceeded with url: /cluster (Caused by NewConnectionError('<urllib3.connection.HTTPSConnection object at 0xece211b6f190>: Failed to establish a new connection: [Errno 113] No route to host'))

The above exception was the direct cause of the following exception:

Traceback (most recent call last):
  File "/var/lib/juju/agents/unit-postgresql-aws-0/charm/./src/charm.py", line 1849, in <module>
    main(PostgresqlOperatorCharm)
  File "/var/lib/juju/agents/unit-postgresql-aws-0/charm/venv/ops/main.py", line 548, in main
    manager.run()
  File "/var/lib/juju/agents/unit-postgresql-aws-0/charm/venv/ops/main.py", line 527, in run
    self._emit()
  File "/var/lib/juju/agents/unit-postgresql-aws-0/charm/venv/ops/main.py", line 513, in _emit
    self.framework.reemit()
  File "/var/lib/juju/agents/unit-postgresql-aws-0/charm/venv/ops/framework.py", line 870, in reemit
    self._reemit()
  File "/var/lib/juju/agents/unit-postgresql-aws-0/charm/venv/ops/framework.py", line 950, in _reemit
    custom_handler(event)
  File "/var/lib/juju/agents/unit-postgresql-aws-0/charm/lib/charms/tempo_k8s/v1/charm_tracing.py", line 647, in wrapped_function
    return callable(*args, **kwargs)  # type: ignore
  File "/var/lib/juju/agents/unit-postgresql-aws-0/charm/./src/charm.py", line 418, in _on_peer_relation_departed
    member_ip = self._patroni.get_member_ip(departing_member)
  File "/var/lib/juju/agents/unit-postgresql-aws-0/charm/lib/charms/tempo_k8s/v1/charm_tracing.py", line 647, in wrapped_function
    return callable(*args, **kwargs)  # type: ignore
  File "/var/lib/juju/agents/unit-postgresql-aws-0/charm/src/cluster.py", line 200, in get_member_ip
    for attempt in Retrying(stop=stop_after_attempt(2 * len(self.peers_ips) + 1)):
  File "/var/lib/juju/agents/unit-postgresql-aws-0/charm/venv/tenacity/__init__.py", line 443, in __iter__
    do = self.iter(retry_state=retry_state)
  File "/var/lib/juju/agents/unit-postgresql-aws-0/charm/venv/tenacity/__init__.py", line 376, in iter
    result = action(retry_state)
  File "/var/lib/juju/agents/unit-postgresql-aws-0/charm/venv/tenacity/__init__.py", line 419, in exc_check
    raise retry_exc from fut.exception()
tenacity.RetryError: RetryError[<Future at 0xece211b6e380 state=finished raised ConnectionError>]
unit-postgresql-aws-0: 03:38:14 ERROR juju.worker.uniter.operation hook "update-status" (via hook dispatching script: dispatch) failed: exit status 1
unit-postgresql-aws-0: 03:39:40 ERROR unit.postgresql-aws/0.juju-log Uncaught exception while in charm code:
Traceback (most recent call last):
  File "/var/lib/juju/agents/unit-postgresql-aws-0/charm/venv/urllib3/connection.py", line 196, in _new_conn
    sock = connection.create_connection(
  File "/var/lib/juju/agents/unit-postgresql-aws-0/charm/venv/urllib3/util/connection.py", line 85, in create_connection
    raise err
  File "/var/lib/juju/agents/unit-postgresql-aws-0/charm/venv/urllib3/util/connection.py", line 73, in create_connection
    sock.connect(sa)
OSError: [Errno 113] No route to host

The above exception was the direct cause of the following exception:

Traceback (most recent call last):
  File "/var/lib/juju/agents/unit-postgresql-aws-0/charm/venv/urllib3/connectionpool.py", line 789, in urlopen
    response = self._make_request(
  File "/var/lib/juju/agents/unit-postgresql-aws-0/charm/venv/urllib3/connectionpool.py", line 490, in _make_request
    raise new_e
  File "/var/lib/juju/agents/unit-postgresql-aws-0/charm/venv/urllib3/connectionpool.py", line 466, in _make_request
    self._validate_conn(conn)
  File "/var/lib/juju/agents/unit-postgresql-aws-0/charm/venv/urllib3/connectionpool.py", line 1095, in _validate_conn
    conn.connect()
  File "/var/lib/juju/agents/unit-postgresql-aws-0/charm/venv/urllib3/connection.py", line 615, in connect
    self.sock = sock = self._new_conn()
  File "/var/lib/juju/agents/unit-postgresql-aws-0/charm/venv/urllib3/connection.py", line 211, in _new_conn
    raise NewConnectionError(
urllib3.exceptions.NewConnectionError: <urllib3.connection.HTTPSConnection object at 0xe9303c917190>: Failed to establish a new connection: [Errno 113] No route to host

The above exception was the direct cause of the following exception:

Traceback (most recent call last):
  File "/var/lib/juju/agents/unit-postgresql-aws-0/charm/venv/requests/adapters.py", line 667, in send
    resp = conn.urlopen(
  File "/var/lib/juju/agents/unit-postgresql-aws-0/charm/venv/urllib3/connectionpool.py", line 843, in urlopen
    retries = retries.increment(
  File "/var/lib/juju/agents/unit-postgresql-aws-0/charm/venv/urllib3/util/retry.py", line 519, in increment
    raise MaxRetryError(_pool, url, reason) from reason  # type: ignore[arg-type]
urllib3.exceptions.MaxRetryError: HTTPSConnectionPool(host='10.43.194.33', port=8008): Max retries exceeded with url: /cluster (Caused by NewConnectionError('<urllib3.connection.HTTPSConnection object at 0xe9303c917190>: Failed to establish a new connection: [Errno 113] No route to host'))

During handling of the above exception, another exception occurred:

Traceback (most recent call last):
  File "/var/lib/juju/agents/unit-postgresql-aws-0/charm/src/cluster.py", line 203, in get_member_ip
    cluster_status = requests.get(
  File "/var/lib/juju/agents/unit-postgresql-aws-0/charm/venv/requests/api.py", line 73, in get
    return request("get", url, params=params, **kwargs)
  File "/var/lib/juju/agents/unit-postgresql-aws-0/charm/venv/requests/api.py", line 59, in request
    return session.request(method=method, url=url, **kwargs)
  File "/var/lib/juju/agents/unit-postgresql-aws-0/charm/venv/requests/sessions.py", line 589, in request
    resp = self.send(prep, **send_kwargs)
  File "/var/lib/juju/agents/unit-postgresql-aws-0/charm/venv/requests/sessions.py", line 703, in send
    r = adapter.send(request, **kwargs)
  File "/var/lib/juju/agents/unit-postgresql-aws-0/charm/venv/requests/adapters.py", line 700, in send
    raise ConnectionError(e, request=request)
requests.exceptions.ConnectionError: HTTPSConnectionPool(host='10.43.194.33', port=8008): Max retries exceeded with url: /cluster (Caused by NewConnectionError('<urllib3.connection.HTTPSConnection object at 0xe9303c917190>: Failed to establish a new connection: [Errno 113] No route to host'))

The above exception was the direct cause of the following exception:

Traceback (most recent call last):
  File "/var/lib/juju/agents/unit-postgresql-aws-0/charm/./src/charm.py", line 1849, in <module>
    main(PostgresqlOperatorCharm)
  File "/var/lib/juju/agents/unit-postgresql-aws-0/charm/venv/ops/main.py", line 548, in main
    manager.run()
  File "/var/lib/juju/agents/unit-postgresql-aws-0/charm/venv/ops/main.py", line 527, in run
    self._emit()
  File "/var/lib/juju/agents/unit-postgresql-aws-0/charm/venv/ops/main.py", line 513, in _emit
    self.framework.reemit()
  File "/var/lib/juju/agents/unit-postgresql-aws-0/charm/venv/ops/framework.py", line 870, in reemit
    self._reemit()
  File "/var/lib/juju/agents/unit-postgresql-aws-0/charm/venv/ops/framework.py", line 950, in _reemit
    custom_handler(event)
  File "/var/lib/juju/agents/unit-postgresql-aws-0/charm/lib/charms/tempo_k8s/v1/charm_tracing.py", line 647, in wrapped_function
    return callable(*args, **kwargs)  # type: ignore
  File "/var/lib/juju/agents/unit-postgresql-aws-0/charm/./src/charm.py", line 418, in _on_peer_relation_departed
    member_ip = self._patroni.get_member_ip(departing_member)
  File "/var/lib/juju/agents/unit-postgresql-aws-0/charm/lib/charms/tempo_k8s/v1/charm_tracing.py", line 647, in wrapped_function
    return callable(*args, **kwargs)  # type: ignore
  File "/var/lib/juju/agents/unit-postgresql-aws-0/charm/src/cluster.py", line 200, in get_member_ip
    for attempt in Retrying(stop=stop_after_attempt(2 * len(self.peers_ips) + 1)):
  File "/var/lib/juju/agents/unit-postgresql-aws-0/charm/venv/tenacity/__init__.py", line 443, in __iter__
    do = self.iter(retry_state=retry_state)
  File "/var/lib/juju/agents/unit-postgresql-aws-0/charm/venv/tenacity/__init__.py", line 376, in iter
    result = action(retry_state)
  File "/var/lib/juju/agents/unit-postgresql-aws-0/charm/venv/tenacity/__init__.py", line 419, in exc_check
    raise retry_exc from fut.exception()
tenacity.RetryError: RetryError[<Future at 0xe9303c916380 state=finished raised ConnectionError>]
unit-postgresql-aws-0: 03:39:41 ERROR juju.worker.uniter.operation hook "update-status" (via hook dispatching script: dispatch) failed: exit status 1
unit-postgresql-aws-0: 03:41:17 ERROR unit.postgresql-aws/0.juju-log Uncaught exception while in charm code:
Traceback (most recent call last):
  File "/var/lib/juju/agents/unit-postgresql-aws-0/charm/venv/urllib3/connection.py", line 196, in _new_conn
    sock = connection.create_connection(
  File "/var/lib/juju/agents/unit-postgresql-aws-0/charm/venv/urllib3/util/connection.py", line 85, in create_connection
    raise err
  File "/var/lib/juju/agents/unit-postgresql-aws-0/charm/venv/urllib3/util/connection.py", line 73, in create_connection
    sock.connect(sa)
OSError: [Errno 113] No route to host

The above exception was the direct cause of the following exception:

Traceback (most recent call last):
  File "/var/lib/juju/agents/unit-postgresql-aws-0/charm/venv/urllib3/connectionpool.py", line 789, in urlopen
    response = self._make_request(
  File "/var/lib/juju/agents/unit-postgresql-aws-0/charm/venv/urllib3/connectionpool.py", line 490, in _make_request
    raise new_e
  File "/var/lib/juju/agents/unit-postgresql-aws-0/charm/venv/urllib3/connectionpool.py", line 466, in _make_request
    self._validate_conn(conn)
  File "/var/lib/juju/agents/unit-postgresql-aws-0/charm/venv/urllib3/connectionpool.py", line 1095, in _validate_conn
    conn.connect()
  File "/var/lib/juju/agents/unit-postgresql-aws-0/charm/venv/urllib3/connection.py", line 615, in connect
    self.sock = sock = self._new_conn()
  File "/var/lib/juju/agents/unit-postgresql-aws-0/charm/venv/urllib3/connection.py", line 211, in _new_conn
    raise NewConnectionError(
urllib3.exceptions.NewConnectionError: <urllib3.connection.HTTPSConnection object at 0xe58018a4b160>: Failed to establish a new connection: [Errno 113] No route to host

The above exception was the direct cause of the following exception:

Traceback (most recent call last):
  File "/var/lib/juju/agents/unit-postgresql-aws-0/charm/venv/requests/adapters.py", line 667, in send
    resp = conn.urlopen(
  File "/var/lib/juju/agents/unit-postgresql-aws-0/charm/venv/urllib3/connectionpool.py", line 843, in urlopen
    retries = retries.increment(
  File "/var/lib/juju/agents/unit-postgresql-aws-0/charm/venv/urllib3/util/retry.py", line 519, in increment
    raise MaxRetryError(_pool, url, reason) from reason  # type: ignore[arg-type]
urllib3.exceptions.MaxRetryError: HTTPSConnectionPool(host='10.43.194.33', port=8008): Max retries exceeded with url: /cluster (Caused by NewConnectionError('<urllib3.connection.HTTPSConnection object at 0xe58018a4b160>: Failed to establish a new connection: [Errno 113] No route to host'))

During handling of the above exception, another exception occurred:

Traceback (most recent call last):
  File "/var/lib/juju/agents/unit-postgresql-aws-0/charm/src/cluster.py", line 203, in get_member_ip
    cluster_status = requests.get(
  File "/var/lib/juju/agents/unit-postgresql-aws-0/charm/venv/requests/api.py", line 73, in get
    return request("get", url, params=params, **kwargs)
  File "/var/lib/juju/agents/unit-postgresql-aws-0/charm/venv/requests/api.py", line 59, in request
    return session.request(method=method, url=url, **kwargs)
  File "/var/lib/juju/agents/unit-postgresql-aws-0/charm/venv/requests/sessions.py", line 589, in request
    resp = self.send(prep, **send_kwargs)
  File "/var/lib/juju/agents/unit-postgresql-aws-0/charm/venv/requests/sessions.py", line 703, in send
    r = adapter.send(request, **kwargs)
  File "/var/lib/juju/agents/unit-postgresql-aws-0/charm/venv/requests/adapters.py", line 700, in send
    raise ConnectionError(e, request=request)
requests.exceptions.ConnectionError: HTTPSConnectionPool(host='10.43.194.33', port=8008): Max retries exceeded with url: /cluster (Caused by NewConnectionError('<urllib3.connection.HTTPSConnection object at 0xe58018a4b160>: Failed to establish a new connection: [Errno 113] No route to host'))

The above exception was the direct cause of the following exception:

Traceback (most recent call last):
  File "/var/lib/juju/agents/unit-postgresql-aws-0/charm/./src/charm.py", line 1849, in <module>
    main(PostgresqlOperatorCharm)
  File "/var/lib/juju/agents/unit-postgresql-aws-0/charm/venv/ops/main.py", line 548, in main
    manager.run()
  File "/var/lib/juju/agents/unit-postgresql-aws-0/charm/venv/ops/main.py", line 527, in run
    self._emit()
  File "/var/lib/juju/agents/unit-postgresql-aws-0/charm/venv/ops/main.py", line 513, in _emit
    self.framework.reemit()
  File "/var/lib/juju/agents/unit-postgresql-aws-0/charm/venv/ops/framework.py", line 870, in reemit
    self._reemit()
  File "/var/lib/juju/agents/unit-postgresql-aws-0/charm/venv/ops/framework.py", line 950, in _reemit
    custom_handler(event)
  File "/var/lib/juju/agents/unit-postgresql-aws-0/charm/lib/charms/tempo_k8s/v1/charm_tracing.py", line 647, in wrapped_function
    return callable(*args, **kwargs)  # type: ignore
  File "/var/lib/juju/agents/unit-postgresql-aws-0/charm/./src/charm.py", line 418, in _on_peer_relation_departed
    member_ip = self._patroni.get_member_ip(departing_member)
  File "/var/lib/juju/agents/unit-postgresql-aws-0/charm/lib/charms/tempo_k8s/v1/charm_tracing.py", line 647, in wrapped_function
    return callable(*args, **kwargs)  # type: ignore
  File "/var/lib/juju/agents/unit-postgresql-aws-0/charm/src/cluster.py", line 200, in get_member_ip
    for attempt in Retrying(stop=stop_after_attempt(2 * len(self.peers_ips) + 1)):
  File "/var/lib/juju/agents/unit-postgresql-aws-0/charm/venv/tenacity/__init__.py", line 443, in __iter__
    do = self.iter(retry_state=retry_state)
  File "/var/lib/juju/agents/unit-postgresql-aws-0/charm/venv/tenacity/__init__.py", line 376, in iter
    result = action(retry_state)
  File "/var/lib/juju/agents/unit-postgresql-aws-0/charm/venv/tenacity/__init__.py", line 419, in exc_check
    raise retry_exc from fut.exception()
tenacity.RetryError: RetryError[<Future at 0xe58018a4a320 state=finished raised ConnectionError>]
unit-postgresql-aws-0: 03:41:18 ERROR juju.worker.uniter.operation hook "update-status" (via hook dispatching script: dispatch) failed: exit status 1
unit-postgresql-aws-0: 03:43:14 ERROR unit.postgresql-aws/0.juju-log Uncaught exception while in charm code:
Traceback (most recent call last):
  File "/var/lib/juju/agents/unit-postgresql-aws-0/charm/venv/urllib3/connection.py", line 196, in _new_conn
    sock = connection.create_connection(
  File "/var/lib/juju/agents/unit-postgresql-aws-0/charm/venv/urllib3/util/connection.py", line 85, in create_connection
    raise err
  File "/var/lib/juju/agents/unit-postgresql-aws-0/charm/venv/urllib3/util/connection.py", line 73, in create_connection
    sock.connect(sa)
OSError: [Errno 113] No route to host

The above exception was the direct cause of the following exception:

Traceback (most recent call last):
  File "/var/lib/juju/agents/unit-postgresql-aws-0/charm/venv/urllib3/connectionpool.py", line 789, in urlopen
    response = self._make_request(
  File "/var/lib/juju/agents/unit-postgresql-aws-0/charm/venv/urllib3/connectionpool.py", line 490, in _make_request
    raise new_e
  File "/var/lib/juju/agents/unit-postgresql-aws-0/charm/venv/urllib3/connectionpool.py", line 466, in _make_request
    self._validate_conn(conn)
  File "/var/lib/juju/agents/unit-postgresql-aws-0/charm/venv/urllib3/connectionpool.py", line 1095, in _validate_conn
    conn.connect()
  File "/var/lib/juju/agents/unit-postgresql-aws-0/charm/venv/urllib3/connection.py", line 615, in connect
    self.sock = sock = self._new_conn()
  File "/var/lib/juju/agents/unit-postgresql-aws-0/charm/venv/urllib3/connection.py", line 211, in _new_conn
    raise NewConnectionError(
urllib3.exceptions.NewConnectionError: <urllib3.connection.HTTPSConnection object at 0xea62fe42b100>: Failed to establish a new connection: [Errno 113] No route to host

The above exception was the direct cause of the following exception:

Traceback (most recent call last):
  File "/var/lib/juju/agents/unit-postgresql-aws-0/charm/venv/requests/adapters.py", line 667, in send
    resp = conn.urlopen(
  File "/var/lib/juju/agents/unit-postgresql-aws-0/charm/venv/urllib3/connectionpool.py", line 843, in urlopen
    retries = retries.increment(
  File "/var/lib/juju/agents/unit-postgresql-aws-0/charm/venv/urllib3/util/retry.py", line 519, in increment
    raise MaxRetryError(_pool, url, reason) from reason  # type: ignore[arg-type]
urllib3.exceptions.MaxRetryError: HTTPSConnectionPool(host='10.43.194.33', port=8008): Max retries exceeded with url: /cluster (Caused by NewConnectionError('<urllib3.connection.HTTPSConnection object at 0xea62fe42b100>: Failed to establish a new connection: [Errno 113] No route to host'))

During handling of the above exception, another exception occurred:

Traceback (most recent call last):
  File "/var/lib/juju/agents/unit-postgresql-aws-0/charm/src/cluster.py", line 203, in get_member_ip
    cluster_status = requests.get(
  File "/var/lib/juju/agents/unit-postgresql-aws-0/charm/venv/requests/api.py", line 73, in get
    return request("get", url, params=params, **kwargs)
  File "/var/lib/juju/agents/unit-postgresql-aws-0/charm/venv/requests/api.py", line 59, in request
    return session.request(method=method, url=url, **kwargs)
  File "/var/lib/juju/agents/unit-postgresql-aws-0/charm/venv/requests/sessions.py", line 589, in request
    resp = self.send(prep, **send_kwargs)
  File "/var/lib/juju/agents/unit-postgresql-aws-0/charm/venv/requests/sessions.py", line 703, in send
    r = adapter.send(request, **kwargs)
  File "/var/lib/juju/agents/unit-postgresql-aws-0/charm/venv/requests/adapters.py", line 700, in send
    raise ConnectionError(e, request=request)
requests.exceptions.ConnectionError: HTTPSConnectionPool(host='10.43.194.33', port=8008): Max retries exceeded with url: /cluster (Caused by NewConnectionError('<urllib3.connection.HTTPSConnection object at 0xea62fe42b100>: Failed to establish a new connection: [Errno 113] No route to host'))

The above exception was the direct cause of the following exception:

Traceback (most recent call last):
  File "/var/lib/juju/agents/unit-postgresql-aws-0/charm/./src/charm.py", line 1849, in <module>
    main(PostgresqlOperatorCharm)
  File "/var/lib/juju/agents/unit-postgresql-aws-0/charm/venv/ops/main.py", line 548, in main
    manager.run()
  File "/var/lib/juju/agents/unit-postgresql-aws-0/charm/venv/ops/main.py", line 527, in run
    self._emit()
  File "/var/lib/juju/agents/unit-postgresql-aws-0/charm/venv/ops/main.py", line 513, in _emit
    self.framework.reemit()
  File "/var/lib/juju/agents/unit-postgresql-aws-0/charm/venv/ops/framework.py", line 870, in reemit
    self._reemit()
  File "/var/lib/juju/agents/unit-postgresql-aws-0/charm/venv/ops/framework.py", line 950, in _reemit
    custom_handler(event)
  File "/var/lib/juju/agents/unit-postgresql-aws-0/charm/lib/charms/tempo_k8s/v1/charm_tracing.py", line 647, in wrapped_function
    return callable(*args, **kwargs)  # type: ignore
  File "/var/lib/juju/agents/unit-postgresql-aws-0/charm/./src/charm.py", line 418, in _on_peer_relation_departed
    member_ip = self._patroni.get_member_ip(departing_member)
  File "/var/lib/juju/agents/unit-postgresql-aws-0/charm/lib/charms/tempo_k8s/v1/charm_tracing.py", line 647, in wrapped_function
    return callable(*args, **kwargs)  # type: ignore
  File "/var/lib/juju/agents/unit-postgresql-aws-0/charm/src/cluster.py", line 200, in get_member_ip
    for attempt in Retrying(stop=stop_after_attempt(2 * len(self.peers_ips) + 1)):
  File "/var/lib/juju/agents/unit-postgresql-aws-0/charm/venv/tenacity/__init__.py", line 443, in __iter__
    do = self.iter(retry_state=retry_state)
  File "/var/lib/juju/agents/unit-postgresql-aws-0/charm/venv/tenacity/__init__.py", line 376, in iter
    result = action(retry_state)
  File "/var/lib/juju/agents/unit-postgresql-aws-0/charm/venv/tenacity/__init__.py", line 419, in exc_check
    raise retry_exc from fut.exception()
tenacity.RetryError: RetryError[<Future at 0xea62fe42a1d0 state=finished raised ConnectionError>]
unit-postgresql-aws-0: 03:43:15 ERROR juju.worker.uniter.operation hook "update-status" (via hook dispatching script: dispatch) failed: exit status 1
unit-postgresql-aws-0: 03:45:52 ERROR unit.postgresql-aws/0.juju-log Uncaught exception while in charm code:
Traceback (most recent call last):
  File "/var/lib/juju/agents/unit-postgresql-aws-0/charm/venv/urllib3/connection.py", line 196, in _new_conn
    sock = connection.create_connection(
  File "/var/lib/juju/agents/unit-postgresql-aws-0/charm/venv/urllib3/util/connection.py", line 85, in create_connection
    raise err
  File "/var/lib/juju/agents/unit-postgresql-aws-0/charm/venv/urllib3/util/connection.py", line 73, in create_connection
    sock.connect(sa)
OSError: [Errno 113] No route to host

The above exception was the direct cause of the following exception:

Traceback (most recent call last):
  File "/var/lib/juju/agents/unit-postgresql-aws-0/charm/venv/urllib3/connectionpool.py", line 789, in urlopen
    response = self._make_request(
  File "/var/lib/juju/agents/unit-postgresql-aws-0/charm/venv/urllib3/connectionpool.py", line 490, in _make_request
    raise new_e
  File "/var/lib/juju/agents/unit-postgresql-aws-0/charm/venv/urllib3/connectionpool.py", line 466, in _make_request
    self._validate_conn(conn)
  File "/var/lib/juju/agents/unit-postgresql-aws-0/charm/venv/urllib3/connectionpool.py", line 1095, in _validate_conn
    conn.connect()
  File "/var/lib/juju/agents/unit-postgresql-aws-0/charm/venv/urllib3/connection.py", line 615, in connect
    self.sock = sock = self._new_conn()
  File "/var/lib/juju/agents/unit-postgresql-aws-0/charm/venv/urllib3/connection.py", line 211, in _new_conn
    raise NewConnectionError(
urllib3.exceptions.NewConnectionError: <urllib3.connection.HTTPSConnection object at 0xff43d6947190>: Failed to establish a new connection: [Errno 113] No route to host

The above exception was the direct cause of the following exception:

Traceback (most recent call last):
  File "/var/lib/juju/agents/unit-postgresql-aws-0/charm/venv/requests/adapters.py", line 667, in send
    resp = conn.urlopen(
  File "/var/lib/juju/agents/unit-postgresql-aws-0/charm/venv/urllib3/connectionpool.py", line 843, in urlopen
    retries = retries.increment(
  File "/var/lib/juju/agents/unit-postgresql-aws-0/charm/venv/urllib3/util/retry.py", line 519, in increment
    raise MaxRetryError(_pool, url, reason) from reason  # type: ignore[arg-type]
urllib3.exceptions.MaxRetryError: HTTPSConnectionPool(host='10.43.194.33', port=8008): Max retries exceeded with url: /cluster (Caused by NewConnectionError('<urllib3.connection.HTTPSConnection object at 0xff43d6947190>: Failed to establish a new connection: [Errno 113] No route to host'))

During handling of the above exception, another exception occurred:

Traceback (most recent call last):
  File "/var/lib/juju/agents/unit-postgresql-aws-0/charm/src/cluster.py", line 203, in get_member_ip
    cluster_status = requests.get(
  File "/var/lib/juju/agents/unit-postgresql-aws-0/charm/venv/requests/api.py", line 73, in get
    return request("get", url, params=params, **kwargs)
  File "/var/lib/juju/agents/unit-postgresql-aws-0/charm/venv/requests/api.py", line 59, in request
    return session.request(method=method, url=url, **kwargs)
  File "/var/lib/juju/agents/unit-postgresql-aws-0/charm/venv/requests/sessions.py", line 589, in request
    resp = self.send(prep, **send_kwargs)
  File "/var/lib/juju/agents/unit-postgresql-aws-0/charm/venv/requests/sessions.py", line 703, in send
    r = adapter.send(request, **kwargs)
  File "/var/lib/juju/agents/unit-postgresql-aws-0/charm/venv/requests/adapters.py", line 700, in send
    raise ConnectionError(e, request=request)
requests.exceptions.ConnectionError: HTTPSConnectionPool(host='10.43.194.33', port=8008): Max retries exceeded with url: /cluster (Caused by NewConnectionError('<urllib3.connection.HTTPSConnection object at 0xff43d6947190>: Failed to establish a new connection: [Errno 113] No route to host'))

The above exception was the direct cause of the following exception:

Traceback (most recent call last):
  File "/var/lib/juju/agents/unit-postgresql-aws-0/charm/./src/charm.py", line 1849, in <module>
    main(PostgresqlOperatorCharm)
  File "/var/lib/juju/agents/unit-postgresql-aws-0/charm/venv/ops/main.py", line 548, in main
    manager.run()
  File "/var/lib/juju/agents/unit-postgresql-aws-0/charm/venv/ops/main.py", line 527, in run
    self._emit()
  File "/var/lib/juju/agents/unit-postgresql-aws-0/charm/venv/ops/main.py", line 513, in _emit
    self.framework.reemit()
  File "/var/lib/juju/agents/unit-postgresql-aws-0/charm/venv/ops/framework.py", line 870, in reemit
    self._reemit()
  File "/var/lib/juju/agents/unit-postgresql-aws-0/charm/venv/ops/framework.py", line 950, in _reemit
    custom_handler(event)
  File "/var/lib/juju/agents/unit-postgresql-aws-0/charm/lib/charms/tempo_k8s/v1/charm_tracing.py", line 647, in wrapped_function
    return callable(*args, **kwargs)  # type: ignore
  File "/var/lib/juju/agents/unit-postgresql-aws-0/charm/./src/charm.py", line 418, in _on_peer_relation_departed
    member_ip = self._patroni.get_member_ip(departing_member)
  File "/var/lib/juju/agents/unit-postgresql-aws-0/charm/lib/charms/tempo_k8s/v1/charm_tracing.py", line 647, in wrapped_function
    return callable(*args, **kwargs)  # type: ignore
  File "/var/lib/juju/agents/unit-postgresql-aws-0/charm/src/cluster.py", line 200, in get_member_ip
    for attempt in Retrying(stop=stop_after_attempt(2 * len(self.peers_ips) + 1)):
  File "/var/lib/juju/agents/unit-postgresql-aws-0/charm/venv/tenacity/__init__.py", line 443, in __iter__
    do = self.iter(retry_state=retry_state)
  File "/var/lib/juju/agents/unit-postgresql-aws-0/charm/venv/tenacity/__init__.py", line 376, in iter
    result = action(retry_state)
  File "/var/lib/juju/agents/unit-postgresql-aws-0/charm/venv/tenacity/__init__.py", line 419, in exc_check
    raise retry_exc from fut.exception()
tenacity.RetryError: RetryError[<Future at 0xff43d6946380 state=finished raised ConnectionError>]
unit-postgresql-aws-0: 03:45:52 ERROR juju.worker.uniter.operation hook "update-status" (via hook dispatching script: dispatch) failed: exit status 1
unit-postgresql-aws-0: 03:49:50 ERROR unit.postgresql-aws/0.juju-log Uncaught exception while in charm code:
Traceback (most recent call last):
  File "/var/lib/juju/agents/unit-postgresql-aws-0/charm/venv/urllib3/connection.py", line 196, in _new_conn
    sock = connection.create_connection(
  File "/var/lib/juju/agents/unit-postgresql-aws-0/charm/venv/urllib3/util/connection.py", line 85, in create_connection
    raise err
  File "/var/lib/juju/agents/unit-postgresql-aws-0/charm/venv/urllib3/util/connection.py", line 73, in create_connection
    sock.connect(sa)
OSError: [Errno 113] No route to host

The above exception was the direct cause of the following exception:

Traceback (most recent call last):
  File "/var/lib/juju/agents/unit-postgresql-aws-0/charm/venv/urllib3/connectionpool.py", line 789, in urlopen
    response = self._make_request(
  File "/var/lib/juju/agents/unit-postgresql-aws-0/charm/venv/urllib3/connectionpool.py", line 490, in _make_request
    raise new_e
  File "/var/lib/juju/agents/unit-postgresql-aws-0/charm/venv/urllib3/connectionpool.py", line 466, in _make_request
    self._validate_conn(conn)
  File "/var/lib/juju/agents/unit-postgresql-aws-0/charm/venv/urllib3/connectionpool.py", line 1095, in _validate_conn
    conn.connect()
  File "/var/lib/juju/agents/unit-postgresql-aws-0/charm/venv/urllib3/connection.py", line 615, in connect
    self.sock = sock = self._new_conn()
  File "/var/lib/juju/agents/unit-postgresql-aws-0/charm/venv/urllib3/connection.py", line 211, in _new_conn
    raise NewConnectionError(
urllib3.exceptions.NewConnectionError: <urllib3.connection.HTTPSConnection object at 0xe04f69a4b160>: Failed to establish a new connection: [Errno 113] No route to host

The above exception was the direct cause of the following exception:

Traceback (most recent call last):
  File "/var/lib/juju/agents/unit-postgresql-aws-0/charm/venv/requests/adapters.py", line 667, in send
    resp = conn.urlopen(
  File "/var/lib/juju/agents/unit-postgresql-aws-0/charm/venv/urllib3/connectionpool.py", line 843, in urlopen
    retries = retries.increment(
  File "/var/lib/juju/agents/unit-postgresql-aws-0/charm/venv/urllib3/util/retry.py", line 519, in increment
    raise MaxRetryError(_pool, url, reason) from reason  # type: ignore[arg-type]
urllib3.exceptions.MaxRetryError: HTTPSConnectionPool(host='10.43.194.33', port=8008): Max retries exceeded with url: /cluster (Caused by NewConnectionError('<urllib3.connection.HTTPSConnection object at 0xe04f69a4b160>: Failed to establish a new connection: [Errno 113] No route to host'))

During handling of the above exception, another exception occurred:

Traceback (most recent call last):
  File "/var/lib/juju/agents/unit-postgresql-aws-0/charm/src/cluster.py", line 203, in get_member_ip
    cluster_status = requests.get(
  File "/var/lib/juju/agents/unit-postgresql-aws-0/charm/venv/requests/api.py", line 73, in get
    return request("get", url, params=params, **kwargs)
  File "/var/lib/juju/agents/unit-postgresql-aws-0/charm/venv/requests/api.py", line 59, in request
    return session.request(method=method, url=url, **kwargs)
  File "/var/lib/juju/agents/unit-postgresql-aws-0/charm/venv/requests/sessions.py", line 589, in request
    resp = self.send(prep, **send_kwargs)
  File "/var/lib/juju/agents/unit-postgresql-aws-0/charm/venv/requests/sessions.py", line 703, in send
    r = adapter.send(request, **kwargs)
  File "/var/lib/juju/agents/unit-postgresql-aws-0/charm/venv/requests/adapters.py", line 700, in send
    raise ConnectionError(e, request=request)
requests.exceptions.ConnectionError: HTTPSConnectionPool(host='10.43.194.33', port=8008): Max retries exceeded with url: /cluster (Caused by NewConnectionError('<urllib3.connection.HTTPSConnection object at 0xe04f69a4b160>: Failed to establish a new connection: [Errno 113] No route to host'))

The above exception was the direct cause of the following exception:

Traceback (most recent call last):
  File "/var/lib/juju/agents/unit-postgresql-aws-0/charm/./src/charm.py", line 1849, in <module>
    main(PostgresqlOperatorCharm)
  File "/var/lib/juju/agents/unit-postgresql-aws-0/charm/venv/ops/main.py", line 548, in main
    manager.run()
  File "/var/lib/juju/agents/unit-postgresql-aws-0/charm/venv/ops/main.py", line 527, in run
    self._emit()
  File "/var/lib/juju/agents/unit-postgresql-aws-0/charm/venv/ops/main.py", line 513, in _emit
    self.framework.reemit()
  File "/var/lib/juju/agents/unit-postgresql-aws-0/charm/venv/ops/framework.py", line 870, in reemit
    self._reemit()
  File "/var/lib/juju/agents/unit-postgresql-aws-0/charm/venv/ops/framework.py", line 950, in _reemit
    custom_handler(event)
  File "/var/lib/juju/agents/unit-postgresql-aws-0/charm/lib/charms/tempo_k8s/v1/charm_tracing.py", line 647, in wrapped_function
    return callable(*args, **kwargs)  # type: ignore
  File "/var/lib/juju/agents/unit-postgresql-aws-0/charm/./src/charm.py", line 418, in _on_peer_relation_departed
    member_ip = self._patroni.get_member_ip(departing_member)
  File "/var/lib/juju/agents/unit-postgresql-aws-0/charm/lib/charms/tempo_k8s/v1/charm_tracing.py", line 647, in wrapped_function
    return callable(*args, **kwargs)  # type: ignore
  File "/var/lib/juju/agents/unit-postgresql-aws-0/charm/src/cluster.py", line 200, in get_member_ip
    for attempt in Retrying(stop=stop_after_attempt(2 * len(self.peers_ips) + 1)):
  File "/var/lib/juju/agents/unit-postgresql-aws-0/charm/venv/tenacity/__init__.py", line 443, in __iter__
    do = self.iter(retry_state=retry_state)
  File "/var/lib/juju/agents/unit-postgresql-aws-0/charm/venv/tenacity/__init__.py", line 376, in iter
    result = action(retry_state)
  File "/var/lib/juju/agents/unit-postgresql-aws-0/charm/venv/tenacity/__init__.py", line 419, in exc_check
    raise retry_exc from fut.exception()
tenacity.RetryError: RetryError[<Future at 0xe04f69a4a320 state=finished raised ConnectionError>]
unit-postgresql-aws-0: 03:49:51 ERROR juju.worker.uniter.operation hook "update-status" (via hook dispatching script: dispatch) failed: exit status 1

[32mINFO    [0m pytest_operator.plugin:plugin.py:947 Forgetting model main...