[32mINFO    [0m pytest_operator.plugin:plugin.py:862 Model status:

Model  Controller           Cloud/Region         Version  SLA          Timestamp
test   localhost-localhost  localhost/localhost  3.4.4    unsupported  04:10:12Z

App                       Version  Status  Scale  Charm                     Channel      Rev  Exposed  Message
postgresql                14.12    active      3  postgresql                               0  no       
self-signed-certificates           active      1  self-signed-certificates  latest/edge  164  no       

Unit                         Workload  Agent  Machine  Public address  Ports     Message
postgresql/0                 active    idle   0        10.233.157.232  5432/tcp  
postgresql/1*                active    idle   1        10.233.157.74   5432/tcp  
postgresql/2                 active    idle   2        10.233.157.118  5432/tcp  Primary
self-signed-certificates/0*  active    idle   3        10.233.157.83             

Machine  State    Address         Inst id        Base          AZ  Message
0        started  10.233.157.232  juju-81bdaf-0  ubuntu@22.04      Running
1        started  10.233.157.74   juju-81bdaf-1  ubuntu@22.04      Running
2        started  10.233.157.118  juju-81bdaf-2  ubuntu@22.04      Running
3        started  10.233.157.83   juju-81bdaf-3  ubuntu@22.04      Running

[32mINFO    [0m pytest_operator.plugin:plugin.py:868 Juju error logs:

machine-1: 03:47:15 ERROR juju.worker.dependency "lxd-container-provisioner" manifold worker returned unexpected error: container types not yet available
machine-1: 03:47:15 ERROR juju.worker.dependency "kvm-container-provisioner" manifold worker returned unexpected error: container types not yet available
unit-postgresql-1: 03:47:15 ERROR juju.worker.meterstatus error running "meter-status-changed": charm missing from disk
machine-3: 03:47:24 ERROR juju.worker.dependency "lxd-container-provisioner" manifold worker returned unexpected error: container types not yet available
machine-3: 03:47:24 ERROR juju.worker.dependency "kvm-container-provisioner" manifold worker returned unexpected error: container types not yet available
unit-self-signed-certificates-0: 03:47:24 ERROR juju.worker.meterstatus error running "meter-status-changed": charm missing from disk
machine-2: 03:47:33 ERROR juju.worker.dependency "lxd-container-provisioner" manifold worker returned unexpected error: container types not yet available
machine-2: 03:47:33 ERROR juju.worker.dependency "kvm-container-provisioner" manifold worker returned unexpected error: container types not yet available
unit-postgresql-2: 03:47:33 ERROR juju.worker.meterstatus error running "meter-status-changed": charm missing from disk
machine-0: 03:47:33 ERROR juju.worker.dependency "lxd-container-provisioner" manifold worker returned unexpected error: container types not yet available
machine-0: 03:47:33 ERROR juju.worker.dependency "kvm-container-provisioner" manifold worker returned unexpected error: container types not yet available
unit-postgresql-0: 03:47:33 ERROR juju.worker.meterstatus error running "meter-status-changed": charm missing from disk
unit-self-signed-certificates-0: 03:57:56 ERROR juju.worker.dependency "uniter" manifold worker returned unexpected error: relation scope id "4fac3340-519b-4023-8366-6fe6a381bdaf:r#3#postgresql": settings 4fac3340-519b-4023-8366-6fe6a381bdaf:r#3#postgresql not found (not found)
unit-postgresql-2: 03:58:05 ERROR juju.worker.dependency "uniter" manifold worker returned unexpected error: relation scope id "4fac3340-519b-4023-8366-6fe6a381bdaf:r#3#self-signed-certificates": settings 4fac3340-519b-4023-8366-6fe6a381bdaf:r#3#self-signed-certificates not found (not found)
unit-postgresql-0: 04:09:05 ERROR unit.postgresql/0.juju-log restart:0: Unable to reconnect to postgresql
Traceback (most recent call last):
  File "/var/lib/juju/agents/unit-postgresql-0/charm/./src/charm.py", line 1569, in _restart
    assert False
AssertionError

The above exception was the direct cause of the following exception:

Traceback (most recent call last):
  File "/var/lib/juju/agents/unit-postgresql-0/charm/./src/charm.py", line 1566, in _restart
    for attempt in Retrying(wait=wait_fixed(3), stop=stop_after_delay(300)):
  File "/var/lib/juju/agents/unit-postgresql-0/charm/venv/tenacity/__init__.py", line 443, in __iter__
    do = self.iter(retry_state=retry_state)
  File "/var/lib/juju/agents/unit-postgresql-0/charm/venv/tenacity/__init__.py", line 376, in iter
    result = action(retry_state)
  File "/var/lib/juju/agents/unit-postgresql-0/charm/venv/tenacity/__init__.py", line 419, in exc_check
    raise retry_exc from fut.exception()
tenacity.RetryError: RetryError[<Future at 0xffff84a4faf0 state=finished raised AssertionError>]

[32mINFO    [0m pytest_operator.plugin:plugin.py:947 Forgetting model main...