[33mWARNING [0m juju.client.connection:connection.py:654 RPC: Connection closed, reconnecting
[31m[1mERROR   [0m juju.client.connection:connection.py:662 RPC: Automatic reconnect failed
[33mWARNING [0m juju.client.connection:connection.py:654 RPC: Connection closed, reconnecting
[31m[1mERROR   [0m juju.client.connection:connection.py:662 RPC: Automatic reconnect failed
[33mWARNING [0m juju.client.connection:connection.py:654 RPC: Connection closed, reconnecting
[31m[1mERROR   [0m juju.client.connection:connection.py:662 RPC: Automatic reconnect failed
[33mWARNING [0m juju.client.connection:connection.py:654 RPC: Connection closed, reconnecting
[31m[1mERROR   [0m juju.client.connection:connection.py:662 RPC: Automatic reconnect failed
[33mWARNING [0m juju.client.connection:connection.py:654 RPC: Connection closed, reconnecting
[31m[1mERROR   [0m asyncio:base_events.py:1758 Task exception was never retrieved
future: <Task finished name='Task-351' coro=<Connection.reconnect() done, defined at /home/ubuntu/actions-runner/_work/test-runners-2-is-arm64-postgresql-operator/test-runners-2-is-arm64-postgresql-operator/.tox/integration/lib/python3.10/site-packages/juju/client/connection.py:779> exception=InvalidMessage('did not receive a valid HTTP response')>
Traceback (most recent call last):
  File "/home/ubuntu/actions-runner/_work/test-runners-2-is-arm64-postgresql-operator/test-runners-2-is-arm64-postgresql-operator/.tox/integration/lib/python3.10/site-packages/websockets/legacy/client.py", line 139, in read_http_response
    status_code, reason, headers = await read_response(self.reader)
  File "/home/ubuntu/actions-runner/_work/test-runners-2-is-arm64-postgresql-operator/test-runners-2-is-arm64-postgresql-operator/.tox/integration/lib/python3.10/site-packages/websockets/legacy/http.py", line 120, in read_response
    status_line = await read_line(stream)
  File "/home/ubuntu/actions-runner/_work/test-runners-2-is-arm64-postgresql-operator/test-runners-2-is-arm64-postgresql-operator/.tox/integration/lib/python3.10/site-packages/websockets/legacy/http.py", line 194, in read_line
    line = await stream.readline()
  File "/usr/lib/python3.10/asyncio/streams.py", line 524, in readline
    line = await self.readuntil(sep)
  File "/usr/lib/python3.10/asyncio/streams.py", line 616, in readuntil
    await self._wait_for_data('readuntil')
  File "/usr/lib/python3.10/asyncio/streams.py", line 501, in _wait_for_data
    await self._waiter
  File "/usr/lib/python3.10/asyncio/selector_events.py", line 862, in _read_ready__data_received
    data = self._sock.recv(self.max_size)
ConnectionResetError: [Errno 104] Connection reset by peer

The above exception was the direct cause of the following exception:

Traceback (most recent call last):
  File "/home/ubuntu/actions-runner/_work/test-runners-2-is-arm64-postgresql-operator/test-runners-2-is-arm64-postgresql-operator/.tox/integration/lib/python3.10/site-packages/juju/client/connection.py", line 788, in reconnect
    res = await connector(
  File "/home/ubuntu/actions-runner/_work/test-runners-2-is-arm64-postgresql-operator/test-runners-2-is-arm64-postgresql-operator/.tox/integration/lib/python3.10/site-packages/juju/client/connection.py", line 868, in _connect_with_login
    await self._connect(endpoints)
  File "/home/ubuntu/actions-runner/_work/test-runners-2-is-arm64-postgresql-operator/test-runners-2-is-arm64-postgresql-operator/.tox/integration/lib/python3.10/site-packages/juju/client/connection.py", line 817, in _connect
    result = await task
  File "/usr/lib/python3.10/asyncio/tasks.py", line 571, in _wait_for_one
    return f.result()  # May raise f.exception().
  File "/home/ubuntu/actions-runner/_work/test-runners-2-is-arm64-postgresql-operator/test-runners-2-is-arm64-postgresql-operator/.tox/integration/lib/python3.10/site-packages/juju/client/connection.py", line 806, in _try_endpoint
    return await self._open(endpoint, cacert)
  File "/home/ubuntu/actions-runner/_work/test-runners-2-is-arm64-postgresql-operator/test-runners-2-is-arm64-postgresql-operator/.tox/integration/lib/python3.10/site-packages/juju/client/connection.py", line 427, in _open
    return (await websockets.connect(
  File "/home/ubuntu/actions-runner/_work/test-runners-2-is-arm64-postgresql-operator/test-runners-2-is-arm64-postgresql-operator/.tox/integration/lib/python3.10/site-packages/websockets/legacy/client.py", line 647, in __await_impl_timeout__
    return await self.__await_impl__()
  File "/home/ubuntu/actions-runner/_work/test-runners-2-is-arm64-postgresql-operator/test-runners-2-is-arm64-postgresql-operator/.tox/integration/lib/python3.10/site-packages/websockets/legacy/client.py", line 654, in __await_impl__
    await protocol.handshake(
  File "/home/ubuntu/actions-runner/_work/test-runners-2-is-arm64-postgresql-operator/test-runners-2-is-arm64-postgresql-operator/.tox/integration/lib/python3.10/site-packages/websockets/legacy/client.py", line 319, in handshake
    status_code, response_headers = await self.read_http_response()
  File "/home/ubuntu/actions-runner/_work/test-runners-2-is-arm64-postgresql-operator/test-runners-2-is-arm64-postgresql-operator/.tox/integration/lib/python3.10/site-packages/websockets/legacy/client.py", line 141, in read_http_response
    raise InvalidMessage("did not receive a valid HTTP response") from exc
websockets.exceptions.InvalidMessage: did not receive a valid HTTP response
[31m[1mERROR   [0m juju.client.connection:connection.py:662 RPC: Automatic reconnect failed
[33mWARNING [0m juju.client.connection:connection.py:654 RPC: Connection closed, reconnecting
[31m[1mERROR   [0m juju.client.connection:connection.py:662 RPC: Automatic reconnect failed
[33mWARNING [0m juju.client.connection:connection.py:654 RPC: Connection closed, reconnecting
[31m[1mERROR   [0m juju.client.connection:connection.py:662 RPC: Automatic reconnect failed
[33mWARNING [0m juju.client.connection:connection.py:654 RPC: Connection closed, reconnecting
[31m[1mERROR   [0m juju.client.connection:connection.py:662 RPC: Automatic reconnect failed
[33mWARNING [0m juju.client.connection:connection.py:654 RPC: Connection closed, reconnecting
[31m[1mERROR   [0m juju.client.connection:connection.py:662 RPC: Automatic reconnect failed
[33mWARNING [0m juju.client.connection:connection.py:654 RPC: Connection closed, reconnecting
[31m[1mERROR   [0m juju.client.connection:connection.py:662 RPC: Automatic reconnect failed
[33mWARNING [0m juju.client.connection:connection.py:654 RPC: Connection closed, reconnecting
[31m[1mERROR   [0m juju.client.connection:connection.py:662 RPC: Automatic reconnect failed
[33mWARNING [0m juju.client.connection:connection.py:654 RPC: Connection closed, reconnecting
[31m[1mERROR   [0m juju.client.connection:connection.py:662 RPC: Automatic reconnect failed
[33mWARNING [0m juju.client.connection:connection.py:654 RPC: Connection closed, reconnecting
[31m[1mERROR   [0m juju.client.connection:connection.py:662 RPC: Automatic reconnect failed
[33mWARNING [0m juju.client.connection:connection.py:654 RPC: Connection closed, reconnecting
[31m[1mERROR   [0m juju.client.connection:connection.py:662 RPC: Automatic reconnect failed
[33mWARNING [0m juju.client.connection:connection.py:654 RPC: Connection closed, reconnecting
[31m[1mERROR   [0m juju.client.connection:connection.py:662 RPC: Automatic reconnect failed
[33mWARNING [0m juju.client.connection:connection.py:654 RPC: Connection closed, reconnecting
[31m[1mERROR   [0m juju.client.connection:connection.py:662 RPC: Automatic reconnect failed
[33mWARNING [0m juju.client.connection:connection.py:654 RPC: Connection closed, reconnecting
[31m[1mERROR   [0m juju.client.connection:connection.py:662 RPC: Automatic reconnect failed
[33mWARNING [0m juju.client.connection:connection.py:654 RPC: Connection closed, reconnecting
[31m[1mERROR   [0m juju.client.connection:connection.py:662 RPC: Automatic reconnect failed
[33mWARNING [0m juju.client.connection:connection.py:654 RPC: Connection closed, reconnecting
[31m[1mERROR   [0m juju.client.connection:connection.py:662 RPC: Automatic reconnect failed
[33mWARNING [0m juju.client.connection:connection.py:654 RPC: Connection closed, reconnecting
[31m[1mERROR   [0m juju.client.connection:connection.py:662 RPC: Automatic reconnect failed