[33mWARNING [0m juju.client.connection:connection.py:654 RPC: Connection closed, reconnecting
[31m[1mERROR   [0m juju.client.connection:connection.py:662 RPC: Automatic reconnect failed
[33mWARNING [0m juju.client.connection:connection.py:654 RPC: Connection closed, reconnecting
[31m[1mERROR   [0m asyncio:base_events.py:1758 Task exception was never retrieved
future: <Task finished name='Task-647' coro=<Connection.reconnect() done, defined at /home/ubuntu/actions-runner/_work/test-runners-2-is-arm64-postgresql-operator/test-runners-2-is-arm64-postgresql-operator/.tox/integration/lib/python3.10/site-packages/juju/client/connection.py:779> exception=TimeoutError()>
Traceback (most recent call last):
  File "/home/ubuntu/actions-runner/_work/test-runners-2-is-arm64-postgresql-operator/test-runners-2-is-arm64-postgresql-operator/.tox/integration/lib/python3.10/site-packages/websockets/legacy/client.py", line 647, in __await_impl_timeout__
    return await self.__await_impl__()
  File "/home/ubuntu/actions-runner/_work/test-runners-2-is-arm64-postgresql-operator/test-runners-2-is-arm64-postgresql-operator/.tox/integration/lib/python3.10/site-packages/websockets/legacy/client.py", line 651, in __await_impl__
    _transport, _protocol = await self._create_connection()
  File "/usr/lib/python3.10/asyncio/base_events.py", line 1060, in create_connection
    sock = await self._connect_sock(
  File "/usr/lib/python3.10/asyncio/base_events.py", line 969, in _connect_sock
    await self.sock_connect(sock, address)
  File "/usr/lib/python3.10/asyncio/selector_events.py", line 501, in sock_connect
    return await fut
asyncio.exceptions.CancelledError

During handling of the above exception, another exception occurred:

Traceback (most recent call last):
  File "/home/ubuntu/actions-runner/_work/test-runners-2-is-arm64-postgresql-operator/test-runners-2-is-arm64-postgresql-operator/.tox/integration/lib/python3.10/site-packages/juju/client/connection.py", line 788, in reconnect
    res = await connector(
  File "/home/ubuntu/actions-runner/_work/test-runners-2-is-arm64-postgresql-operator/test-runners-2-is-arm64-postgresql-operator/.tox/integration/lib/python3.10/site-packages/juju/client/connection.py", line 868, in _connect_with_login
    await self._connect(endpoints)
  File "/home/ubuntu/actions-runner/_work/test-runners-2-is-arm64-postgresql-operator/test-runners-2-is-arm64-postgresql-operator/.tox/integration/lib/python3.10/site-packages/juju/client/connection.py", line 817, in _connect
    result = await task
  File "/usr/lib/python3.10/asyncio/tasks.py", line 571, in _wait_for_one
    return f.result()  # May raise f.exception().
  File "/home/ubuntu/actions-runner/_work/test-runners-2-is-arm64-postgresql-operator/test-runners-2-is-arm64-postgresql-operator/.tox/integration/lib/python3.10/site-packages/juju/client/connection.py", line 806, in _try_endpoint
    return await self._open(endpoint, cacert)
  File "/home/ubuntu/actions-runner/_work/test-runners-2-is-arm64-postgresql-operator/test-runners-2-is-arm64-postgresql-operator/.tox/integration/lib/python3.10/site-packages/juju/client/connection.py", line 427, in _open
    return (await websockets.connect(
  File "/home/ubuntu/actions-runner/_work/test-runners-2-is-arm64-postgresql-operator/test-runners-2-is-arm64-postgresql-operator/.tox/integration/lib/python3.10/site-packages/websockets/legacy/client.py", line 646, in __await_impl_timeout__
    async with asyncio_timeout(self.open_timeout):
  File "/home/ubuntu/actions-runner/_work/test-runners-2-is-arm64-postgresql-operator/test-runners-2-is-arm64-postgresql-operator/.tox/integration/lib/python3.10/site-packages/websockets/legacy/async_timeout.py", line 169, in __aexit__
    self._do_exit(exc_type)
  File "/home/ubuntu/actions-runner/_work/test-runners-2-is-arm64-postgresql-operator/test-runners-2-is-arm64-postgresql-operator/.tox/integration/lib/python3.10/site-packages/websockets/legacy/async_timeout.py", line 252, in _do_exit
    raise asyncio.TimeoutError
asyncio.exceptions.TimeoutError
[31m[1mERROR   [0m asyncio:base_events.py:1758 Task exception was never retrieved
future: <Task finished name='Task-648' coro=<Connection.reconnect() done, defined at /home/ubuntu/actions-runner/_work/test-runners-2-is-arm64-postgresql-operator/test-runners-2-is-arm64-postgresql-operator/.tox/integration/lib/python3.10/site-packages/juju/client/connection.py:779> exception=TimeoutError()>
Traceback (most recent call last):
  File "/home/ubuntu/actions-runner/_work/test-runners-2-is-arm64-postgresql-operator/test-runners-2-is-arm64-postgresql-operator/.tox/integration/lib/python3.10/site-packages/websockets/legacy/client.py", line 647, in __await_impl_timeout__
    return await self.__await_impl__()
  File "/home/ubuntu/actions-runner/_work/test-runners-2-is-arm64-postgresql-operator/test-runners-2-is-arm64-postgresql-operator/.tox/integration/lib/python3.10/site-packages/websockets/legacy/client.py", line 651, in __await_impl__
    _transport, _protocol = await self._create_connection()
  File "/usr/lib/python3.10/asyncio/base_events.py", line 1060, in create_connection
    sock = await self._connect_sock(
  File "/usr/lib/python3.10/asyncio/base_events.py", line 969, in _connect_sock
    await self.sock_connect(sock, address)
  File "/usr/lib/python3.10/asyncio/selector_events.py", line 501, in sock_connect
    return await fut
asyncio.exceptions.CancelledError

During handling of the above exception, another exception occurred:

Traceback (most recent call last):
  File "/home/ubuntu/actions-runner/_work/test-runners-2-is-arm64-postgresql-operator/test-runners-2-is-arm64-postgresql-operator/.tox/integration/lib/python3.10/site-packages/juju/client/connection.py", line 788, in reconnect
    res = await connector(
  File "/home/ubuntu/actions-runner/_work/test-runners-2-is-arm64-postgresql-operator/test-runners-2-is-arm64-postgresql-operator/.tox/integration/lib/python3.10/site-packages/juju/client/connection.py", line 868, in _connect_with_login
    await self._connect(endpoints)
  File "/home/ubuntu/actions-runner/_work/test-runners-2-is-arm64-postgresql-operator/test-runners-2-is-arm64-postgresql-operator/.tox/integration/lib/python3.10/site-packages/juju/client/connection.py", line 817, in _connect
    result = await task
  File "/usr/lib/python3.10/asyncio/tasks.py", line 571, in _wait_for_one
    return f.result()  # May raise f.exception().
  File "/home/ubuntu/actions-runner/_work/test-runners-2-is-arm64-postgresql-operator/test-runners-2-is-arm64-postgresql-operator/.tox/integration/lib/python3.10/site-packages/juju/client/connection.py", line 806, in _try_endpoint
    return await self._open(endpoint, cacert)
  File "/home/ubuntu/actions-runner/_work/test-runners-2-is-arm64-postgresql-operator/test-runners-2-is-arm64-postgresql-operator/.tox/integration/lib/python3.10/site-packages/juju/client/connection.py", line 427, in _open
    return (await websockets.connect(
  File "/home/ubuntu/actions-runner/_work/test-runners-2-is-arm64-postgresql-operator/test-runners-2-is-arm64-postgresql-operator/.tox/integration/lib/python3.10/site-packages/websockets/legacy/client.py", line 646, in __await_impl_timeout__
    async with asyncio_timeout(self.open_timeout):
  File "/home/ubuntu/actions-runner/_work/test-runners-2-is-arm64-postgresql-operator/test-runners-2-is-arm64-postgresql-operator/.tox/integration/lib/python3.10/site-packages/websockets/legacy/async_timeout.py", line 169, in __aexit__
    self._do_exit(exc_type)
  File "/home/ubuntu/actions-runner/_work/test-runners-2-is-arm64-postgresql-operator/test-runners-2-is-arm64-postgresql-operator/.tox/integration/lib/python3.10/site-packages/websockets/legacy/async_timeout.py", line 252, in _do_exit
    raise asyncio.TimeoutError
asyncio.exceptions.TimeoutError
[31m[1mERROR   [0m juju.client.connection:connection.py:662 RPC: Automatic reconnect failed
[33mWARNING [0m juju.client.connection:connection.py:654 RPC: Connection closed, reconnecting
[31m[1mERROR   [0m juju.client.connection:connection.py:662 RPC: Automatic reconnect failed
[33mWARNING [0m juju.client.connection:connection.py:654 RPC: Connection closed, reconnecting
[31m[1mERROR   [0m juju.client.connection:connection.py:662 RPC: Automatic reconnect failed
[33mWARNING [0m juju.client.connection:connection.py:654 RPC: Connection closed, reconnecting
[31m[1mERROR   [0m juju.client.connection:connection.py:662 RPC: Automatic reconnect failed
[33mWARNING [0m juju.client.connection:connection.py:654 RPC: Connection closed, reconnecting
[31m[1mERROR   [0m juju.client.connection:connection.py:662 RPC: Automatic reconnect failed
[33mWARNING [0m juju.client.connection:connection.py:654 RPC: Connection closed, reconnecting
[31m[1mERROR   [0m juju.client.connection:connection.py:662 RPC: Automatic reconnect failed
[33mWARNING [0m juju.client.connection:connection.py:654 RPC: Connection closed, reconnecting
[31m[1mERROR   [0m juju.client.connection:connection.py:662 RPC: Automatic reconnect failed
[33mWARNING [0m juju.client.connection:connection.py:654 RPC: Connection closed, reconnecting
[31m[1mERROR   [0m juju.client.connection:connection.py:662 RPC: Automatic reconnect failed
[33mWARNING [0m juju.client.connection:connection.py:654 RPC: Connection closed, reconnecting
[31m[1mERROR   [0m juju.client.connection:connection.py:662 RPC: Automatic reconnect failed
[33mWARNING [0m juju.client.connection:connection.py:654 RPC: Connection closed, reconnecting
[31m[1mERROR   [0m juju.client.connection:connection.py:662 RPC: Automatic reconnect failed
[33mWARNING [0m juju.client.connection:connection.py:654 RPC: Connection closed, reconnecting
[31m[1mERROR   [0m juju.client.connection:connection.py:662 RPC: Automatic reconnect failed
[33mWARNING [0m juju.client.connection:connection.py:654 RPC: Connection closed, reconnecting
[31m[1mERROR   [0m juju.client.connection:connection.py:662 RPC: Automatic reconnect failed
[33mWARNING [0m juju.client.connection:connection.py:654 RPC: Connection closed, reconnecting
[31m[1mERROR   [0m juju.client.connection:connection.py:662 RPC: Automatic reconnect failed
[33mWARNING [0m juju.client.connection:connection.py:654 RPC: Connection closed, reconnecting
[31m[1mERROR   [0m juju.client.connection:connection.py:662 RPC: Automatic reconnect failed
[33mWARNING [0m juju.client.connection:connection.py:654 RPC: Connection closed, reconnecting
[31m[1mERROR   [0m juju.client.connection:connection.py:662 RPC: Automatic reconnect failed
[33mWARNING [0m juju.client.connection:connection.py:654 RPC: Connection closed, reconnecting
[31m[1mERROR   [0m juju.client.connection:connection.py:662 RPC: Automatic reconnect failed
[33mWARNING [0m juju.client.connection:connection.py:654 RPC: Connection closed, reconnecting
[31m[1mERROR   [0m juju.client.connection:connection.py:662 RPC: Automatic reconnect failed
[33mWARNING [0m juju.client.connection:connection.py:654 RPC: Connection closed, reconnecting
[31m[1mERROR   [0m juju.client.connection:connection.py:662 RPC: Automatic reconnect failed