[32mINFO    [0m integration.ha_tests.test_self_healing:test_self_healing.py:486 checking whether the connectivity to the database is working
[32mINFO    [0m integration.ha_tests.test_self_healing:test_self_healing.py:491 Cutting network for postgresql/2
[32mINFO    [0m pytest_operator.plugin:plugin.py:862 Model status:

Model  Controller           Cloud/Region         Version  SLA          Timestamp
test   localhost-localhost  localhost/localhost  3.1.8    unsupported  02:50:28Z

App                  Version  Status  Scale  Charm                Channel  Rev  Exposed  Message
postgresql           14.11    active    2/3  postgresql                      0  no       
postgresql-test-app           active      1  postgresql-test-app  edge     173  no       received database credentials of the first database

Unit                    Workload  Agent  Machine  Public address  Ports     Message
postgresql-test-app/0*  active    idle   3        10.57.64.234              received database credentials of the first database
postgresql/1*           active    idle   1        10.57.64.62     5432/tcp  Primary
postgresql/2            unknown   lost   2        10.57.64.142    5432/tcp  agent lost, see 'juju show-status-log postgresql/2'
postgresql/3            active    idle   4        10.57.64.248    5432/tcp  

Machine  State    Address       Inst id        Base          AZ  Message
1        started  10.57.64.62   juju-a7f705-1  ubuntu@22.04      Running
2        down     10.57.64.142  juju-a7f705-2  ubuntu@22.04      Running
3        started  10.57.64.234  juju-a7f705-3  ubuntu@22.04      Running
4        started  10.57.64.248  juju-a7f705-4  ubuntu@22.04      Running

[32mINFO    [0m pytest_operator.plugin:plugin.py:868 Juju error logs:

machine-3: 01:47:27 ERROR juju.worker.dependency "kvm-container-provisioner" manifold worker returned unexpected error: container types not yet available
machine-3: 01:47:27 ERROR juju.worker.dependency "lxd-container-provisioner" manifold worker returned unexpected error: container types not yet available
machine-3: 01:47:27 ERROR juju.worker.dependency "broker-tracker" manifold worker returned unexpected error: no container types determined
unit-postgresql-test-app-0: 01:47:27 ERROR juju.worker.meterstatus error running "meter-status-changed": charm missing from disk
machine-1: 01:47:32 ERROR juju.worker.dependency "broker-tracker" manifold worker returned unexpected error: no container types determined
machine-1: 01:47:32 ERROR juju.worker.dependency "lxd-container-provisioner" manifold worker returned unexpected error: container types not yet available
machine-1: 01:47:32 ERROR juju.worker.dependency "kvm-container-provisioner" manifold worker returned unexpected error: container types not yet available
unit-postgresql-1: 01:47:33 ERROR juju.worker.meterstatus error running "meter-status-changed": charm missing from disk
machine-0: 01:47:35 ERROR juju.worker.dependency "kvm-container-provisioner" manifold worker returned unexpected error: container types not yet available
machine-0: 01:47:35 ERROR juju.worker.dependency "broker-tracker" manifold worker returned unexpected error: no container types determined
machine-0: 01:47:35 ERROR juju.worker.dependency "lxd-container-provisioner" manifold worker returned unexpected error: container types not yet available
unit-postgresql-0: 01:47:35 ERROR juju.worker.meterstatus error running "meter-status-changed": charm missing from disk
machine-2: 01:47:51 ERROR juju.worker.dependency "kvm-container-provisioner" manifold worker returned unexpected error: container types not yet available
machine-2: 01:47:51 ERROR juju.worker.dependency "lxd-container-provisioner" manifold worker returned unexpected error: container types not yet available
machine-2: 01:47:51 ERROR juju.worker.dependency "broker-tracker" manifold worker returned unexpected error: no container types determined
unit-postgresql-2: 01:47:51 ERROR juju.worker.meterstatus error running "meter-status-changed": charm missing from disk
machine-4: 02:01:13 ERROR juju.worker.dependency "broker-tracker" manifold worker returned unexpected error: no container types determined
machine-4: 02:01:13 ERROR juju.worker.dependency "kvm-container-provisioner" manifold worker returned unexpected error: container types not yet available
machine-4: 02:01:13 ERROR juju.worker.dependency "lxd-container-provisioner" manifold worker returned unexpected error: container types not yet available
unit-postgresql-3: 02:01:13 ERROR juju.worker.meterstatus error running "meter-status-changed": charm missing from disk
unit-postgresql-1: 02:08:11 ERROR unit.postgresql/1.juju-log Failed to list PostgreSQL database users: connection to server at "10.57.64.202", port 5432 failed: timeout expired

unit-postgresql-1: 02:08:22 ERROR unit.postgresql/1.juju-log Failed to list PostgreSQL database users: connection to server at "10.57.64.202", port 5432 failed: timeout expired

unit-postgresql-1: 02:09:14 ERROR unit.postgresql/1.juju-log Failed to list PostgreSQL database users: could not translate host name "None" to address: Temporary failure in name resolution

machine-4: 02:13:59 ERROR juju.worker.dependency "log-sender" manifold worker returned unexpected error: sending log message: write tcp 10.57.64.202:48766->10.57.64.99:17070: i/o timeout: write tcp 10.57.64.202:48766->10.57.64.99:17070: i/o timeout
unit-postgresql-1: 02:16:16 ERROR unit.postgresql/1.juju-log Failed to list PostgreSQL database users: connection to server at "10.57.64.142", port 5432 failed: FATAL:  the database system is shutting down

unit-postgresql-1: 02:19:05 ERROR unit.postgresql/1.juju-log Failed to list PostgreSQL database users: could not translate host name "None" to address: Temporary failure in name resolution

machine-4: 02:39:55 ERROR juju.worker.dependency "api-caller" manifold worker returned unexpected error: api connection broken unexpectedly
machine-4: 02:39:58 ERROR juju.worker.dependency "api-caller" manifold worker returned unexpected error: [b8b3ce] "machine-4" cannot open api: unable to connect to API: dial tcp 10.57.64.99:17070: connect: network is unreachable
machine-4: 02:40:02 ERROR juju.worker.dependency "api-caller" manifold worker returned unexpected error: [b8b3ce] "machine-4" cannot open api: unable to connect to API: dial tcp 10.57.64.99:17070: connect: network is unreachable
machine-4: 02:40:06 ERROR juju.worker.dependency "api-caller" manifold worker returned unexpected error: [b8b3ce] "machine-4" cannot open api: unable to connect to API: dial tcp 10.57.64.99:17070: connect: network is unreachable
machine-4: 02:40:11 ERROR juju.worker.dependency "api-caller" manifold worker returned unexpected error: [b8b3ce] "machine-4" cannot open api: unable to connect to API: dial tcp 10.57.64.99:17070: connect: network is unreachable
machine-4: 02:40:18 ERROR juju.worker.dependency "api-caller" manifold worker returned unexpected error: [b8b3ce] "machine-4" cannot open api: unable to connect to API: dial tcp 10.57.64.99:17070: connect: network is unreachable
machine-4: 02:40:26 ERROR juju.worker.dependency "api-caller" manifold worker returned unexpected error: [b8b3ce] "machine-4" cannot open api: unable to connect to API: dial tcp 10.57.64.99:17070: connect: network is unreachable
machine-4: 02:40:35 ERROR juju.worker.dependency "api-caller" manifold worker returned unexpected error: [b8b3ce] "machine-4" cannot open api: unable to connect to API: dial tcp 10.57.64.99:17070: connect: network is unreachable
machine-4: 02:40:45 ERROR juju.worker.dependency "api-caller" manifold worker returned unexpected error: [b8b3ce] "machine-4" cannot open api: unable to connect to API: dial tcp 10.57.64.99:17070: connect: network is unreachable
unit-postgresql-test-app-0: 02:45:54 ERROR unit.postgresql-test-app/0.juju-log Unable to drop table
Traceback (most recent call last):
  File "/var/lib/juju/agents/unit-postgresql-test-app-0/charm/./src/charm.py", line 281, in _on_clear_continuous_writes_action
    with psycopg2.connect(
  File "/var/lib/juju/agents/unit-postgresql-test-app-0/charm/venv/psycopg2/__init__.py", line 122, in connect
    conn = _connect(dsn, connection_factory=connection_factory, **kwasync)
psycopg2.OperationalError: connection to server at "10.57.64.142", port 5432 failed: timeout expired

unit-postgresql-test-app-0: 02:45:54 ERROR unit.postgresql-test-app/0.juju-log Uncaught exception while in charm code:
Traceback (most recent call last):
  File "/var/lib/juju/agents/unit-postgresql-test-app-0/charm/./src/charm.py", line 504, in <module>
    main(ApplicationCharm)
  File "/var/lib/juju/agents/unit-postgresql-test-app-0/charm/venv/ops/main.py", line 548, in main
    manager.run()
  File "/var/lib/juju/agents/unit-postgresql-test-app-0/charm/venv/ops/main.py", line 527, in run
    self._emit()
  File "/var/lib/juju/agents/unit-postgresql-test-app-0/charm/venv/ops/main.py", line 516, in _emit
    _emit_charm_event(self.charm, self.dispatcher.event_name)
  File "/var/lib/juju/agents/unit-postgresql-test-app-0/charm/venv/ops/main.py", line 147, in _emit_charm_event
    event_to_emit.emit(*args, **kwargs)
  File "/var/lib/juju/agents/unit-postgresql-test-app-0/charm/venv/ops/framework.py", line 348, in emit
    framework._emit(event)
  File "/var/lib/juju/agents/unit-postgresql-test-app-0/charm/venv/ops/framework.py", line 860, in _emit
    self._reemit(event_path)
  File "/var/lib/juju/agents/unit-postgresql-test-app-0/charm/venv/ops/framework.py", line 950, in _reemit
    custom_handler(event)
  File "/var/lib/juju/agents/unit-postgresql-test-app-0/charm/./src/charm.py", line 290, in _on_clear_continuous_writes_action
    connection.close()
UnboundLocalError: local variable 'connection' referenced before assignment
unit-postgresql-test-app-0: 02:46:58 ERROR unit.postgresql-test-app/0.juju-log Unable to read result
Traceback (most recent call last):
  File "/var/lib/juju/agents/unit-postgresql-test-app-0/charm/./src/charm.py", line 371, in _stop_continuous_writes
    with open(LAST_WRITTEN_FILE, "r") as fd:
FileNotFoundError: [Errno 2] No such file or directory: '/tmp/last_written_value'

The above exception was the direct cause of the following exception:

Traceback (most recent call last):
  File "/var/lib/juju/agents/unit-postgresql-test-app-0/charm/./src/charm.py", line 369, in _stop_continuous_writes
    for attempt in Retrying(stop=stop_after_delay(60), wait=wait_fixed(5)):
  File "/var/lib/juju/agents/unit-postgresql-test-app-0/charm/venv/tenacity/__init__.py", line 443, in __iter__
    do = self.iter(retry_state=retry_state)
  File "/var/lib/juju/agents/unit-postgresql-test-app-0/charm/venv/tenacity/__init__.py", line 376, in iter
    result = action(retry_state)
  File "/var/lib/juju/agents/unit-postgresql-test-app-0/charm/venv/tenacity/__init__.py", line 419, in exc_check
    raise retry_exc from fut.exception()
tenacity.RetryError: RetryError[<Future at 0xffff8067a650 state=finished raised FileNotFoundError>]
unit-postgresql-test-app-0: 02:47:03 ERROR unit.postgresql-test-app/0.juju-log Unable to drop table
Traceback (most recent call last):
  File "/var/lib/juju/agents/unit-postgresql-test-app-0/charm/./src/charm.py", line 281, in _on_clear_continuous_writes_action
    with psycopg2.connect(
  File "/var/lib/juju/agents/unit-postgresql-test-app-0/charm/venv/psycopg2/__init__.py", line 122, in connect
    conn = _connect(dsn, connection_factory=connection_factory, **kwasync)
psycopg2.OperationalError: connection to server at "10.57.64.142", port 5432 failed: timeout expired

unit-postgresql-test-app-0: 02:47:03 ERROR unit.postgresql-test-app/0.juju-log Uncaught exception while in charm code:
Traceback (most recent call last):
  File "/var/lib/juju/agents/unit-postgresql-test-app-0/charm/./src/charm.py", line 504, in <module>
    main(ApplicationCharm)
  File "/var/lib/juju/agents/unit-postgresql-test-app-0/charm/venv/ops/main.py", line 548, in main
    manager.run()
  File "/var/lib/juju/agents/unit-postgresql-test-app-0/charm/venv/ops/main.py", line 527, in run
    self._emit()
  File "/var/lib/juju/agents/unit-postgresql-test-app-0/charm/venv/ops/main.py", line 516, in _emit
    _emit_charm_event(self.charm, self.dispatcher.event_name)
  File "/var/lib/juju/agents/unit-postgresql-test-app-0/charm/venv/ops/main.py", line 147, in _emit_charm_event
    event_to_emit.emit(*args, **kwargs)
  File "/var/lib/juju/agents/unit-postgresql-test-app-0/charm/venv/ops/framework.py", line 348, in emit
    framework._emit(event)
  File "/var/lib/juju/agents/unit-postgresql-test-app-0/charm/venv/ops/framework.py", line 860, in _emit
    self._reemit(event_path)
  File "/var/lib/juju/agents/unit-postgresql-test-app-0/charm/venv/ops/framework.py", line 950, in _reemit
    custom_handler(event)
  File "/var/lib/juju/agents/unit-postgresql-test-app-0/charm/./src/charm.py", line 290, in _on_clear_continuous_writes_action
    connection.close()
UnboundLocalError: local variable 'connection' referenced before assignment

[32mINFO    [0m pytest_operator.plugin:plugin.py:947 Forgetting model main...