[32mINFO    [0m pytest_operator.plugin:plugin.py:734 Connecting to existing model localhost-localhost:test on unspecified cloud
[32mINFO    [0m juju.model:model.py:2097 Deploying ch:arm64/jammy/s3-integrator-32
[32mINFO    [0m juju.model:model.py:2097 Deploying ch:arm64/jammy/self-signed-certificates-184
[32mINFO    [0m juju.model:model.py:2097 Deploying local:jammy/postgresql-0
[33mWARNING [0m juju.model:model.py:1563 relate is deprecated and will be removed. Use integrate instead.
[32mINFO    [0m juju.model:model.py:2971 Waiting for model:
  postgresql-aws/0 [allocating] waiting: waiting for machine
  postgresql-aws/1 [allocating] waiting: waiting for machine
[32mINFO    [0m juju.model:model.py:2971 Waiting for model:
  postgresql-aws/0 [allocating] waiting: waiting for machine
  postgresql-aws/1 [allocating] waiting: waiting for machine
[32mINFO    [0m juju.model:model.py:2971 Waiting for model:
  postgresql-aws/0 [allocating] waiting: waiting for machine
  postgresql-aws/1 [allocating] waiting: waiting for machine
[32mINFO    [0m juju.model:model.py:2971 Waiting for model:
  postgresql-aws/0 [allocating] waiting: waiting for machine
  postgresql-aws/1 [allocating] waiting: waiting for machine
[32mINFO    [0m juju.model:model.py:2971 Waiting for model:
  postgresql-aws/0 [allocating] waiting: waiting for machine
  postgresql-aws/1 [allocating] waiting: waiting for machine
[32mINFO    [0m juju.model:model.py:2971 Waiting for model:
  postgresql-aws/0 [allocating] waiting: waiting for machine
  postgresql-aws/1 [allocating] waiting: waiting for machine
[32mINFO    [0m juju.model:model.py:2971 Waiting for model:
  postgresql-aws/0 [allocating] waiting: waiting for machine
  postgresql-aws/1 [allocating] waiting: waiting for machine
[32mINFO    [0m juju.model:model.py:2971 Waiting for model:
  postgresql-aws/0 [allocating] waiting: waiting for machine
  postgresql-aws/1 [allocating] waiting: waiting for machine
[32mINFO    [0m juju.model:model.py:2971 Waiting for model:
  postgresql-aws/0 [allocating] waiting: waiting for machine
  postgresql-aws/1 [allocating] waiting: waiting for machine
[32mINFO    [0m juju.model:model.py:2971 Waiting for model:
  postgresql-aws/0 [allocating] waiting: agent initialising
  postgresql-aws/1 [allocating] waiting: agent initialising
[32mINFO    [0m juju.model:model.py:2971 Waiting for model:
  postgresql-aws/0 [allocating] waiting: agent initialising
  postgresql-aws/1 [allocating] waiting: agent initialising
[32mINFO    [0m juju.model:model.py:2971 Waiting for model:
  postgresql-aws/0 [executing] waiting: agent initialising
  postgresql-aws/1 [executing] waiting: agent initialising
[32mINFO    [0m juju.model:model.py:2971 Waiting for model:
  postgresql-aws/0 [executing] maintenance: installing PostgreSQL
  postgresql-aws/1 [executing] maintenance: installing PostgreSQL
[32mINFO    [0m juju.model:model.py:2971 Waiting for model:
  postgresql-aws/0 [executing] waiting: awaiting for cluster to start
  postgresql-aws/1 [executing] waiting: waiting to start PostgreSQL
[32mINFO    [0m juju.model:model.py:2971 Waiting for model:
  postgresql-aws/0 [idle] waiting: awaiting for cluster to start
  postgresql-aws/1 [executing] active: Primary
[32mINFO    [0m juju.model:model.py:2971 Waiting for model:
  postgresql-aws/0 [executing] waiting: awaiting for cluster to start
  postgresql-aws/1 [executing] active: Primary
[32mINFO    [0m juju.model:model.py:2971 Waiting for model:
  postgresql-aws/0 [executing] waiting: awaiting for cluster to start
  postgresql-aws/1 [executing] maintenance: reconfiguring cluster
[32mINFO    [0m juju.model:model.py:2971 Waiting for model:
  postgresql-aws/0 [executing] active: 
  postgresql-aws/1 [executing] active: Primary
[32mINFO    [0m juju.model:model.py:2971 Waiting for model:
  postgresql-aws/0 [executing] maintenance: Executing restart operation
  postgresql-aws/1 [executing] waiting: Awaiting restart operation
[32mINFO    [0m juju.model:model.py:2971 Waiting for model:
  postgresql-aws/0 [idle] active: 
  postgresql-aws/1 [executing] waiting: Awaiting restart operation
[32mINFO    [0m juju.model:model.py:2971 Waiting for model:
  postgresql-aws/0 [executing] maintenance: Executing restart operation
  postgresql-aws/1 [executing] active: 
[32mINFO    [0m juju.model:model.py:2971 Waiting for model:
  postgresql-aws/0 [executing] active: 
  postgresql-aws/1 [idle] active: Primary
[32mINFO    [0m juju.model:model.py:2971 Waiting for model:
  postgresql-aws/1 [idle] active: Primary
[33mWARNING [0m juju.model:model.py:1563 relate is deprecated and will be removed. Use integrate instead.
[32mINFO    [0m integration.helpers:helpers.py:1110 configuring S3 integrator for AWS
[32mINFO    [0m juju.model:model.py:2971 Waiting for model:
  postgresql-aws/0 [executing] active: 
  postgresql-aws/1 [executing] active: Primary
  s3-integrator/0 [executing] blocked: Missing parameters: ['access-key', 'secret-key']
[32mINFO    [0m juju.model:model.py:2971 Waiting for model:
  postgresql-aws/0 [idle] active: 
  postgresql-aws/1 [executing] maintenance: initialising stanza
[32mINFO    [0m juju.model:model.py:2971 Waiting for model:
  postgresql-aws/1 [executing] maintenance: initialising stanza
[32mINFO    [0m juju.model:model.py:2971 Waiting for model:
  postgresql-aws/0 [executing] active: 
  postgresql-aws/1 [executing] maintenance: initialising stanza
[32mINFO    [0m juju.model:model.py:2971 Waiting for model:
  postgresql-aws/0 [idle] active: 
  postgresql-aws/1 [executing] maintenance: initialising stanza
[32mINFO    [0m juju.model:model.py:2971 Waiting for model:
  postgresql-aws/0 [executing] active: 
  postgresql-aws/1 [executing] active: Primary
[32mINFO    [0m juju.model:model.py:2971 Waiting for model:
  postgresql-aws/0 [executing] active: 
  postgresql-aws/1 [executing] maintenance: initialising stanza
[32mINFO    [0m juju.model:model.py:2971 Waiting for model:
  postgresql-aws/0 [executing] active: 
  postgresql-aws/1 [executing] maintenance: initialising stanza
[32mINFO    [0m juju.model:model.py:2971 Waiting for model:
  postgresql-aws/1 [executing] maintenance: initialising stanza
[32mINFO    [0m juju.model:model.py:2971 Waiting for model:
  postgresql-aws/0 [executing] active: 
  postgresql-aws/1 [executing] active: Primary
[32mINFO    [0m juju.model:model.py:2971 Waiting for model:
  postgresql-aws/0 [executing] active: 
  postgresql-aws/1 [executing] active: Primary
[32mINFO    [0m juju.model:model.py:2971 Waiting for model:
  postgresql-aws/0 [executing] active: 
  postgresql-aws/1 [executing] maintenance: initialising stanza
[32mINFO    [0m juju.model:model.py:2971 Waiting for model:
  postgresql-aws/0 [idle] active: 
  postgresql-aws/1 [executing] maintenance: initialising stanza
[32mINFO    [0m juju.model:model.py:2971 Waiting for model:
  postgresql-aws/0 [executing] active: 
  postgresql-aws/1 [executing] maintenance: initialising stanza
[32mINFO    [0m juju.model:model.py:2971 Waiting for model:
  postgresql-aws/0 [executing] waiting: Awaiting restart operation
  postgresql-aws/1 [executing] active: 
[32mINFO    [0m juju.model:model.py:2971 Waiting for model:
  postgresql-aws/0 [executing] active: 
  postgresql-aws/1 [executing] active:
[32mINFO    [0m integration.test_backups:test_backups.py:84 deleting the previously created backups
[32mINFO    [0m pytest_operator.plugin:plugin.py:862 Model status:

Model  Controller           Cloud/Region         Version  SLA          Timestamp
test   localhost-localhost  localhost/localhost  3.4.4    unsupported  02:35:14Z

App                       Version  Status       Scale  Charm                     Channel        Rev  Exposed  Message
postgresql-aws            14.12    maintenance      2  postgresql                                 0  no       Beginning rolling restart
s3-integrator                      active           1  s3-integrator             latest/stable   32  no       
self-signed-certificates           active           1  self-signed-certificates  latest/edge    184  no       

Unit                         Workload  Agent      Machine  Public address  Ports     Message
postgresql-aws/0             active    executing  2        10.93.210.179   5432/tcp  
postgresql-aws/1*            active    executing  3        10.93.210.29    5432/tcp  
s3-integrator/0*             active    idle       0        10.93.210.166             
self-signed-certificates/0*  active    idle       1        10.93.210.117             

Machine  State    Address        Inst id        Base          AZ  Message
0        started  10.93.210.166  juju-34f165-0  ubuntu@22.04      Running
1        started  10.93.210.117  juju-34f165-1  ubuntu@22.04      Running
2        started  10.93.210.179  juju-34f165-2  ubuntu@22.04      Running
3        started  10.93.210.29   juju-34f165-3  ubuntu@22.04      Running

[32mINFO    [0m pytest_operator.plugin:plugin.py:868 Juju error logs:

machine-0: 02:19:12 ERROR juju.worker.dependency "kvm-container-provisioner" manifold worker returned unexpected error: container types not yet available
machine-0: 02:19:12 ERROR juju.worker.dependency "lxd-container-provisioner" manifold worker returned unexpected error: container types not yet available
unit-s3-integrator-0: 02:19:15 ERROR juju.worker.meterstatus error running "meter-status-changed": charm missing from disk
machine-1: 02:19:33 ERROR juju.worker.dependency "lxd-container-provisioner" manifold worker returned unexpected error: container types not yet available
machine-1: 02:19:33 ERROR juju.worker.dependency "kvm-container-provisioner" manifold worker returned unexpected error: container types not yet available
unit-self-signed-certificates-0: 02:19:34 ERROR juju.worker.meterstatus error running "meter-status-changed": charm missing from disk
machine-3: 02:19:40 ERROR juju.worker.dependency "lxd-container-provisioner" manifold worker returned unexpected error: container types not yet available
machine-2: 02:19:40 ERROR juju.worker.dependency "lxd-container-provisioner" manifold worker returned unexpected error: container types not yet available
machine-2: 02:19:40 ERROR juju.worker.dependency "kvm-container-provisioner" manifold worker returned unexpected error: container types not yet available
machine-3: 02:19:40 ERROR juju.worker.dependency "kvm-container-provisioner" manifold worker returned unexpected error: container types not yet available
unit-postgresql-aws-1: 02:19:41 ERROR juju.worker.meterstatus error running "meter-status-changed": charm missing from disk
unit-postgresql-aws-0: 02:19:41 ERROR juju.worker.meterstatus error running "meter-status-changed": charm missing from disk
unit-postgresql-aws-1: 02:34:14 ERROR unit.postgresql-aws/1.juju-log s3-parameters:5: Failed to get PostgreSQL last archived WAL: connection to server at "10.93.210.29", port 5432 failed: timeout expired

unit-postgresql-aws-1: 02:34:18 ERROR unit.postgresql-aws/1.juju-log s3-parameters:5: Uncaught exception while in charm code:
Traceback (most recent call last):
  File "/var/lib/juju/agents/unit-postgresql-aws-1/charm/lib/charms/postgresql_k8s/v0/postgresql.py", line 393, in get_last_archived_wal
    with self._connect_to_database() as connection, connection.cursor() as cursor:
  File "/var/lib/juju/agents/unit-postgresql-aws-1/charm/lib/charms/tempo_k8s/v1/charm_tracing.py", line 647, in wrapped_function
    return callable(*args, **kwargs)  # type: ignore
  File "/var/lib/juju/agents/unit-postgresql-aws-1/charm/lib/charms/postgresql_k8s/v0/postgresql.py", line 131, in _connect_to_database
    connection = psycopg2.connect(
  File "/var/lib/juju/agents/unit-postgresql-aws-1/charm/venv/psycopg2/__init__.py", line 122, in connect
    conn = _connect(dsn, connection_factory=connection_factory, **kwasync)
psycopg2.OperationalError: connection to server at "10.93.210.29", port 5432 failed: timeout expired


During handling of the above exception, another exception occurred:

Traceback (most recent call last):
  File "/var/lib/juju/agents/unit-postgresql-aws-1/charm/./src/charm.py", line 1849, in <module>
    main(PostgresqlOperatorCharm)
  File "/var/lib/juju/agents/unit-postgresql-aws-1/charm/venv/ops/main.py", line 548, in main
    manager.run()
  File "/var/lib/juju/agents/unit-postgresql-aws-1/charm/venv/ops/main.py", line 527, in run
    self._emit()
  File "/var/lib/juju/agents/unit-postgresql-aws-1/charm/venv/ops/main.py", line 516, in _emit
    _emit_charm_event(self.charm, self.dispatcher.event_name)
  File "/var/lib/juju/agents/unit-postgresql-aws-1/charm/venv/ops/main.py", line 147, in _emit_charm_event
    event_to_emit.emit(*args, **kwargs)
  File "/var/lib/juju/agents/unit-postgresql-aws-1/charm/venv/ops/framework.py", line 348, in emit
    framework._emit(event)
  File "/var/lib/juju/agents/unit-postgresql-aws-1/charm/venv/ops/framework.py", line 860, in _emit
    self._reemit(event_path)
  File "/var/lib/juju/agents/unit-postgresql-aws-1/charm/venv/ops/framework.py", line 950, in _reemit
    custom_handler(event)
  File "/var/lib/juju/agents/unit-postgresql-aws-1/charm/lib/charms/data_platform_libs/v0/s3.py", line 768, in _on_relation_changed
    getattr(self.on, "credentials_changed").emit(
  File "/var/lib/juju/agents/unit-postgresql-aws-1/charm/venv/ops/framework.py", line 348, in emit
    framework._emit(event)
  File "/var/lib/juju/agents/unit-postgresql-aws-1/charm/venv/ops/framework.py", line 860, in _emit
    self._reemit(event_path)
  File "/var/lib/juju/agents/unit-postgresql-aws-1/charm/venv/ops/framework.py", line 950, in _reemit
    custom_handler(event)
  File "/var/lib/juju/agents/unit-postgresql-aws-1/charm/lib/charms/tempo_k8s/v1/charm_tracing.py", line 647, in wrapped_function
    return callable(*args, **kwargs)  # type: ignore
  File "/var/lib/juju/agents/unit-postgresql-aws-1/charm/src/backups.py", line 660, in _on_s3_credential_changed
    can_use_s3_repository, validation_message = self.can_use_s3_repository()
  File "/var/lib/juju/agents/unit-postgresql-aws-1/charm/lib/charms/tempo_k8s/v1/charm_tracing.py", line 647, in wrapped_function
    return callable(*args, **kwargs)  # type: ignore
  File "/var/lib/juju/agents/unit-postgresql-aws-1/charm/src/backups.py", line 204, in can_use_s3_repository
    return self._is_s3_wal_compatible(stanza)
  File "/var/lib/juju/agents/unit-postgresql-aws-1/charm/lib/charms/tempo_k8s/v1/charm_tracing.py", line 647, in wrapped_function
    return callable(*args, **kwargs)  # type: ignore
  File "/var/lib/juju/agents/unit-postgresql-aws-1/charm/src/backups.py", line 210, in _is_s3_wal_compatible
    charm_last_archived_wal = self.charm.postgresql.get_last_archived_wal()
  File "/var/lib/juju/agents/unit-postgresql-aws-1/charm/lib/charms/tempo_k8s/v1/charm_tracing.py", line 647, in wrapped_function
    return callable(*args, **kwargs)  # type: ignore
  File "/var/lib/juju/agents/unit-postgresql-aws-1/charm/lib/charms/postgresql_k8s/v0/postgresql.py", line 398, in get_last_archived_wal
    raise PostgreSQLGetLastArchivedWALError()
charms.postgresql_k8s.v0.postgresql.PostgreSQLGetLastArchivedWALError
unit-postgresql-aws-1: 02:34:36 ERROR juju.worker.uniter.operation hook "s3-parameters-relation-changed" (via hook dispatching script: dispatch) failed: exit status 1

[32mINFO    [0m pytest_operator.plugin:plugin.py:947 Forgetting model main...