[32mINFO    [0m pytest_operator.plugin:plugin.py:734 Connecting to existing model localhost-localhost:test on unspecified cloud
[32mINFO    [0m juju.model:model.py:2097 Deploying local:jammy/postgresql-0
[33mWARNING [0m juju.model:model.py:1563 relate is deprecated and will be removed. Use integrate instead.
[32mINFO    [0m juju.model:model.py:2971 Waiting for model:
  landscape-server/0 [allocating] waiting: waiting for machine
  landscape-server/1 [allocating] waiting: waiting for machine
[32mINFO    [0m juju.model:model.py:2971 Waiting for model:
  postgresql/0 [allocating] waiting: waiting for machine
  postgresql/1 [allocating] waiting: waiting for machine
  postgresql/2 [allocating] waiting: waiting for machine
[32mINFO    [0m juju.model:model.py:2971 Waiting for model:
  postgresql/0 [allocating] waiting: waiting for machine
  postgresql/1 [allocating] waiting: waiting for machine
  postgresql/2 [allocating] waiting: waiting for machine
[32mINFO    [0m juju.model:model.py:2971 Waiting for model:
  landscape-server/0 [allocating] waiting: waiting for machine
  landscape-server/1 [allocating] waiting: waiting for machine
[32mINFO    [0m juju.model:model.py:2971 Waiting for model:
  postgresql/0 [allocating] waiting: waiting for machine
  postgresql/1 [allocating] waiting: waiting for machine
  postgresql/2 [allocating] waiting: waiting for machine
[32mINFO    [0m juju.model:model.py:2971 Waiting for model:
  landscape-server/0 [allocating] waiting: waiting for machine
  landscape-server/1 [allocating] waiting: waiting for machine
[32mINFO    [0m juju.model:model.py:2971 Waiting for model:
  postgresql/0 [allocating] waiting: waiting for machine
  postgresql/1 [allocating] waiting: waiting for machine
  postgresql/2 [allocating] waiting: waiting for machine
[32mINFO    [0m juju.model:model.py:2971 Waiting for model:
  landscape-server/0 [allocating] waiting: waiting for machine
  landscape-server/1 [allocating] waiting: waiting for machine
[32mINFO    [0m juju.model:model.py:2971 Waiting for model:
  postgresql/0 [allocating] waiting: waiting for machine
  postgresql/1 [allocating] waiting: waiting for machine
  postgresql/2 [allocating] waiting: waiting for machine
[32mINFO    [0m juju.model:model.py:2971 Waiting for model:
  landscape-server/0 [allocating] waiting: waiting for machine
  landscape-server/1 [allocating] waiting: waiting for machine
[32mINFO    [0m juju.model:model.py:2971 Waiting for model:
  postgresql/0 [allocating] waiting: waiting for machine
  postgresql/1 [allocating] waiting: waiting for machine
  postgresql/2 [allocating] waiting: waiting for machine
[32mINFO    [0m juju.model:model.py:2971 Waiting for model:
  landscape-server/0 [allocating] waiting: waiting for machine
  landscape-server/1 [allocating] waiting: waiting for machine
[32mINFO    [0m juju.model:model.py:2971 Waiting for model:
  postgresql/0 [allocating] waiting: waiting for machine
  postgresql/1 [allocating] waiting: waiting for machine
  postgresql/2 [allocating] waiting: waiting for machine
[32mINFO    [0m juju.model:model.py:2971 Waiting for model:
  landscape-server/0 [allocating] waiting: waiting for machine
  landscape-server/1 [allocating] waiting: waiting for machine
[32mINFO    [0m juju.model:model.py:2971 Waiting for model:
  landscape-server/0 [allocating] waiting: waiting for machine
  landscape-server/1 [allocating] waiting: waiting for machine
[32mINFO    [0m juju.model:model.py:2971 Waiting for model:
  postgresql/0 [allocating] waiting: waiting for machine
  postgresql/1 [allocating] waiting: waiting for machine
  postgresql/2 [allocating] waiting: waiting for machine
[32mINFO    [0m juju.model:model.py:2971 Waiting for model:
  landscape-server/0 [allocating] waiting: waiting for machine
  landscape-server/1 [allocating] waiting: waiting for machine
[32mINFO    [0m juju.model:model.py:2971 Waiting for model:
  postgresql/0 [allocating] waiting: waiting for machine
  postgresql/1 [allocating] waiting: agent initialising
  postgresql/2 [allocating] waiting: waiting for machine
[32mINFO    [0m juju.model:model.py:2971 Waiting for model:
  postgresql/0 [allocating] waiting: agent initialising
  postgresql/1 [allocating] waiting: agent initialising
  postgresql/2 [allocating] waiting: agent initialising
[32mINFO    [0m juju.model:model.py:2971 Waiting for model:
  landscape-server/0 [allocating] waiting: waiting for machine
  landscape-server/1 [allocating] waiting: waiting for machine
[32mINFO    [0m juju.model:model.py:2971 Waiting for model:
  landscape-server/0 [executing] maintenance: Installing apt packages
  landscape-server/1 [executing] maintenance: Installing apt packages
[32mINFO    [0m juju.model:model.py:2971 Waiting for model:
  postgresql/0 [executing] maintenance: installing PostgreSQL
  postgresql/1 [executing] maintenance: installing PostgreSQL
  postgresql/2 [executing] maintenance: installing PostgreSQL
[32mINFO    [0m juju.model:model.py:2971 Waiting for model:
  postgresql/0 [executing] maintenance: installing PostgreSQL
  postgresql/1 [executing] maintenance: installing PostgreSQL
  postgresql/2 [executing] maintenance: installing PostgreSQL
[32mINFO    [0m juju.model:model.py:2971 Waiting for model:
  landscape-server/0 [executing] maintenance: Installing apt packages
  landscape-server/1 [executing] maintenance: Installing apt packages
[32mINFO    [0m juju.model:model.py:2971 Waiting for model:
  landscape-server/0 [executing] maintenance: Installing apt packages
  landscape-server/1 [executing] maintenance: Installing apt packages
[32mINFO    [0m juju.model:model.py:2971 Waiting for model:
  postgresql/0 [executing] waiting: awaiting for cluster to start
  postgresql/1 [executing] waiting: waiting to start PostgreSQL
  postgresql/2 [executing] waiting: awaiting for cluster to start
[32mINFO    [0m juju.model:model.py:2971 Waiting for model:
  postgresql/0 [executing] waiting: awaiting for cluster to start
  postgresql/1 [executing] waiting: awaiting for member to start
  postgresql/2 [idle] waiting: awaiting for cluster to start
[32mINFO    [0m juju.model:model.py:2971 Waiting for model:
  landscape-server/0 [executing] maintenance: Installing apt packages
  landscape-server/1 [executing] maintenance: Installing apt packages
[32mINFO    [0m juju.model:model.py:2971 Waiting for model:
  landscape-server/0 [executing] maintenance: Installing apt packages
  landscape-server/1 [executing] maintenance: Installing apt packages
[32mINFO    [0m juju.model:model.py:2971 Waiting for model:
  postgresql/0 [executing] waiting: awaiting for cluster to start
  postgresql/1 [executing] active: Primary
  postgresql/2 [executing] waiting: awaiting for cluster to start
[32mINFO    [0m juju.model:model.py:2971 Waiting for model:
  postgresql/0 [executing] waiting: awaiting for cluster to start
  postgresql/1 [executing] active: Primary
  postgresql/2 [executing] waiting: awaiting for cluster to start
[32mINFO    [0m juju.model:model.py:2971 Waiting for model:
  landscape-server/0 [executing] maintenance: Installing apt packages
  landscape-server/1 [executing] maintenance: Installing apt packages
[32mINFO    [0m juju.model:model.py:2971 Waiting for model:
  landscape-server/0 [executing] maintenance: Installing apt packages
  landscape-server/1 [executing] maintenance: Installing apt packages
[32mINFO    [0m juju.model:model.py:2971 Waiting for model:
  postgresql/0 [executing] waiting: awaiting for cluster to start
  postgresql/1 [executing] active: Primary
  postgresql/2 [executing] waiting: awaiting for cluster to start
[32mINFO    [0m juju.model:model.py:2971 Waiting for model:
  landscape-server/0 [executing] maintenance: Installing apt packages
  landscape-server/1 [executing] maintenance: Installing apt packages
[32mINFO    [0m juju.model:model.py:2971 Waiting for model:
  postgresql/0 [executing] waiting: awaiting for cluster to start
  postgresql/1 [executing] maintenance: reconfiguring cluster
  postgresql/2 [executing] waiting: awaiting for cluster to start
[32mINFO    [0m juju.model:model.py:2971 Waiting for model:
  landscape-server/0 [executing] maintenance: Installing apt packages
  landscape-server/1 [executing] maintenance: Installing apt packages
[32mINFO    [0m juju.model:model.py:2971 Waiting for model:
  postgresql/0 [executing] waiting: awaiting for cluster to start
  postgresql/1 [executing] maintenance: reconfiguring cluster
  postgresql/2 [executing] waiting: awaiting for cluster to start
[32mINFO    [0m juju.model:model.py:2971 Waiting for model:
  landscape-server/0 [executing] maintenance: Installing apt packages
  landscape-server/1 [executing] maintenance: Installing apt packages
[32mINFO    [0m juju.model:model.py:2971 Waiting for model:
  postgresql/0 [executing] waiting: awaiting for cluster to start
  postgresql/1 [executing] maintenance: reconfiguring cluster
  postgresql/2 [executing] waiting: awaiting for cluster to start
[32mINFO    [0m juju.model:model.py:2971 Waiting for model:
  landscape-server/0 [executing] maintenance: Installing apt packages
  landscape-server/1 [executing] maintenance: Installing apt packages
[32mINFO    [0m juju.model:model.py:2971 Waiting for model:
  postgresql/0 [executing] waiting: awaiting for cluster to start
  postgresql/1 [executing] maintenance: reconfiguring cluster
  postgresql/2 [executing] waiting: awaiting for cluster to start
[32mINFO    [0m juju.model:model.py:2971 Waiting for model:
  landscape-server/0 [executing] maintenance: Installing apt packages
  landscape-server/1 [executing] maintenance: Installing apt packages
[32mINFO    [0m juju.model:model.py:2971 Waiting for model:
  postgresql/0 [executing] waiting: awaiting for cluster to start
  postgresql/1 [executing] maintenance: reconfiguring cluster
  postgresql/2 [executing] waiting: awaiting for cluster to start
[32mINFO    [0m juju.model:model.py:2971 Waiting for model:
  landscape-server/0 [executing] maintenance: Installing apt packages
  landscape-server/1 [executing] maintenance: Installing apt packages
[32mINFO    [0m juju.model:model.py:2971 Waiting for model:
  postgresql/0 [executing] waiting: awaiting for cluster to start
  postgresql/1 [executing] maintenance: reconfiguring cluster
  postgresql/2 [executing] waiting: awaiting for cluster to start
[32mINFO    [0m juju.model:model.py:2971 Waiting for model:
  landscape-server/0 [executing] maintenance: Installing apt packages
  landscape-server/1 [executing] maintenance: Installing apt packages
[32mINFO    [0m juju.model:model.py:2971 Waiting for model:
  postgresql/0 [executing] waiting: awaiting for cluster to start
  postgresql/1 [idle] active: Primary
  postgresql/2 [executing] waiting: awaiting for cluster to start
[32mINFO    [0m juju.model:model.py:2971 Waiting for model:
  landscape-server/0 [executing] maintenance: Installing apt packages
  landscape-server/1 [executing] maintenance: Installing apt packages
[32mINFO    [0m juju.model:model.py:2971 Waiting for model:
  postgresql/0 [executing] waiting: awaiting for member to start
  postgresql/2 [executing] waiting: awaiting for member to start
[32mINFO    [0m juju.model:model.py:2971 Waiting for model:
  postgresql/0 [executing] waiting: awaiting for member to start
  postgresql/2 [executing] waiting: awaiting for member to start
[32mINFO    [0m juju.model:model.py:2971 Waiting for model:
  landscape-server/0 [executing] maintenance: Installing apt packages
  landscape-server/1 [executing] maintenance: Installing apt packages
[32mINFO    [0m juju.model:model.py:2971 Waiting for model:
  postgresql/0 [executing] waiting: awaiting for member to start
  postgresql/2 [executing] waiting: awaiting for member to start
[32mINFO    [0m juju.model:model.py:2971 Waiting for model:
  landscape-server/0 [executing] maintenance: Installing apt packages
  landscape-server/1 [executing] maintenance: Installing apt packages
[32mINFO    [0m juju.model:model.py:2971 Waiting for model:
  landscape-server/0 [executing] maintenance: Installing apt packages
  landscape-server/1 [executing] maintenance: Installing apt packages
[32mINFO    [0m juju.model:model.py:2971 Waiting for model:
  postgresql/0 [executing] waiting: awaiting for member to start
  postgresql/2 [executing] waiting: awaiting for member to start
[32mINFO    [0m juju.model:model.py:2971 Waiting for model:
  postgresql/0 [executing] waiting: awaiting for member to start
  postgresql/2 [executing] waiting: awaiting for member to start
[32mINFO    [0m juju.model:model.py:2971 Waiting for model:
  landscape-server/0 [executing] maintenance: Installing apt packages
  landscape-server/1 [executing] maintenance: Installing apt packages
[32mINFO    [0m juju.model:model.py:2971 Waiting for model:
  landscape-server/0 [executing] maintenance: Installing apt packages
  landscape-server/1 [executing] maintenance: Installing apt packages
[32mINFO    [0m juju.model:model.py:2971 Waiting for model:
  postgresql/0 [executing] waiting: awaiting for member to start
  postgresql/2 [executing] waiting: awaiting for member to start
[32mINFO    [0m juju.model:model.py:2971 Waiting for model:
  landscape-server/0 [executing] maintenance: Installing apt packages
  landscape-server/1 [executing] maintenance: Installing apt packages
[32mINFO    [0m juju.model:model.py:2971 Waiting for model:
  postgresql/0 [executing] waiting: awaiting for member to start
  postgresql/2 [executing] waiting: awaiting for member to start
[32mINFO    [0m juju.model:model.py:2971 Waiting for model:
  landscape-server/0 [executing] maintenance: Installing apt packages
  landscape-server/1 [executing] maintenance: Installing apt packages
[32mINFO    [0m juju.model:model.py:2971 Waiting for model:
  postgresql/0 [executing] waiting: awaiting for member to start
  postgresql/2 [executing] waiting: awaiting for member to start
[32mINFO    [0m juju.model:model.py:2971 Waiting for model:
  landscape-server/0 [executing] maintenance: Installing apt packages
  landscape-server/1 [executing] maintenance: Installing apt packages
[32mINFO    [0m juju.model:model.py:2971 Waiting for model:
  postgresql/0 [executing] waiting: awaiting for member to start
  postgresql/1 [executing] active: 
  postgresql/2 [executing] maintenance: reinitialising replica
[32mINFO    [0m juju.model:model.py:2971 Waiting for model:
  landscape-server/0 [executing] maintenance: Installing apt packages
  landscape-server/1 [executing] maintenance: Installing apt packages
[32mINFO    [0m juju.model:model.py:2971 Waiting for model:
  postgresql/0 [executing] waiting: waiting for primary to be reachable from this unit
  postgresql/1 [executing] active: Primary
  postgresql/2 [executing] maintenance: reinitialising replica
[32mINFO    [0m juju.model:model.py:2971 Waiting for model:
  landscape-server/0 [executing] maintenance: Installing apt packages
  landscape-server/1 [executing] maintenance: Installing apt packages
[32mINFO    [0m juju.model:model.py:2971 Waiting for model:
  postgresql/0 [executing] waiting: waiting for primary to be reachable from this unit
  postgresql/1 [executing] active: Primary
  postgresql/2 [executing] maintenance: reinitialising replica
[32mINFO    [0m juju.model:model.py:2971 Waiting for model:
  landscape-server/0 [executing] maintenance: Installing apt packages
  landscape-server/1 [executing] maintenance: Installing apt packages
[32mINFO    [0m juju.model:model.py:2971 Waiting for model:
  postgresql/0 [executing] waiting: waiting for primary to be reachable from this unit
  postgresql/1 [executing] maintenance: reconfiguring cluster
  postgresql/2 [executing] maintenance: reinitialising replica
[32mINFO    [0m juju.model:model.py:2971 Waiting for model:
  landscape-server/0 [executing] maintenance: Installing apt packages
  landscape-server/1 [executing] maintenance: Installing apt packages
[32mINFO    [0m juju.model:model.py:2971 Waiting for model:
  postgresql/0 [executing] active: 
  postgresql/1 [executing] active: 
  postgresql/2 [executing] waiting: waiting for primary to be reachable from this unit
[32mINFO    [0m juju.model:model.py:2971 Waiting for model:
  landscape-server/0 [executing] maintenance: Installing apt packages
  landscape-server/1 [executing] maintenance: Installing apt packages
[32mINFO    [0m juju.model:model.py:2971 Waiting for model:
  postgresql/1 [executing] active: 
  postgresql/2 [executing] active: 
[32mINFO    [0m juju.model:model.py:2971 Waiting for model:
  landscape-server/0 [executing] maintenance: Installing apt packages
  landscape-server/1 [executing] maintenance: Installing apt packages
[32mINFO    [0m juju.model:model.py:2971 Waiting for model:
  postgresql/1 [executing] active: 
  postgresql/2 [executing] active: 
[32mINFO    [0m juju.model:model.py:2971 Waiting for model:
  landscape-server/0 [executing] maintenance: Installing apt packages
  landscape-server/1 [executing] maintenance: Installing apt packages
[32mINFO    [0m juju.model:model.py:2971 Waiting for model:
  postgresql/1 [executing] active: 
  postgresql/2 [executing] active: 
[32mINFO    [0m juju.model:model.py:2971 Waiting for model:
  landscape-server/0 [executing] maintenance: Installing apt packages
  landscape-server/1 [executing] maintenance: Installing apt packages
[32mINFO    [0m juju.model:model.py:2971 Waiting for model:
  postgresql/0 [executing] active: 
  postgresql/1 [executing] maintenance: reinitialising replica
  postgresql/2 [executing] active: 
[32mINFO    [0m juju.model:model.py:2971 Waiting for model:
  landscape-server/0 [executing] maintenance: Installing apt packages
  landscape-server/1 [executing] maintenance: Installing apt packages
[32mINFO    [0m juju.model:model.py:2971 Waiting for model:
  postgresql/0 [executing] active: 
  postgresql/1 [executing] maintenance: reconfiguring cluster
  postgresql/2 [executing] active: 
[32mINFO    [0m juju.model:model.py:2971 Waiting for model:
  landscape-server/0 [executing] maintenance: Installing apt packages
  landscape-server/1 [executing] maintenance: Installing apt packages
[32mINFO    [0m juju.model:model.py:2971 Waiting for model:
  postgresql/0 [executing] active: 
  postgresql/1 [executing] maintenance: reconfiguring cluster
  postgresql/2 [executing] active: 
[32mINFO    [0m juju.model:model.py:2971 Waiting for model:
  landscape-server/0 [executing] maintenance: Installing apt packages
  landscape-server/1 [executing] maintenance: Installing apt packages
[32mINFO    [0m juju.model:model.py:2971 Waiting for model:
  postgresql/0 [executing] waiting: waiting for primary to be reachable from this unit
  postgresql/1 [executing] maintenance: reinitialising replica
  postgresql/2 [idle] active: 
[32mINFO    [0m juju.model:model.py:2971 Waiting for model:
  landscape-server/0 [executing] maintenance: Installing apt packages
  landscape-server/1 [executing] maintenance: Installing apt packages
[32mINFO    [0m juju.model:model.py:2971 Waiting for model:
  postgresql/0 [executing] waiting: waiting for primary to be reachable from this unit
  postgresql/1 [executing] maintenance: reinitialising replica
[32mINFO    [0m juju.model:model.py:2971 Waiting for model:
  postgresql/0 [executing] maintenance: reinitialising replica
  postgresql/1 [executing] maintenance: reinitialising replica
  postgresql/2 [idle] active: 
[32mINFO    [0m juju.model:model.py:2971 Waiting for model:
  landscape-server/0 [executing] maintenance: Installing apt packages
  landscape-server/1 [executing] maintenance: Installing apt packages
[32mINFO    [0m juju.model:model.py:2971 Waiting for model:
  landscape-server/0 [executing] maintenance: Installing apt packages
  landscape-server/1 [executing] maintenance: Installing apt packages
[32mINFO    [0m juju.model:model.py:2971 Waiting for model:
  postgresql/1 [executing] active: Primary
  postgresql/2 [idle] active: 
[32mINFO    [0m juju.model:model.py:2971 Waiting for model:
  landscape-server/0 [executing] maintenance: Installing apt packages
  landscape-server/1 [executing] maintenance: Installing apt packages
[32mINFO    [0m juju.model:model.py:2971 Waiting for model:
  postgresql/1 [executing] active: Primary
[32mINFO    [0m juju.model:model.py:2971 Waiting for model:
  postgresql/1 [executing] maintenance: reinitialising replica
[32mINFO    [0m juju.model:model.py:2971 Waiting for model:
  landscape-server/0 [executing] maintenance: Installing apt packages
  landscape-server/1 [executing] maintenance: Installing apt packages
[32mINFO    [0m juju.model:model.py:2971 Waiting for model:
  postgresql/0 [executing] active: 
  postgresql/1 [executing] maintenance: reconfiguring cluster
  postgresql/2 [executing] active: 
[32mINFO    [0m juju.model:model.py:2971 Waiting for model:
  landscape-server/0 [executing] maintenance: Installing apt packages
  landscape-server/1 [executing] maintenance: Installing apt packages
[32mINFO    [0m juju.model:model.py:2971 Waiting for model:
  postgresql/0 [executing] active: 
  postgresql/1 [executing] maintenance: reconfiguring cluster
  postgresql/2 [executing] active: 
[32mINFO    [0m juju.model:model.py:2971 Waiting for model:
  landscape-server/0 [executing] maintenance: Installing apt packages
  landscape-server/1 [executing] maintenance: Installing apt packages
[32mINFO    [0m juju.model:model.py:2971 Waiting for model:
  postgresql/0 [executing] active: 
  postgresql/1 [executing] maintenance: reconfiguring cluster
  postgresql/2 [executing] active: 
[32mINFO    [0m juju.model:model.py:2971 Waiting for model:
  landscape-server/0 [executing] maintenance: Installing apt packages
  landscape-server/1 [executing] maintenance: Installing apt packages
[32mINFO    [0m juju.model:model.py:2971 Waiting for model:
  postgresql/0 [executing] active: 
  postgresql/1 [executing] maintenance: reconfiguring cluster
  postgresql/2 [executing] active: 
[32mINFO    [0m juju.model:model.py:2971 Waiting for model:
  landscape-server/0 [executing] maintenance: Installing apt packages
  landscape-server/1 [executing] maintenance: Installing apt packages
[32mINFO    [0m juju.model:model.py:2971 Waiting for model:
  postgresql/0 [executing] active: 
  postgresql/1 [executing] maintenance: reconfiguring cluster
  postgresql/2 [executing] active: 
[32mINFO    [0m juju.model:model.py:2971 Waiting for model:
  landscape-server/0 [executing] maintenance: Installing apt packages
  landscape-server/1 [executing] maintenance: Installing apt packages
[32mINFO    [0m juju.model:model.py:2971 Waiting for model:
  postgresql/0 [executing] active: 
  postgresql/1 [executing] maintenance: reconfiguring cluster
  postgresql/2 [executing] active: 
[32mINFO    [0m juju.model:model.py:2971 Waiting for model:
  landscape-server/0 [executing] maintenance: Installing apt packages
  landscape-server/1 [executing] maintenance: Installing apt packages
[32mINFO    [0m juju.model:model.py:2971 Waiting for model:
  postgresql/0 [executing] active: 
  postgresql/1 [executing] maintenance: reinitialising replica
  postgresql/2 [executing] active: 
[32mINFO    [0m juju.model:model.py:2971 Waiting for model:
  landscape-server/0 [executing] maintenance: Installing apt packages
  landscape-server/1 [executing] maintenance: Installing apt packages
[32mINFO    [0m juju.model:model.py:2971 Waiting for model:
  postgresql/0 [executing] active: 
  postgresql/1 [executing] maintenance: reinitialising replica
  postgresql/2 [executing] active: 
[32mINFO    [0m juju.model:model.py:2971 Waiting for model:
  landscape-server/0 [executing] maintenance: Installing apt packages
  landscape-server/1 [executing] maintenance: Installing apt packages
[32mINFO    [0m juju.model:model.py:2971 Waiting for model:
  postgresql/0 [executing] active: 
  postgresql/1 [executing] active: 
  postgresql/2 [executing] active: 
[32mINFO    [0m juju.model:model.py:2971 Waiting for model:
  landscape-server/0 [executing] maintenance: Installing apt packages
  landscape-server/1 [executing] maintenance: Installing apt packages
[32mINFO    [0m juju.model:model.py:2971 Waiting for model:
  postgresql/0 [executing] active: 
  postgresql/1 [executing] maintenance: reconfiguring cluster
  postgresql/2 [idle] active: 
[32mINFO    [0m juju.model:model.py:2971 Waiting for model:
  landscape-server/0 [executing] maintenance: Installing apt packages
  landscape-server/1 [executing] maintenance: Installing apt packages
[32mINFO    [0m juju.model:model.py:2971 Waiting for model:
  postgresql/0 [executing] active: 
  postgresql/1 [executing] maintenance: reconfiguring cluster
  postgresql/2 [executing] active: 
[32mINFO    [0m juju.model:model.py:2971 Waiting for model:
  landscape-server/0 [executing] maintenance: Installing apt packages
  landscape-server/1 [executing] maintenance: Installing apt packages
[32mINFO    [0m juju.model:model.py:2971 Waiting for model:
  postgresql/0 [executing] active: 
  postgresql/1 [executing] blocked: Failed to retrieve the PostgreSQL version to initialise/update db-admin relation
  postgresql/2 [idle] active: 
[32mINFO    [0m juju.model:model.py:2971 Waiting for model:
  landscape-server/0 [executing] maintenance: Installing apt packages
  landscape-server/1 [executing] maintenance: Installing apt packages
[32mINFO    [0m juju.model:model.py:2971 Waiting for model:
  postgresql/0 [executing] active: 
  postgresql/1 [executing] maintenance: reconfiguring cluster
[32mINFO    [0m juju.model:model.py:2971 Waiting for model:
  landscape-server/0 [executing] maintenance: Installing apt packages
  landscape-server/1 [executing] maintenance: Installing apt packages
[32mINFO    [0m juju.model:model.py:2971 Waiting for model:
  postgresql/0 [executing] active: 
  postgresql/1 [executing] maintenance: reconfiguring cluster
  postgresql/2 [executing] active: 
[32mINFO    [0m juju.model:model.py:2971 Waiting for model:
  landscape-server/0 [executing] waiting: Waiting on relations: db, amqp, haproxy
  landscape-server/1 [executing] maintenance: Installing apt packages
[32mINFO    [0m juju.model:model.py:2971 Waiting for model:
  postgresql/0 [idle] active: 
  postgresql/1 [executing] maintenance: reconfiguring cluster
  postgresql/2 [executing] active: 
[32mINFO    [0m juju.model:model.py:2971 Waiting for model:
  postgresql/0 [executing] active: 
  postgresql/1 [executing] active: 
  postgresql/2 [executing] active: 
[32mINFO    [0m juju.model:model.py:2971 Waiting for model:
  landscape-server/0 [executing] active: Unit is ready
  landscape-server/1 [executing] waiting: Waiting on relations: db, amqp, haproxy
[32mINFO    [0m juju.model:model.py:2971 Waiting for model:
  postgresql/1 [executing] active: 
  postgresql/2 [executing] active: 
[32mINFO    [0m juju.model:model.py:2971 Waiting for model:
  landscape-server/0 [executing] waiting: Waiting on relations: db, amqp
  landscape-server/1 [executing] waiting: Waiting on relations: db, amqp
[32mINFO    [0m juju.model:model.py:2971 Waiting for model:
  landscape-server/0 [executing] waiting: Waiting on relations: db, amqp
  landscape-server/1 [executing] maintenance: Setting up amqp connection
[32mINFO    [0m juju.model:model.py:2971 Waiting for model:
  postgresql/1 [executing] maintenance: reinitialising replica
  postgresql/2 [executing] active: 
[32mINFO    [0m juju.model:model.py:2971 Waiting for model:
  landscape-server/0 [idle] waiting: Waiting on relations: db, amqp
  landscape-server/1 [executing] waiting: Waiting on relations: db, amqp
[32mINFO    [0m juju.model:model.py:2971 Waiting for model:
  postgresql/1 [executing] maintenance: reconfiguring cluster
  postgresql/2 [executing] active: 
[32mINFO    [0m juju.model:model.py:2971 Waiting for model:
  landscape-server/0 [idle] waiting: Waiting on relations: db, amqp
  landscape-server/1 [executing] waiting: Waiting on relations: db, amqp
[32mINFO    [0m juju.model:model.py:2971 Waiting for model:
  postgresql/0 [executing] active: 
  postgresql/1 [executing] maintenance: reconfiguring cluster
  postgresql/2 [executing] active: 
[32mINFO    [0m juju.model:model.py:2971 Waiting for model:
  landscape-server/0 [idle] waiting: Waiting on relations: db, amqp
  landscape-server/1 [idle] waiting: Waiting on relations: db, amqp
[32mINFO    [0m juju.model:model.py:2971 Waiting for model:
  postgresql/1 [executing] maintenance: reconfiguring cluster
  postgresql/2 [idle] active: 
[32mINFO    [0m juju.model:model.py:2971 Waiting for model:
  landscape-server/0 [executing] waiting: Waiting on relations: db
  landscape-server/1 [executing] waiting: Waiting on relations: db
[32mINFO    [0m juju.model:model.py:2971 Waiting for model:
  postgresql/1 [executing] maintenance: reconfiguring cluster
[32mINFO    [0m juju.model:model.py:2971 Waiting for model:
  landscape-server/0 [idle] waiting: Waiting on relations: db
  landscape-server/1 [idle] waiting: Waiting on relations: db
[32mINFO    [0m juju.model:model.py:2971 Waiting for model:
  postgresql/0 [executing] active: 
  postgresql/1 [executing] maintenance: reconfiguring cluster
  postgresql/2 [executing] active: 
[32mINFO    [0m juju.model:model.py:2971 Waiting for model:
  landscape-server/0 [idle] waiting: Waiting on relations: db
  landscape-server/1 [idle] waiting: Waiting on relations: db
[32mINFO    [0m juju.model:model.py:2971 Waiting for model:
  postgresql/0 [idle] active: 
  postgresql/1 [executing] maintenance: reconfiguring cluster
  postgresql/2 [idle] active: 
[32mINFO    [0m juju.model:model.py:2971 Waiting for model:
  landscape-server/0 [idle] waiting: Waiting on relations: db
  landscape-server/1 [idle] waiting: Waiting on relations: db
[32mINFO    [0m juju.model:model.py:2971 Waiting for model:
  postgresql/1 [executing] maintenance: reinitialising replica
[32mINFO    [0m juju.model:model.py:2971 Waiting for model:
  landscape-server/0 [idle] waiting: Waiting on relations: db
  landscape-server/1 [idle] waiting: Waiting on relations: db
[32mINFO    [0m juju.model:model.py:2971 Waiting for model:
  postgresql/1 [executing] maintenance: reinitialising replica
[32mINFO    [0m juju.model:model.py:2971 Waiting for model:
  landscape-server/0 [idle] waiting: Waiting on relations: db
  landscape-server/1 [idle] waiting: Waiting on relations: db
[32mINFO    [0m juju.model:model.py:2971 Waiting for model:
  postgresql/0 [executing] active: 
  postgresql/1 [executing] maintenance: reinitialising replica
  postgresql/2 [executing] active: 
[32mINFO    [0m juju.model:model.py:2971 Waiting for model:
  postgresql/0 [executing] active: 
  postgresql/1 [executing] maintenance: reinitialising replica
  postgresql/2 [executing] active: 
[32mINFO    [0m juju.model:model.py:2971 Waiting for model:
  landscape-server/0 [idle] waiting: Waiting on relations: db
  landscape-server/1 [idle] waiting: Waiting on relations: db
[32mINFO    [0m juju.model:model.py:2971 Waiting for model:
  landscape-server/0 [idle] waiting: Waiting on relations: db
  landscape-server/1 [idle] waiting: Waiting on relations: db
[32mINFO    [0m juju.model:model.py:2971 Waiting for model:
  postgresql/0 [executing] active: 
  postgresql/1 [executing] maintenance: reinitialising replica
  postgresql/2 [executing] active: 
[32mINFO    [0m juju.model:model.py:2971 Waiting for model:
  landscape-server/0 [idle] waiting: Waiting on relations: db
  landscape-server/1 [idle] waiting: Waiting on relations: db
[32mINFO    [0m juju.model:model.py:2971 Waiting for model:
  postgresql/0 [executing] active: 
  postgresql/1 [executing] maintenance: reinitialising replica
  postgresql/2 [executing] active: 
[32mINFO    [0m juju.model:model.py:2971 Waiting for model:
  landscape-server/0 [idle] waiting: Waiting on relations: db
  landscape-server/1 [idle] waiting: Waiting on relations: db
[32mINFO    [0m juju.model:model.py:2971 Waiting for model:
  postgresql/0 [executing] active: 
  postgresql/1 [executing] maintenance: reinitialising replica
[32mINFO    [0m juju.model:model.py:2971 Waiting for model:
  landscape-server/0 [executing] maintenance: Setting up databases
  landscape-server/1 [idle] waiting: Waiting on relations: db
[32mINFO    [0m juju.model:model.py:2971 Waiting for model:
  postgresql/0 [executing] active: 
  postgresql/1 [executing] active: Primary
  postgresql/2 [executing] active: 
[32mINFO    [0m juju.model:model.py:2971 Waiting for model:
  landscape-server/0 [executing] maintenance: Setting up databases
  landscape-server/1 [executing] maintenance: Setting up databases
[32mINFO    [0m juju.model:model.py:2971 Waiting for model:
  postgresql/0 [executing] active: 
  postgresql/1 [executing] active: 
  postgresql/2 [executing] active: 
[32mINFO    [0m juju.model:model.py:2971 Waiting for model:
  landscape-server/0 [executing] maintenance: Setting up databases
  landscape-server/1 [executing] maintenance: Setting up databases
[32mINFO    [0m juju.model:model.py:2971 Waiting for model:
  postgresql/0 [idle] active: 
  postgresql/1 [idle] active: 
  postgresql/2 [idle] waiting: awaiting for member to start
[32mINFO    [0m juju.model:model.py:2971 Waiting for model:
  landscape-server/0 [executing] maintenance: Setting up databases
  landscape-server/1 [executing] maintenance: Setting up databases
[32mINFO    [0m juju.model:model.py:2971 Waiting for model:
  postgresql/0 [idle] waiting: awaiting for member to start
  postgresql/2 [idle] waiting: awaiting for member to start
[32mINFO    [0m juju.model:model.py:2971 Waiting for model:
  landscape-server/0 [executing] maintenance: Setting up databases
  landscape-server/1 [executing] maintenance: Setting up databases
[32mINFO    [0m juju.model:model.py:2971 Waiting for model:
  postgresql/0 [idle] waiting: awaiting for member to start
  postgresql/1 [idle] active: 
  postgresql/2 [idle] waiting: awaiting for member to start
[32mINFO    [0m juju.model:model.py:2971 Waiting for model:
  landscape-server/0 [executing] maintenance: Starting services
  landscape-server/1 [executing] maintenance: Starting services
[32mINFO    [0m juju.model:model.py:2971 Waiting for model:
  postgresql/0 [idle] maintenance: reinitialising replica
  postgresql/1 [idle] active: 
[32mINFO    [0m juju.model:model.py:2971 Waiting for model:
  landscape-server/0 [executing] maintenance: Starting services
  landscape-server/1 [executing] maintenance: Starting services
[32mINFO    [0m juju.model:model.py:2971 Waiting for model:
  postgresql/0 [idle] waiting: awaiting for member to start
[32mINFO    [0m juju.model:model.py:2971 Waiting for model:
  landscape-server/0 [idle] active: Unit is ready
  landscape-server/1 [executing] maintenance: Setting up databases
[32mINFO    [0m juju.model:model.py:2971 Waiting for model:
  postgresql/0 [idle] waiting: awaiting for member to start
[32mINFO    [0m juju.model:model.py:2971 Waiting for model:
  postgresql/0 [idle] waiting: awaiting for member to start
[32mINFO    [0m juju.model:model.py:2971 Waiting for model:
  postgresql/0 [idle] waiting: awaiting for member to start
[32mINFO    [0m juju.model:model.py:2971 Waiting for model:
  postgresql/0 [idle] waiting: awaiting for member to start
[32mINFO    [0m juju.model:model.py:2971 Waiting for model:
  postgresql/0 [idle] waiting: awaiting for member to start
[32mINFO    [0m juju.model:model.py:2971 Waiting for model:
  postgresql/0 [idle] waiting: awaiting for member to start
[32mINFO    [0m juju.model:model.py:2971 Waiting for model:
  postgresql/0 [idle] waiting: awaiting for member to start
[33mWARNING [0m juju.client.connection:connection.py:654 RPC: Connection closed, reconnecting
[33mWARNING [0m juju.client.connection:connection.py:654 RPC: Connection closed, reconnecting
[33mWARNING [0m juju.client.connection:connection.py:578 Receiver: Connection closed, reconnecting
[31m[1mERROR   [0m asyncio:base_events.py:1758 Task exception was never retrieved
future: <Task finished name='Task-15936' coro=<Connection.reconnect() done, defined at /home/ubuntu/actions-runner/_work/test-runners-2-is-arm64-postgresql-operator/test-runners-2-is-arm64-postgresql-operator/.tox/integration/lib/python3.10/site-packages/juju/client/connection.py:779> exception=InvalidStatusCode(503, Headers([('Content-Type', 'text/plain; charset=utf-8'), ('X-Content-Type-Options', 'nosniff'), ('Date', 'Wed, 21 Aug 2024 03:04:13 GMT'), ('Content-Length', '31')]))>
Traceback (most recent call last):
  File "/home/ubuntu/actions-runner/_work/test-runners-2-is-arm64-postgresql-operator/test-runners-2-is-arm64-postgresql-operator/.tox/integration/lib/python3.10/site-packages/juju/client/connection.py", line 788, in reconnect
    res = await connector(
  File "/home/ubuntu/actions-runner/_work/test-runners-2-is-arm64-postgresql-operator/test-runners-2-is-arm64-postgresql-operator/.tox/integration/lib/python3.10/site-packages/juju/client/connection.py", line 868, in _connect_with_login
    await self._connect(endpoints)
  File "/home/ubuntu/actions-runner/_work/test-runners-2-is-arm64-postgresql-operator/test-runners-2-is-arm64-postgresql-operator/.tox/integration/lib/python3.10/site-packages/juju/client/connection.py", line 817, in _connect
    result = await task
  File "/usr/lib/python3.10/asyncio/tasks.py", line 571, in _wait_for_one
    return f.result()  # May raise f.exception().
  File "/home/ubuntu/actions-runner/_work/test-runners-2-is-arm64-postgresql-operator/test-runners-2-is-arm64-postgresql-operator/.tox/integration/lib/python3.10/site-packages/juju/client/connection.py", line 806, in _try_endpoint
    return await self._open(endpoint, cacert)
  File "/home/ubuntu/actions-runner/_work/test-runners-2-is-arm64-postgresql-operator/test-runners-2-is-arm64-postgresql-operator/.tox/integration/lib/python3.10/site-packages/juju/client/connection.py", line 427, in _open
    return (await websockets.connect(
  File "/home/ubuntu/actions-runner/_work/test-runners-2-is-arm64-postgresql-operator/test-runners-2-is-arm64-postgresql-operator/.tox/integration/lib/python3.10/site-packages/websockets/legacy/client.py", line 647, in __await_impl_timeout__
    return await self.__await_impl__()
  File "/home/ubuntu/actions-runner/_work/test-runners-2-is-arm64-postgresql-operator/test-runners-2-is-arm64-postgresql-operator/.tox/integration/lib/python3.10/site-packages/websockets/legacy/client.py", line 654, in __await_impl__
    await protocol.handshake(
  File "/home/ubuntu/actions-runner/_work/test-runners-2-is-arm64-postgresql-operator/test-runners-2-is-arm64-postgresql-operator/.tox/integration/lib/python3.10/site-packages/websockets/legacy/client.py", line 325, in handshake
    raise InvalidStatusCode(status_code, response_headers)
websockets.exceptions.InvalidStatusCode: server rejected WebSocket connection: HTTP 503
[31m[1mERROR   [0m juju.client.connection:connection.py:662 RPC: Automatic reconnect failed
[31m[1mERROR   [0m asyncio:base_events.py:1758 Task exception was never retrieved
future: <Task finished name='Task-15937' coro=<Connection.reconnect() done, defined at /home/ubuntu/actions-runner/_work/test-runners-2-is-arm64-postgresql-operator/test-runners-2-is-arm64-postgresql-operator/.tox/integration/lib/python3.10/site-packages/juju/client/connection.py:779> exception=InvalidStatusCode(503, Headers([('Content-Type', 'text/plain; charset=utf-8'), ('X-Content-Type-Options', 'nosniff'), ('Date', 'Wed, 21 Aug 2024 03:04:13 GMT'), ('Content-Length', '31')]))>
Traceback (most recent call last):
  File "/home/ubuntu/actions-runner/_work/test-runners-2-is-arm64-postgresql-operator/test-runners-2-is-arm64-postgresql-operator/.tox/integration/lib/python3.10/site-packages/juju/client/connection.py", line 788, in reconnect
    res = await connector(
  File "/home/ubuntu/actions-runner/_work/test-runners-2-is-arm64-postgresql-operator/test-runners-2-is-arm64-postgresql-operator/.tox/integration/lib/python3.10/site-packages/juju/client/connection.py", line 868, in _connect_with_login
    await self._connect(endpoints)
  File "/home/ubuntu/actions-runner/_work/test-runners-2-is-arm64-postgresql-operator/test-runners-2-is-arm64-postgresql-operator/.tox/integration/lib/python3.10/site-packages/juju/client/connection.py", line 817, in _connect
    result = await task
  File "/usr/lib/python3.10/asyncio/tasks.py", line 571, in _wait_for_one
    return f.result()  # May raise f.exception().
  File "/home/ubuntu/actions-runner/_work/test-runners-2-is-arm64-postgresql-operator/test-runners-2-is-arm64-postgresql-operator/.tox/integration/lib/python3.10/site-packages/juju/client/connection.py", line 806, in _try_endpoint
    return await self._open(endpoint, cacert)
  File "/home/ubuntu/actions-runner/_work/test-runners-2-is-arm64-postgresql-operator/test-runners-2-is-arm64-postgresql-operator/.tox/integration/lib/python3.10/site-packages/juju/client/connection.py", line 427, in _open
    return (await websockets.connect(
  File "/home/ubuntu/actions-runner/_work/test-runners-2-is-arm64-postgresql-operator/test-runners-2-is-arm64-postgresql-operator/.tox/integration/lib/python3.10/site-packages/websockets/legacy/client.py", line 647, in __await_impl_timeout__
    return await self.__await_impl__()
  File "/home/ubuntu/actions-runner/_work/test-runners-2-is-arm64-postgresql-operator/test-runners-2-is-arm64-postgresql-operator/.tox/integration/lib/python3.10/site-packages/websockets/legacy/client.py", line 654, in __await_impl__
    await protocol.handshake(
  File "/home/ubuntu/actions-runner/_work/test-runners-2-is-arm64-postgresql-operator/test-runners-2-is-arm64-postgresql-operator/.tox/integration/lib/python3.10/site-packages/websockets/legacy/client.py", line 325, in handshake
    raise InvalidStatusCode(status_code, response_headers)
websockets.exceptions.InvalidStatusCode: server rejected WebSocket connection: HTTP 503
[31m[1mERROR   [0m juju.client.connection:connection.py:662 RPC: Automatic reconnect failed
[32mINFO    [0m pytest_operator.plugin:plugin.py:862 Model status:

Model  Controller           Cloud/Region         Version  SLA          Timestamp
test   localhost-localhost  localhost/localhost  3.4.4    unsupported  03:06:23Z

App               Version  Status  Scale  Charm             Channel        Rev  Exposed  Message
haproxy                    active    0/1  haproxy           latest/stable   75  yes      Unit is ready
landscape-server           active    0/2  landscape-server  latest/stable  111  no       Unit is ready
postgresql        14.12    active    0/3  postgresql                         0  no       
rabbitmq-server   3.9.13   active    0/1  rabbitmq-server   3.9/stable     188  no       Unit is ready

Unit                Workload  Agent  Machine  Public address  Ports           Message
haproxy/0           unknown   lost   3        10.42.103.74    80,443/tcp      agent lost, see 'juju show-status-log haproxy/0'
landscape-server/0  unknown   lost   4        10.42.103.210                   agent lost, see 'juju show-status-log landscape-server/0'
landscape-server/1  unknown   lost   5        10.42.103.236                   agent lost, see 'juju show-status-log landscape-server/1'
postgresql/0        unknown   lost   0        10.42.103.224   5432/tcp        agent lost, see 'juju show-status-log postgresql/0'
postgresql/1        unknown   lost   1        10.42.103.161   5432/tcp        agent lost, see 'juju show-status-log postgresql/1'
postgresql/2        unknown   lost   2        10.42.103.252   5432/tcp        agent lost, see 'juju show-status-log postgresql/2'
rabbitmq-server/0   unknown   lost   6        10.42.103.129   5672,15672/tcp  agent lost, see 'juju show-status-log rabbitmq-server/0'

Machine  State    Address        Inst id        Base          AZ  Message
0        down     10.42.103.224  juju-bf864d-0  ubuntu@22.04      Running
1        down     10.42.103.161  juju-bf864d-1  ubuntu@22.04      Running
2        down     10.42.103.252  juju-bf864d-2  ubuntu@22.04      Running
3        down     10.42.103.74   juju-bf864d-3  ubuntu@22.04      Running
4        down     10.42.103.210  juju-bf864d-4  ubuntu@22.04      Running
5        down     10.42.103.236  juju-bf864d-5  ubuntu@22.04      Running
6        started  10.42.103.129  juju-bf864d-6  ubuntu@22.04      Running

[32mINFO    [0m pytest_operator.plugin:plugin.py:868 Juju error logs:

machine-1: 02:16:18 ERROR juju.worker.dependency "lxd-container-provisioner" manifold worker returned unexpected error: container types not yet available
machine-1: 02:16:18 ERROR juju.worker.dependency "kvm-container-provisioner" manifold worker returned unexpected error: container types not yet available
unit-postgresql-1: 02:16:19 ERROR juju.worker.meterstatus error running "meter-status-changed": charm missing from disk
machine-0: 02:16:44 ERROR juju.worker.dependency "lxd-container-provisioner" manifold worker returned unexpected error: container types not yet available
machine-0: 02:16:44 ERROR juju.worker.dependency "kvm-container-provisioner" manifold worker returned unexpected error: container types not yet available
unit-postgresql-0: 02:16:44 ERROR juju.worker.meterstatus error running "meter-status-changed": charm missing from disk
machine-2: 02:16:56 ERROR juju.worker.dependency "kvm-container-provisioner" manifold worker returned unexpected error: container types not yet available
machine-2: 02:16:56 ERROR juju.worker.dependency "lxd-container-provisioner" manifold worker returned unexpected error: container types not yet available
unit-postgresql-2: 02:16:57 ERROR juju.worker.meterstatus error running "meter-status-changed": charm missing from disk
machine-3: 02:17:22 ERROR juju.worker.dependency "lxd-container-provisioner" manifold worker returned unexpected error: container types not yet available
machine-3: 02:17:22 ERROR juju.worker.dependency "kvm-container-provisioner" manifold worker returned unexpected error: container types not yet available
machine-6: 02:17:23 ERROR juju.worker.dependency "lxd-container-provisioner" manifold worker returned unexpected error: container types not yet available
machine-6: 02:17:23 ERROR juju.worker.dependency "kvm-container-provisioner" manifold worker returned unexpected error: container types not yet available
unit-haproxy-0: 02:17:23 ERROR juju.worker.meterstatus error running "meter-status-changed": charm missing from disk
unit-rabbitmq-server-0: 02:17:24 ERROR juju.worker.meterstatus error running "meter-status-changed": charm missing from disk
machine-5: 02:17:27 ERROR juju.worker.dependency "lxd-container-provisioner" manifold worker returned unexpected error: container types not yet available
machine-5: 02:17:27 ERROR juju.worker.dependency "kvm-container-provisioner" manifold worker returned unexpected error: container types not yet available
machine-4: 02:17:27 ERROR juju.worker.dependency "kvm-container-provisioner" manifold worker returned unexpected error: container types not yet available
machine-4: 02:17:27 ERROR juju.worker.dependency "lxd-container-provisioner" manifold worker returned unexpected error: container types not yet available
unit-landscape-server-1: 02:17:27 ERROR juju.worker.meterstatus error running "meter-status-changed": charm missing from disk
unit-landscape-server-0: 02:17:28 ERROR juju.worker.meterstatus error running "meter-status-changed": charm missing from disk
unit-postgresql-1: 02:25:32 ERROR juju.worker.dependency "log-sender" manifold worker returned unexpected error: sending log message: write tcp 10.42.103.161:52992->10.42.103.18:17070: i/o timeout
unit-postgresql-2: 02:26:13 ERROR juju.worker.dependency "log-sender" manifold worker returned unexpected error: sending log message: write tcp 10.42.103.252:59552->10.42.103.18:17070: i/o timeout
unit-postgresql-1: 02:28:21 ERROR unit.postgresql/1.juju-log Failed to list PostgreSQL database users: could not translate host name "None" to address: Temporary failure in name resolution

unit-postgresql-0: 02:29:12 ERROR juju.worker.dependency "log-sender" manifold worker returned unexpected error: sending log message: write tcp 10.42.103.224:35218->10.42.103.18:17070: i/o timeout
unit-postgresql-1: 02:29:24 ERROR unit.postgresql/1.juju-log Failed to get PostgreSQL version: could not translate host name "None" to address: Temporary failure in name resolution

unit-postgresql-1: 02:29:25 ERROR unit.postgresql/1.juju-log 
Traceback (most recent call last):
  File "/var/lib/juju/agents/unit-postgresql-1/charm/lib/charms/postgresql_k8s/v0/postgresql.py", line 433, in get_postgresql_version
    with self._connect_to_database() as connection, connection.cursor() as cursor:
  File "/var/lib/juju/agents/unit-postgresql-1/charm/lib/charms/tempo_k8s/v1/charm_tracing.py", line 647, in wrapped_function
    return callable(*args, **kwargs)  # type: ignore
  File "/var/lib/juju/agents/unit-postgresql-1/charm/lib/charms/postgresql_k8s/v0/postgresql.py", line 131, in _connect_to_database
    connection = psycopg2.connect(
  File "/var/lib/juju/agents/unit-postgresql-1/charm/venv/psycopg2/__init__.py", line 122, in connect
    conn = _connect(dsn, connection_factory=connection_factory, **kwasync)
psycopg2.OperationalError: could not translate host name "None" to address: Temporary failure in name resolution


During handling of the above exception, another exception occurred:

Traceback (most recent call last):
  File "/var/lib/juju/agents/unit-postgresql-1/charm/src/relations/db.py", line 323, in update_endpoints
    postgresql_version = self.charm.postgresql.get_postgresql_version()
  File "/var/lib/juju/agents/unit-postgresql-1/charm/lib/charms/tempo_k8s/v1/charm_tracing.py", line 647, in wrapped_function
    return callable(*args, **kwargs)  # type: ignore
  File "/var/lib/juju/agents/unit-postgresql-1/charm/lib/charms/postgresql_k8s/v0/postgresql.py", line 439, in get_postgresql_version
    raise PostgreSQLGetPostgreSQLVersionError()
charms.postgresql_k8s.v0.postgresql.PostgreSQLGetPostgreSQLVersionError
unit-postgresql-1: 02:31:44 ERROR unit.postgresql/1.juju-log Failed to list PostgreSQL database users: could not translate host name "None" to address: Temporary failure in name resolution

unit-postgresql-0: 02:40:33 ERROR unit.postgresql/0.juju-log Failed to get PostgreSQL version: could not translate host name "None" to address: Temporary failure in name resolution

unit-postgresql-0: 02:40:34 ERROR unit.postgresql/0.juju-log 
Traceback (most recent call last):
  File "/var/lib/juju/agents/unit-postgresql-0/charm/lib/charms/postgresql_k8s/v0/postgresql.py", line 433, in get_postgresql_version
    with self._connect_to_database() as connection, connection.cursor() as cursor:
  File "/var/lib/juju/agents/unit-postgresql-0/charm/lib/charms/tempo_k8s/v1/charm_tracing.py", line 647, in wrapped_function
    return callable(*args, **kwargs)  # type: ignore
  File "/var/lib/juju/agents/unit-postgresql-0/charm/lib/charms/postgresql_k8s/v0/postgresql.py", line 131, in _connect_to_database
    connection = psycopg2.connect(
  File "/var/lib/juju/agents/unit-postgresql-0/charm/venv/psycopg2/__init__.py", line 122, in connect
    conn = _connect(dsn, connection_factory=connection_factory, **kwasync)
psycopg2.OperationalError: could not translate host name "None" to address: Temporary failure in name resolution


During handling of the above exception, another exception occurred:

Traceback (most recent call last):
  File "/var/lib/juju/agents/unit-postgresql-0/charm/src/relations/db.py", line 323, in update_endpoints
    postgresql_version = self.charm.postgresql.get_postgresql_version()
  File "/var/lib/juju/agents/unit-postgresql-0/charm/lib/charms/tempo_k8s/v1/charm_tracing.py", line 647, in wrapped_function
    return callable(*args, **kwargs)  # type: ignore
  File "/var/lib/juju/agents/unit-postgresql-0/charm/lib/charms/postgresql_k8s/v0/postgresql.py", line 439, in get_postgresql_version
    raise PostgreSQLGetPostgreSQLVersionError()
charms.postgresql_k8s.v0.postgresql.PostgreSQLGetPostgreSQLVersionError
unit-postgresql-2: 02:40:41 ERROR unit.postgresql/2.juju-log Failed to get PostgreSQL version: could not translate host name "None" to address: Temporary failure in name resolution

unit-postgresql-2: 02:40:41 ERROR unit.postgresql/2.juju-log 
Traceback (most recent call last):
  File "/var/lib/juju/agents/unit-postgresql-2/charm/lib/charms/postgresql_k8s/v0/postgresql.py", line 433, in get_postgresql_version
    with self._connect_to_database() as connection, connection.cursor() as cursor:
  File "/var/lib/juju/agents/unit-postgresql-2/charm/lib/charms/tempo_k8s/v1/charm_tracing.py", line 647, in wrapped_function
    return callable(*args, **kwargs)  # type: ignore
  File "/var/lib/juju/agents/unit-postgresql-2/charm/lib/charms/postgresql_k8s/v0/postgresql.py", line 131, in _connect_to_database
    connection = psycopg2.connect(
  File "/var/lib/juju/agents/unit-postgresql-2/charm/venv/psycopg2/__init__.py", line 122, in connect
    conn = _connect(dsn, connection_factory=connection_factory, **kwasync)
psycopg2.OperationalError: could not translate host name "None" to address: Temporary failure in name resolution


During handling of the above exception, another exception occurred:

Traceback (most recent call last):
  File "/var/lib/juju/agents/unit-postgresql-2/charm/src/relations/db.py", line 323, in update_endpoints
    postgresql_version = self.charm.postgresql.get_postgresql_version()
  File "/var/lib/juju/agents/unit-postgresql-2/charm/lib/charms/tempo_k8s/v1/charm_tracing.py", line 647, in wrapped_function
    return callable(*args, **kwargs)  # type: ignore
  File "/var/lib/juju/agents/unit-postgresql-2/charm/lib/charms/postgresql_k8s/v0/postgresql.py", line 439, in get_postgresql_version
    raise PostgreSQLGetPostgreSQLVersionError()
charms.postgresql_k8s.v0.postgresql.PostgreSQLGetPostgreSQLVersionError
unit-postgresql-1: 02:42:18 ERROR unit.postgresql/1.juju-log Failed to list PostgreSQL database users: could not translate host name "None" to address: Temporary failure in name resolution

unit-postgresql-1: 02:44:27 ERROR unit.postgresql/1.juju-log Failed to get PostgreSQL version: could not translate host name "None" to address: Temporary failure in name resolution

unit-postgresql-1: 02:44:27 ERROR unit.postgresql/1.juju-log 
Traceback (most recent call last):
  File "/var/lib/juju/agents/unit-postgresql-1/charm/lib/charms/postgresql_k8s/v0/postgresql.py", line 433, in get_postgresql_version
    with self._connect_to_database() as connection, connection.cursor() as cursor:
  File "/var/lib/juju/agents/unit-postgresql-1/charm/lib/charms/tempo_k8s/v1/charm_tracing.py", line 647, in wrapped_function
    return callable(*args, **kwargs)  # type: ignore
  File "/var/lib/juju/agents/unit-postgresql-1/charm/lib/charms/postgresql_k8s/v0/postgresql.py", line 131, in _connect_to_database
    connection = psycopg2.connect(
  File "/var/lib/juju/agents/unit-postgresql-1/charm/venv/psycopg2/__init__.py", line 122, in connect
    conn = _connect(dsn, connection_factory=connection_factory, **kwasync)
psycopg2.OperationalError: could not translate host name "None" to address: Temporary failure in name resolution


During handling of the above exception, another exception occurred:

Traceback (most recent call last):
  File "/var/lib/juju/agents/unit-postgresql-1/charm/src/relations/db.py", line 323, in update_endpoints
    postgresql_version = self.charm.postgresql.get_postgresql_version()
  File "/var/lib/juju/agents/unit-postgresql-1/charm/lib/charms/tempo_k8s/v1/charm_tracing.py", line 647, in wrapped_function
    return callable(*args, **kwargs)  # type: ignore
  File "/var/lib/juju/agents/unit-postgresql-1/charm/lib/charms/postgresql_k8s/v0/postgresql.py", line 439, in get_postgresql_version
    raise PostgreSQLGetPostgreSQLVersionError()
charms.postgresql_k8s.v0.postgresql.PostgreSQLGetPostgreSQLVersionError
unit-postgresql-1: 02:46:22 ERROR unit.postgresql/1.juju-log Failed to list PostgreSQL database users: could not translate host name "None" to address: Temporary failure in name resolution

unit-postgresql-0: 02:47:40 ERROR juju.worker.dependency "log-sender" manifold worker returned unexpected error: sending log message: write tcp 10.42.103.224:47390->10.42.103.18:17070: i/o timeout
unit-postgresql-1: 02:48:06 ERROR unit.postgresql/1.juju-log Failed to get PostgreSQL version: connection to server at "10.42.103.161", port 5432 failed: timeout expired

unit-postgresql-1: 02:48:07 ERROR unit.postgresql/1.juju-log 
Traceback (most recent call last):
  File "/var/lib/juju/agents/unit-postgresql-1/charm/lib/charms/postgresql_k8s/v0/postgresql.py", line 433, in get_postgresql_version
    with self._connect_to_database() as connection, connection.cursor() as cursor:
  File "/var/lib/juju/agents/unit-postgresql-1/charm/lib/charms/tempo_k8s/v1/charm_tracing.py", line 647, in wrapped_function
    return callable(*args, **kwargs)  # type: ignore
  File "/var/lib/juju/agents/unit-postgresql-1/charm/lib/charms/postgresql_k8s/v0/postgresql.py", line 131, in _connect_to_database
    connection = psycopg2.connect(
  File "/var/lib/juju/agents/unit-postgresql-1/charm/venv/psycopg2/__init__.py", line 122, in connect
    conn = _connect(dsn, connection_factory=connection_factory, **kwasync)
psycopg2.OperationalError: connection to server at "10.42.103.161", port 5432 failed: timeout expired


During handling of the above exception, another exception occurred:

Traceback (most recent call last):
  File "/var/lib/juju/agents/unit-postgresql-1/charm/src/relations/db.py", line 323, in update_endpoints
    postgresql_version = self.charm.postgresql.get_postgresql_version()
  File "/var/lib/juju/agents/unit-postgresql-1/charm/lib/charms/tempo_k8s/v1/charm_tracing.py", line 647, in wrapped_function
    return callable(*args, **kwargs)  # type: ignore
  File "/var/lib/juju/agents/unit-postgresql-1/charm/lib/charms/postgresql_k8s/v0/postgresql.py", line 439, in get_postgresql_version
    raise PostgreSQLGetPostgreSQLVersionError()
charms.postgresql_k8s.v0.postgresql.PostgreSQLGetPostgreSQLVersionError
unit-landscape-server-1: 03:02:37 ERROR juju.worker.dependency "log-sender" manifold worker returned unexpected error: sending log message: write tcp 10.42.103.236:40558->10.42.103.18:17070: write: broken pipe: write tcp 10.42.103.236:40558->10.42.103.18:17070: write: broken pipe
unit-postgresql-1: 03:03:08 ERROR unit.postgresql/1.juju-log Failed to list PostgreSQL database users: connection to server at "10.42.103.161", port 5432 failed: timeout expired

unit-landscape-server-0: 03:04:05 ERROR juju.worker.uniter resolver loop error: preparing operation "run update-status hook" for landscape-server/0: lease manager stopped
unit-landscape-server-1: 03:04:05 ERROR juju.worker.dependency "leadership-tracker" manifold worker returned unexpected error: leadership failure: lease manager stopped
unit-rabbitmq-server-0: 03:04:06 ERROR juju.worker.dependency "leadership-tracker" manifold worker returned unexpected error: leadership failure: lease manager stopped
unit-haproxy-0: 03:04:06 ERROR juju.worker.dependency "leadership-tracker" manifold worker returned unexpected error: leadership failure: lease manager stopped
machine-6: 03:04:10 ERROR juju.worker.dependency "api-caller" manifold worker returned unexpected error: api connection broken unexpectedly
machine-4: 03:04:12 ERROR juju.worker.dependency "api-caller" manifold worker returned unexpected error: api connection broken unexpectedly
machine-3: 03:04:13 ERROR juju.api.watcher error trying to stop watcher: write tcp 10.42.103.74:50808->10.42.103.18:17070: write: connection reset by peer
machine-3: 03:04:13 ERROR juju.api.watcher error trying to stop watcher: write tcp 10.42.103.74:50808->10.42.103.18:17070: write: connection reset by peer
machine-3: 03:04:13 ERROR juju.api.watcher error trying to stop watcher: write tcp 10.42.103.74:50808->10.42.103.18:17070: write: connection reset by peer
machine-3: 03:04:13 ERROR juju.api.watcher error trying to stop watcher: write tcp 10.42.103.74:50808->10.42.103.18:17070: write: connection reset by peer
machine-3: 03:04:13 ERROR juju.api.watcher error trying to stop watcher: write tcp 10.42.103.74:50808->10.42.103.18:17070: write: connection reset by peer
machine-3: 03:04:13 ERROR juju.api.watcher error trying to stop watcher: write tcp 10.42.103.74:50808->10.42.103.18:17070: write: connection reset by peer
machine-3: 03:04:13 ERROR juju.api.watcher error trying to stop watcher: write tcp 10.42.103.74:50808->10.42.103.18:17070: write: connection reset by peer
machine-3: 03:04:13 ERROR juju.api.watcher error trying to stop watcher: write tcp 10.42.103.74:50808->10.42.103.18:17070: write: connection reset by peer
machine-3: 03:04:13 ERROR juju.api.watcher error trying to stop watcher: write tcp 10.42.103.74:50808->10.42.103.18:17070: write: connection reset by peer
machine-3: 03:04:13 ERROR juju.api.watcher error trying to stop watcher: write tcp 10.42.103.74:50808->10.42.103.18:17070: write: connection reset by peer
machine-3: 03:04:13 ERROR juju.api.watcher error trying to stop watcher: write tcp 10.42.103.74:50808->10.42.103.18:17070: write: connection reset by peer
machine-3: 03:04:13 ERROR juju.api.watcher error trying to stop watcher: write tcp 10.42.103.74:50808->10.42.103.18:17070: write: connection reset by peer
machine-3: 03:04:13 ERROR juju.api.watcher error trying to stop watcher: write tcp 10.42.103.74:50808->10.42.103.18:17070: write: connection reset by peer
machine-3: 03:04:13 ERROR juju.api.watcher error trying to stop watcher: write tcp 10.42.103.74:50808->10.42.103.18:17070: write: connection reset by peer
machine-0: 03:04:13 ERROR juju.worker.dependency "proxy-config-updater" manifold worker returned unexpected error: watcher has been stopped (stopped)
machine-0: 03:04:13 ERROR juju.worker.dependency "api-caller" manifold worker returned unexpected error: api connection broken unexpectedly
machine-3: 03:04:13 ERROR juju.worker.dependency "log-sender" manifold worker returned unexpected error: sending log message: websocket: close 1006 (abnormal closure): unexpected EOF: set tcp 10.42.103.74:50822: use of closed network connection
machine-3: 03:04:13 ERROR juju.worker.dependency "machine-action-runner" manifold worker returned unexpected error: watcher has been stopped (stopped)
machine-3: 03:04:13 ERROR juju.worker.dependency "upgrade-series" manifold worker returned unexpected error: watcher has been stopped (stopped)
machine-3: 03:04:13 ERROR juju.worker.dependency "state-converter" manifold worker returned unexpected error: watcher has been stopped (stopped)
machine-3: 03:04:13 ERROR juju.worker.dependency "reboot-executor" manifold worker returned unexpected error: watcher has been stopped (stopped)
machine-3: 03:04:13 ERROR juju.worker.dependency "api-address-updater" manifold worker returned unexpected error: watcher has been stopped (stopped)
machine-3: 03:04:13 ERROR juju.worker.dependency "migration-inactive-flag" manifold worker returned unexpected error: watcher has been stopped (stopped)
machine-3: 03:04:13 ERROR juju.worker.dependency "valid-credential-flag" manifold worker returned unexpected error: watcher has been stopped (stopped)
machine-5: 03:04:13 ERROR juju.api.watcher error trying to stop watcher: write tcp 10.42.103.236:40536->10.42.103.18:17070: write: broken pipe
machine-5: 03:04:13 ERROR juju.api.watcher error trying to stop watcher: write tcp 10.42.103.236:40536->10.42.103.18:17070: write: broken pipe
machine-5: 03:04:13 ERROR juju.api.watcher error trying to stop watcher: write tcp 10.42.103.236:40536->10.42.103.18:17070: write: broken pipe
machine-5: 03:04:13 ERROR juju.api.watcher error trying to stop watcher: write tcp 10.42.103.236:40536->10.42.103.18:17070: write: broken pipe
machine-5: 03:04:13 ERROR juju.api.watcher error trying to stop watcher: write tcp 10.42.103.236:40536->10.42.103.18:17070: write: broken pipe
machine-5: 03:04:14 ERROR juju.worker.dependency "log-sender" manifold worker returned unexpected error: sending log message: websocket: close 1005 (no status): websocket: close sent
machine-5: 03:04:14 ERROR juju.api.watcher error trying to stop watcher: codec.ReadHeader error: error receiving message: write tcp 10.42.103.236:40536->10.42.103.18:17070: write: broken pipe
machine-5: 03:04:14 ERROR juju.worker.dependency "api-caller" manifold worker returned unexpected error: codec.ReadHeader error: error receiving message: write tcp 10.42.103.236:40536->10.42.103.18:17070: write: broken pipe
machine-3: 03:04:14 ERROR juju.worker.dependency "api-caller" manifold worker returned unexpected error: codec.ReadHeader error: error receiving message: write tcp 10.42.103.74:50808->10.42.103.18:17070: write: connection reset by peer
machine-3: 03:04:14 ERROR juju.api.watcher error trying to stop watcher: codec.ReadHeader error: error receiving message: write tcp 10.42.103.74:50808->10.42.103.18:17070: write: connection reset by peer
machine-3: 03:04:14 ERROR juju.api.watcher error trying to stop watcher: codec.ReadHeader error: error receiving message: write tcp 10.42.103.74:50808->10.42.103.18:17070: write: connection reset by peer
machine-3: 03:04:14 ERROR juju.api.watcher error trying to stop watcher: codec.ReadHeader error: error receiving message: write tcp 10.42.103.74:50808->10.42.103.18:17070: write: connection reset by peer
machine-3: 03:04:14 ERROR juju.api.watcher error trying to stop watcher: codec.ReadHeader error: error receiving message: write tcp 10.42.103.74:50808->10.42.103.18:17070: write: connection reset by peer
machine-3: 03:04:14 ERROR juju.api.watcher error trying to stop watcher: codec.ReadHeader error: error receiving message: write tcp 10.42.103.74:50808->10.42.103.18:17070: write: connection reset by peer
machine-3: 03:04:14 ERROR juju.api.watcher error trying to stop watcher: codec.ReadHeader error: error receiving message: write tcp 10.42.103.74:50808->10.42.103.18:17070: write: connection reset by peer
machine-3: 03:04:14 ERROR juju.api.watcher error trying to stop watcher: codec.ReadHeader error: error receiving message: write tcp 10.42.103.74:50808->10.42.103.18:17070: write: connection reset by peer
machine-3: 03:04:14 ERROR juju.api.watcher error trying to stop watcher: codec.ReadHeader error: error receiving message: write tcp 10.42.103.74:50808->10.42.103.18:17070: write: connection reset by peer
machine-3: 03:04:14 ERROR juju.api.watcher error trying to stop watcher: codec.ReadHeader error: error receiving message: write tcp 10.42.103.74:50808->10.42.103.18:17070: write: connection reset by peer
machine-3: 03:04:14 ERROR juju.api.watcher error trying to stop watcher: codec.ReadHeader error: error receiving message: write tcp 10.42.103.74:50808->10.42.103.18:17070: write: connection reset by peer
machine-1: 03:04:15 ERROR juju.worker.dependency "migration-minion" manifold worker returned unexpected error: watcher has been stopped (stopped)
machine-4: 03:04:17 ERROR juju.worker.uniter.metrics failed to close the collect-metrics listener: close unix /var/lib/juju/agents/unit-landscape-server-0/2350768572/s: use of closed network connection
machine-1: 03:04:17 ERROR juju.worker.dependency "fan-configurer" manifold worker returned unexpected error: watcher has been stopped (stopped)
machine-1: 03:04:17 ERROR juju.worker.dependency "state-converter" manifold worker returned unexpected error: watcher has been stopped (stopped)
machine-1: 03:04:17 ERROR juju.worker.dependency "api-address-updater" manifold worker returned unexpected error: watcher has been stopped (stopped)
machine-1: 03:04:17 ERROR juju.worker.dependency "storage-provisioner" manifold worker returned unexpected error: watcher has been stopped (stopped)
machine-1: 03:04:17 ERROR juju.worker.dependency "ssh-authkeys-updater" manifold worker returned unexpected error: watcher has been stopped (stopped)
machine-1: 03:04:17 ERROR juju.worker.dependency "log-sender" manifold worker returned unexpected error: sending log message: write tcp 10.42.103.161:54674->10.42.103.18:17070: i/o timeout: write tcp 10.42.103.161:54674->10.42.103.18:17070: i/o timeout
machine-6: 03:04:18 ERROR juju.worker.dependency "api-caller" manifold worker returned unexpected error: [5f06b3] "machine-6" cannot open api: unable to connect to API: dial tcp 10.42.103.18:17070: connect: connection refused
machine-1: 03:04:18 ERROR juju.worker.dependency "upgrade-series" manifold worker returned unexpected error: watcher has been stopped (stopped)
machine-1: 03:04:18 ERROR juju.worker.dependency "proxy-config-updater" manifold worker returned unexpected error: watcher has been stopped (stopped)
machine-1: 03:04:19 ERROR juju.worker.dependency "valid-credential-flag" manifold worker returned unexpected error: watcher has been stopped (stopped)
machine-0: 03:04:20 ERROR juju.worker.dependency "api-caller" manifold worker returned unexpected error: [5f06b3] "machine-0" cannot open api: unable to connect to API: dial tcp 10.42.103.18:17070: connect: connection refused
machine-4: 03:04:21 ERROR juju.worker.dependency "api-caller" manifold worker returned unexpected error: [5f06b3] "machine-4" cannot open api: unable to connect to API: dial tcp 10.42.103.18:17070: connect: connection refused
machine-2: 03:04:21 ERROR juju.api.watcher error trying to stop watcher: write tcp 10.42.103.252:59550->10.42.103.18:17070: write: broken pipe
machine-2: 03:04:21 ERROR juju.api.watcher error trying to stop watcher: write tcp 10.42.103.252:59550->10.42.103.18:17070: write: broken pipe
machine-2: 03:04:21 ERROR juju.api.watcher error trying to stop watcher: write tcp 10.42.103.252:59550->10.42.103.18:17070: write: broken pipe
machine-2: 03:04:21 ERROR juju.api.watcher error trying to stop watcher: write tcp 10.42.103.252:59550->10.42.103.18:17070: write: broken pipe
machine-2: 03:04:21 ERROR juju.api.watcher error trying to stop watcher: write tcp 10.42.103.252:59550->10.42.103.18:17070: write: broken pipe
machine-2: 03:04:21 ERROR juju.api.watcher error trying to stop watcher: write tcp 10.42.103.252:59550->10.42.103.18:17070: write: broken pipe
machine-2: 03:04:21 ERROR juju.api.watcher error trying to stop watcher: write tcp 10.42.103.252:59550->10.42.103.18:17070: write: broken pipe
machine-2: 03:04:21 ERROR juju.api.watcher error trying to stop watcher: write tcp 10.42.103.252:59550->10.42.103.18:17070: write: broken pipe
machine-2: 03:04:21 ERROR juju.api.watcher error trying to stop watcher: write tcp 10.42.103.252:59550->10.42.103.18:17070: write: broken pipe
machine-2: 03:04:21 ERROR juju.api.watcher error trying to stop watcher: write tcp 10.42.103.252:59550->10.42.103.18:17070: write: broken pipe
machine-2: 03:04:21 ERROR juju.api.watcher error trying to stop watcher: write tcp 10.42.103.252:59550->10.42.103.18:17070: write: broken pipe
machine-2: 03:04:21 ERROR juju.api.watcher error trying to stop watcher: write tcp 10.42.103.252:59550->10.42.103.18:17070: write: broken pipe
machine-2: 03:04:21 ERROR juju.api.watcher error trying to stop watcher: write tcp 10.42.103.252:59550->10.42.103.18:17070: write: broken pipe
machine-2: 03:04:21 ERROR juju.api.watcher error trying to stop watcher: write tcp 10.42.103.252:59550->10.42.103.18:17070: write: broken pipe
machine-2: 03:04:21 ERROR juju.api.watcher error trying to stop watcher: write tcp 10.42.103.252:59550->10.42.103.18:17070: write: broken pipe
machine-2: 03:04:21 ERROR juju.api.watcher error trying to stop watcher: write tcp 10.42.103.252:59550->10.42.103.18:17070: write: broken pipe
machine-2: 03:04:21 ERROR juju.api.watcher error trying to stop watcher: write tcp 10.42.103.252:59550->10.42.103.18:17070: write: broken pipe
machine-2: 03:04:21 ERROR juju.api.watcher error trying to stop watcher: write tcp 10.42.103.252:59550->10.42.103.18:17070: write: broken pipe
machine-2: 03:04:21 ERROR juju.api.watcher error trying to stop watcher: write tcp 10.42.103.252:59550->10.42.103.18:17070: write: broken pipe
machine-2: 03:04:21 ERROR juju.api.watcher error trying to stop watcher: write tcp 10.42.103.252:59550->10.42.103.18:17070: write: broken pipe
machine-2: 03:04:21 ERROR juju.api.watcher error trying to stop watcher: write tcp 10.42.103.252:59550->10.42.103.18:17070: write: broken pipe
machine-2: 03:04:21 ERROR juju.api.watcher error trying to stop watcher: write tcp 10.42.103.252:59550->10.42.103.18:17070: write: broken pipe
machine-2: 03:04:21 ERROR juju.api.watcher error trying to stop watcher: write tcp 10.42.103.252:59550->10.42.103.18:17070: write: broken pipe
machine-2: 03:04:21 ERROR juju.api.watcher error trying to stop watcher: write tcp 10.42.103.252:59550->10.42.103.18:17070: write: broken pipe
machine-2: 03:04:21 ERROR juju.api.watcher error trying to stop watcher: write tcp 10.42.103.252:59550->10.42.103.18:17070: write: broken pipe
machine-2: 03:04:21 ERROR juju.api.watcher error trying to stop watcher: write tcp 10.42.103.252:59550->10.42.103.18:17070: write: broken pipe
machine-2: 03:04:21 ERROR juju.api.watcher error trying to stop watcher: write tcp 10.42.103.252:59550->10.42.103.18:17070: write: broken pipe
machine-5: 03:04:21 ERROR juju.worker.dependency "api-caller" manifold worker returned unexpected error: [5f06b3] "machine-5" cannot open api: unable to connect to API: dial tcp 10.42.103.18:17070: connect: connection refused
machine-2: 03:04:21 ERROR juju.worker.dependency "api-address-updater" manifold worker returned unexpected error: watcher has been stopped (stopped)
machine-2: 03:04:21 ERROR juju.api.watcher error trying to stop watcher: codec.ReadHeader error: error receiving message: write tcp 10.42.103.252:59550->10.42.103.18:17070: write: broken pipe
machine-1: 03:04:21 ERROR juju.worker.dependency "lxd-container-provisioner" manifold worker returned unexpected error: watcher has been stopped (stopped)
machine-1: 03:04:21 ERROR juju.worker.dependency "reboot-executor" manifold worker returned unexpected error: watcher has been stopped (stopped)
machine-1: 03:04:21 ERROR juju.worker.dependency "api-caller" manifold worker returned unexpected error: api connection broken unexpectedly
machine-2: 03:04:22 ERROR juju.worker.dependency "api-caller" manifold worker returned unexpected error: codec.ReadHeader error: error receiving message: websocket: write timeout
machine-3: 03:04:22 ERROR juju.worker.dependency "api-caller" manifold worker returned unexpected error: [5f06b3] "machine-3" cannot open api: unable to connect to API: dial tcp 10.42.103.18:17070: connect: connection refused
machine-6: 03:04:22 ERROR juju.worker.dependency "api-caller" manifold worker returned unexpected error: [5f06b3] "machine-6" cannot open api: unable to connect to API: dial tcp 10.42.103.18:17070: connect: connection refused
machine-0: 03:04:24 ERROR juju.worker.dependency "api-caller" manifold worker returned unexpected error: [5f06b3] "machine-0" cannot open api: unable to connect to API: dial tcp 10.42.103.18:17070: connect: connection refused
machine-4: 03:04:24 ERROR juju.worker.dependency "api-caller" manifold worker returned unexpected error: [5f06b3] "machine-4" cannot open api: unable to connect to API: dial tcp 10.42.103.18:17070: connect: connection refused
machine-5: 03:04:25 ERROR juju.worker.dependency "api-caller" manifold worker returned unexpected error: [5f06b3] "machine-5" cannot open api: unable to connect to API: dial tcp 10.42.103.18:17070: connect: connection refused
machine-1: 03:04:25 ERROR juju.worker.dependency "api-caller" manifold worker returned unexpected error: [5f06b3] "machine-1" cannot open api: unable to connect to API: dial tcp 10.42.103.18:17070: connect: connection refused
machine-2: 03:04:26 ERROR juju.worker.dependency "api-caller" manifold worker returned unexpected error: [5f06b3] "machine-2" cannot open api: unable to connect to API: dial tcp 10.42.103.18:17070: connect: connection refused
machine-3: 03:04:26 ERROR juju.worker.dependency "api-caller" manifold worker returned unexpected error: [5f06b3] "machine-3" cannot open api: unable to connect to API: dial tcp 10.42.103.18:17070: connect: connection refused
machine-6: 03:04:26 ERROR juju.worker.dependency "api-caller" manifold worker returned unexpected error: [5f06b3] "machine-6" cannot open api: unable to connect to API: dial tcp 10.42.103.18:17070: connect: connection refused
machine-0: 03:04:28 ERROR juju.worker.dependency "api-caller" manifold worker returned unexpected error: [5f06b3] "machine-0" cannot open api: unable to connect to API: dial tcp 10.42.103.18:17070: connect: connection refused
machine-4: 03:04:29 ERROR juju.worker.dependency "api-caller" manifold worker returned unexpected error: [5f06b3] "machine-4" cannot open api: unable to connect to API: dial tcp 10.42.103.18:17070: connect: connection refused
machine-1: 03:04:29 ERROR juju.worker.dependency "api-caller" manifold worker returned unexpected error: [5f06b3] "machine-1" cannot open api: unable to connect to API: dial tcp 10.42.103.18:17070: connect: connection refused
machine-2: 03:04:29 ERROR juju.worker.dependency "api-caller" manifold worker returned unexpected error: [5f06b3] "machine-2" cannot open api: unable to connect to API: dial tcp 10.42.103.18:17070: connect: connection refused
machine-5: 03:04:30 ERROR juju.worker.dependency "api-caller" manifold worker returned unexpected error: [5f06b3] "machine-5" cannot open api: unable to connect to API: dial tcp 10.42.103.18:17070: connect: connection refused
machine-3: 03:04:30 ERROR juju.worker.dependency "api-caller" manifold worker returned unexpected error: [5f06b3] "machine-3" cannot open api: unable to connect to API: dial tcp 10.42.103.18:17070: connect: connection refused
machine-6: 03:04:33 ERROR juju.worker.dependency "api-caller" manifold worker returned unexpected error: [5f06b3] "machine-6" cannot open api: unable to connect to API: dial tcp 10.42.103.18:17070: connect: connection refused
machine-4: 03:04:35 ERROR juju.worker.dependency "api-caller" manifold worker returned unexpected error: [5f06b3] "machine-4" cannot open api: unable to connect to API: dial tcp 10.42.103.18:17070: connect: connection refused
machine-3: 03:04:37 ERROR juju.worker.dependency "api-caller" manifold worker returned unexpected error: [5f06b3] "machine-3" cannot open api: unable to connect to API: dial tcp 10.42.103.18:17070: connect: connection refused
machine-5: 03:04:38 ERROR juju.worker.dependency "api-caller" manifold worker returned unexpected error: [5f06b3] "machine-5" cannot open api: unable to connect to API: dial tcp 10.42.103.18:17070: connect: connection refused
machine-1: 03:04:38 ERROR juju.worker.dependency "api-caller" manifold worker returned unexpected error: [5f06b3] "machine-1" cannot open api: unable to connect to API: dial tcp 10.42.103.18:17070: connect: connection refused
machine-6: 03:04:39 ERROR juju.worker.dependency "api-caller" manifold worker returned unexpected error: [5f06b3] "machine-6" cannot open api: unable to connect to API: dial tcp 10.42.103.18:17070: connect: connection refused
machine-2: 03:04:39 ERROR juju.worker.dependency "api-caller" manifold worker returned unexpected error: [5f06b3] "machine-2" cannot open api: unable to connect to API: dial tcp 10.42.103.18:17070: connect: connection refused
machine-0: 03:04:40 ERROR juju.worker.dependency "api-caller" manifold worker returned unexpected error: [5f06b3] "machine-0" cannot open api: unable to connect to API: dial tcp 10.42.103.18:17070: connect: connection refused
machine-4: 03:04:42 ERROR juju.worker.dependency "api-caller" manifold worker returned unexpected error: [5f06b3] "machine-4" cannot open api: unable to connect to API: dial tcp 10.42.103.18:17070: connect: connection refused
machine-3: 03:04:44 ERROR juju.worker.dependency "api-caller" manifold worker returned unexpected error: [5f06b3] "machine-3" cannot open api: unable to connect to API: dial tcp 10.42.103.18:17070: connect: connection refused
machine-1: 03:04:44 ERROR juju.worker.dependency "api-caller" manifold worker returned unexpected error: [5f06b3] "machine-1" cannot open api: unable to connect to API: dial tcp 10.42.103.18:17070: connect: connection refused
machine-5: 03:04:44 ERROR juju.worker.dependency "api-caller" manifold worker returned unexpected error: [5f06b3] "machine-5" cannot open api: unable to connect to API: dial tcp 10.42.103.18:17070: connect: connection refused
machine-2: 03:04:45 ERROR juju.worker.dependency "api-caller" manifold worker returned unexpected error: [5f06b3] "machine-2" cannot open api: unable to connect to API: dial tcp 10.42.103.18:17070: connect: connection refused
machine-6: 03:04:46 ERROR juju.worker.dependency "api-caller" manifold worker returned unexpected error: [5f06b3] "machine-6" cannot open api: unable to connect to API: dial tcp 10.42.103.18:17070: connect: connection refused
machine-0: 03:04:47 ERROR juju.worker.dependency "api-caller" manifold worker returned unexpected error: [5f06b3] "machine-0" cannot open api: unable to connect to API: dial tcp 10.42.103.18:17070: connect: connection refused
machine-4: 03:04:50 ERROR juju.worker.dependency "api-caller" manifold worker returned unexpected error: [5f06b3] "machine-4" cannot open api: unable to connect to API: dial tcp 10.42.103.18:17070: connect: connection refused
machine-1: 03:04:51 ERROR juju.worker.dependency "api-caller" manifold worker returned unexpected error: [5f06b3] "machine-1" cannot open api: unable to connect to API: dial tcp 10.42.103.18:17070: connect: connection refused
machine-2: 03:04:51 ERROR juju.worker.dependency "api-caller" manifold worker returned unexpected error: [5f06b3] "machine-2" cannot open api: unable to connect to API: dial tcp 10.42.103.18:17070: connect: connection refused
machine-5: 03:04:52 ERROR juju.worker.dependency "api-caller" manifold worker returned unexpected error: [5f06b3] "machine-5" cannot open api: unable to connect to API: dial tcp 10.42.103.18:17070: connect: connection refused
machine-3: 03:04:52 ERROR juju.worker.dependency "api-caller" manifold worker returned unexpected error: [5f06b3] "machine-3" cannot open api: unable to connect to API: dial tcp 10.42.103.18:17070: connect: connection refused
machine-0: 03:04:54 ERROR juju.worker.dependency "api-caller" manifold worker returned unexpected error: [5f06b3] "machine-0" cannot open api: unable to connect to API: dial tcp 10.42.103.18:17070: connect: connection refused
machine-6: 03:04:56 ERROR juju.worker.dependency "api-caller" manifold worker returned unexpected error: [5f06b3] "machine-6" cannot open api: unable to connect to API: dial tcp 10.42.103.18:17070: connect: connection refused
machine-1: 03:04:58 ERROR juju.worker.dependency "api-caller" manifold worker returned unexpected error: [5f06b3] "machine-1" cannot open api: unable to connect to API: dial tcp 10.42.103.18:17070: connect: connection refused
machine-2: 03:04:59 ERROR juju.worker.dependency "api-caller" manifold worker returned unexpected error: [5f06b3] "machine-2" cannot open api: unable to connect to API: dial tcp 10.42.103.18:17070: connect: connection refused
machine-4: 03:05:00 ERROR juju.worker.dependency "api-caller" manifold worker returned unexpected error: [5f06b3] "machine-4" cannot open api: unable to connect to API: dial tcp 10.42.103.18:17070: connect: connection refused
machine-3: 03:05:04 ERROR juju.worker.dependency "api-caller" manifold worker returned unexpected error: [5f06b3] "machine-3" cannot open api: unable to connect to API: dial tcp 10.42.103.18:17070: connect: connection refused
machine-0: 03:05:04 ERROR juju.worker.dependency "api-caller" manifold worker returned unexpected error: [5f06b3] "machine-0" cannot open api: unable to connect to API: dial tcp 10.42.103.18:17070: connect: connection refused
machine-5: 03:05:04 ERROR juju.worker.dependency "api-caller" manifold worker returned unexpected error: [5f06b3] "machine-5" cannot open api: unable to connect to API: dial tcp 10.42.103.18:17070: connect: connection refused
machine-6: 03:05:07 ERROR juju.worker.dependency "api-caller" manifold worker returned unexpected error: [5f06b3] "machine-6" cannot open api: unable to connect to API: dial tcp 10.42.103.18:17070: connect: connection refused
machine-1: 03:05:08 ERROR juju.worker.dependency "api-caller" manifold worker returned unexpected error: [5f06b3] "machine-1" cannot open api: unable to connect to API: dial tcp 10.42.103.18:17070: connect: connection refused
machine-2: 03:05:09 ERROR juju.worker.dependency "api-caller" manifold worker returned unexpected error: [5f06b3] "machine-2" cannot open api: unable to connect to API: dial tcp 10.42.103.18:17070: connect: connection refused
machine-4: 03:05:10 ERROR juju.worker.dependency "api-caller" manifold worker returned unexpected error: [5f06b3] "machine-4" cannot open api: unable to connect to API: dial tcp 10.42.103.18:17070: connect: connection refused
machine-3: 03:05:14 ERROR juju.worker.dependency "api-caller" manifold worker returned unexpected error: [5f06b3] "machine-3" cannot open api: unable to connect to API: dial tcp 10.42.103.18:17070: connect: connection refused
machine-5: 03:05:14 ERROR juju.worker.dependency "api-caller" manifold worker returned unexpected error: [5f06b3] "machine-5" cannot open api: unable to connect to API: dial tcp 10.42.103.18:17070: connect: connection refused
machine-0: 03:05:16 ERROR juju.worker.dependency "api-caller" manifold worker returned unexpected error: [5f06b3] "machine-0" cannot open api: unable to connect to API: dial tcp 10.42.103.18:17070: connect: connection refused
machine-1: 03:05:19 ERROR juju.worker.dependency "api-caller" manifold worker returned unexpected error: [5f06b3] "machine-1" cannot open api: unable to connect to API: dial tcp 10.42.103.18:17070: connect: connection refused
machine-2: 03:05:19 ERROR juju.worker.dependency "api-caller" manifold worker returned unexpected error: [5f06b3] "machine-2" cannot open api: unable to connect to API: dial tcp 10.42.103.18:17070: connect: connection refused
machine-1: 03:05:37 ERROR juju.worker.dependency "api-caller" manifold worker returned unexpected error: [5f06b3] "machine-1" cannot open api: unable to connect to API: dial tcp 10.42.103.18:17070: i/o timeout

[33mWARNING [0m juju.client.connection:connection.py:654 RPC: Connection closed, reconnecting
[31m[1mERROR   [0m juju.client.connection:connection.py:662 RPC: Automatic reconnect failed
[32mINFO    [0m pytest_operator.plugin:plugin.py:947 Forgetting model main...