[32mINFO    [0m integration.ha_tests.test_async_replication:test_async_replication.py:86 Destroying second model
[32mINFO    [0m pytest_operator.plugin:plugin.py:862 Model status:

Model  Controller           Cloud/Region         Version  SLA          Timestamp
test   localhost-localhost  localhost/localhost  3.4.4    unsupported  02:31:38Z

App                  Version  Status   Scale  Charm                Channel        Rev  Exposed  Message
data-integrator               blocked      1  data-integrator      latest/edge     42  no       Please relate the data-integrator with the desired product
postgresql           14.12    waiting      3  postgresql                            0  no       awaiting for cluster to start
postgresql-test-app           active       1  postgresql-test-app  latest/stable  210  no       

Unit                    Workload  Agent      Machine  Public address  Ports  Message
data-integrator/0*      blocked   idle       3        10.25.125.122          Please relate the data-integrator with the desired product
postgresql-test-app/0*  active    idle       4        10.25.125.160          
postgresql/0            waiting   executing  0        10.25.125.105          awaiting for cluster to start
postgresql/1*           waiting   executing  1        10.25.125.241          (start) waiting to start PostgreSQL
postgresql/2            waiting   executing  2        10.25.125.216          awaiting passwords generation

Machine  State    Address        Inst id        Base          AZ  Message
0        started  10.25.125.105  juju-85828c-0  ubuntu@22.04      Running
1        started  10.25.125.241  juju-85828c-1  ubuntu@22.04      Running
2        started  10.25.125.216  juju-85828c-2  ubuntu@22.04      Running
3        started  10.25.125.122  juju-85828c-3  ubuntu@22.04      Running
4        started  10.25.125.160  juju-85828c-4  ubuntu@22.04      Running

[32mINFO    [0m pytest_operator.plugin:plugin.py:868 Juju error logs:

machine-1: 02:29:09 ERROR juju.worker.dependency "lxd-container-provisioner" manifold worker returned unexpected error: container types not yet available
machine-1: 02:29:09 ERROR juju.worker.dependency "kvm-container-provisioner" manifold worker returned unexpected error: container types not yet available
machine-0: 02:29:09 ERROR juju.worker.dependency "lxd-container-provisioner" manifold worker returned unexpected error: container types not yet available
machine-0: 02:29:09 ERROR juju.worker.dependency "kvm-container-provisioner" manifold worker returned unexpected error: container types not yet available
machine-2: 02:29:09 ERROR juju.worker.dependency "kvm-container-provisioner" manifold worker returned unexpected error: container types not yet available
machine-2: 02:29:09 ERROR juju.worker.dependency "lxd-container-provisioner" manifold worker returned unexpected error: container types not yet available
unit-postgresql-1: 02:29:09 ERROR juju.worker.meterstatus error running "meter-status-changed": charm missing from disk
machine-3: 02:29:10 ERROR juju.worker.dependency "lxd-container-provisioner" manifold worker returned unexpected error: container types not yet available
machine-3: 02:29:10 ERROR juju.worker.dependency "kvm-container-provisioner" manifold worker returned unexpected error: container types not yet available
unit-postgresql-0: 02:29:10 ERROR juju.worker.meterstatus error running "meter-status-changed": charm missing from disk
unit-data-integrator-0: 02:29:11 ERROR juju.worker.meterstatus error running "meter-status-changed": charm missing from disk
unit-postgresql-2: 02:29:11 ERROR juju.worker.meterstatus error running "meter-status-changed": charm missing from disk
machine-4: 02:29:48 ERROR juju.worker.dependency "lxd-container-provisioner" manifold worker returned unexpected error: container types not yet available
machine-4: 02:29:48 ERROR juju.worker.dependency "kvm-container-provisioner" manifold worker returned unexpected error: container types not yet available
unit-postgresql-test-app-0: 02:29:49 ERROR juju.worker.meterstatus error running "meter-status-changed": charm missing from disk
unit-postgresql-2: 02:31:30 ERROR unit.postgresql/2.juju-log database:4: Uncaught exception while in charm code:
Traceback (most recent call last):
  File "/var/lib/juju/agents/unit-postgresql-2/charm/venv/ops/model.py", line 3180, in _run
    result = subprocess.run(args, **kwargs)  # type: ignore
  File "/usr/lib/python3.10/subprocess.py", line 526, in run
    raise CalledProcessError(retcode, process.args,
subprocess.CalledProcessError: Command '('/var/lib/juju/tools/unit-postgresql-2/secret-get', '--label', 'database-peers.postgresql.app', '--format=json')' returned non-zero exit status 1.

The above exception was the direct cause of the following exception:

Traceback (most recent call last):
  File "/var/lib/juju/agents/unit-postgresql-2/charm/./src/charm.py", line 1849, in <module>
    main(PostgresqlOperatorCharm)
  File "/var/lib/juju/agents/unit-postgresql-2/charm/venv/ops/main.py", line 548, in main
    manager.run()
  File "/var/lib/juju/agents/unit-postgresql-2/charm/venv/ops/main.py", line 527, in run
    self._emit()
  File "/var/lib/juju/agents/unit-postgresql-2/charm/venv/ops/main.py", line 513, in _emit
    self.framework.reemit()
  File "/var/lib/juju/agents/unit-postgresql-2/charm/venv/ops/framework.py", line 870, in reemit
    self._reemit()
  File "/var/lib/juju/agents/unit-postgresql-2/charm/venv/ops/framework.py", line 950, in _reemit
    custom_handler(event)
  File "/var/lib/juju/agents/unit-postgresql-2/charm/lib/charms/tempo_k8s/v1/charm_tracing.py", line 647, in wrapped_function
    return callable(*args, **kwargs)  # type: ignore
  File "/var/lib/juju/agents/unit-postgresql-2/charm/./src/charm.py", line 1066, in _on_start
    postgres_password = self._get_password()
  File "/var/lib/juju/agents/unit-postgresql-2/charm/lib/charms/tempo_k8s/v1/charm_tracing.py", line 647, in wrapped_function
    return callable(*args, **kwargs)  # type: ignore
  File "/var/lib/juju/agents/unit-postgresql-2/charm/./src/charm.py", line 1453, in _get_password
    return self.get_secret(APP_SCOPE, USER_PASSWORD_KEY)
  File "/var/lib/juju/agents/unit-postgresql-2/charm/lib/charms/tempo_k8s/v1/charm_tracing.py", line 647, in wrapped_function
    return callable(*args, **kwargs)  # type: ignore
  File "/var/lib/juju/agents/unit-postgresql-2/charm/./src/charm.py", line 297, in get_secret
    if result := self.peer_relation_data(scope).fetch_my_relation_field(peers.id, key):
  File "/var/lib/juju/agents/unit-postgresql-2/charm/lib/charms/data_platform_libs/v0/data_interfaces.py", line 1260, in fetch_my_relation_field
    if relation_data := self.fetch_my_relation_data([relation_id], [field], relation_name):
  File "/var/lib/juju/agents/unit-postgresql-2/charm/lib/charms/data_platform_libs/v0/data_interfaces.py", line 1249, in fetch_my_relation_data
    data[relation.id] = self._fetch_my_specific_relation_data(relation, fields)
  File "/var/lib/juju/agents/unit-postgresql-2/charm/lib/charms/data_platform_libs/v0/data_interfaces.py", line 534, in wrapper
    return f(self, *args, **kwargs)
  File "/var/lib/juju/agents/unit-postgresql-2/charm/lib/charms/data_platform_libs/v0/data_interfaces.py", line 2083, in _fetch_my_specific_relation_data
    self.component, self.secret_fields, relation, fields
  File "/var/lib/juju/agents/unit-postgresql-2/charm/lib/charms/data_platform_libs/v0/data_interfaces.py", line 1817, in secret_fields
    self.static_secret_fields if self.static_secret_fields else self.current_secret_fields
  File "/var/lib/juju/agents/unit-postgresql-2/charm/lib/charms/data_platform_libs/v0/data_interfaces.py", line 1836, in current_secret_fields
    if content := self._get_group_secret_contents(relation, group):
  File "/var/lib/juju/agents/unit-postgresql-2/charm/lib/charms/data_platform_libs/v0/data_interfaces.py", line 2070, in _get_group_secret_contents
    result = super()._get_group_secret_contents(relation, group, secret_fields)
  File "/var/lib/juju/agents/unit-postgresql-2/charm/lib/charms/data_platform_libs/v0/data_interfaces.py", line 1000, in _get_group_secret_contents
    if (secret := self._get_relation_secret(relation.id, group)) and (
  File "/var/lib/juju/agents/unit-postgresql-2/charm/lib/charms/data_platform_libs/v0/data_interfaces.py", line 506, in wrapper
    return f(self, *args, **kwargs)
  File "/var/lib/juju/agents/unit-postgresql-2/charm/lib/charms/data_platform_libs/v0/data_interfaces.py", line 2059, in _get_relation_secret
    return self.secrets.get(label, secret_uri, legacy_labels=self._previous_labels())
  File "/var/lib/juju/agents/unit-postgresql-2/charm/lib/charms/data_platform_libs/v0/data_interfaces.py", line 706, in get
    if secret.meta:
  File "/var/lib/juju/agents/unit-postgresql-2/charm/lib/charms/data_platform_libs/v0/data_interfaces.py", line 605, in meta
    self._secret_meta = self._model.get_secret(label=label)
  File "/var/lib/juju/agents/unit-postgresql-2/charm/venv/ops/model.py", line 291, in get_secret
    content = self._backend.secret_get(id=id, label=label)
  File "/var/lib/juju/agents/unit-postgresql-2/charm/venv/ops/model.py", line 3545, in secret_get
    result = self._run('secret-get', *args, return_output=True, use_json=True)
  File "/var/lib/juju/agents/unit-postgresql-2/charm/venv/ops/model.py", line 3182, in _run
    raise ModelError(e.stderr) from e
ops.model.ModelError: ERROR permission denied

unit-postgresql-2: 02:31:30 ERROR juju.worker.uniter.operation hook "database-relation-changed" (via hook dispatching script: dispatch) failed: exit status 1

[32mINFO    [0m pytest_operator.plugin:plugin.py:947 Forgetting model main...